[2025-11-04 11:06:57.969698] [p-29560] [t-6908] [info] launcher logger is initialized
[2025-11-04 11:06:57.969943] [p-29560] [t-6908] [info] Launcher object is constructing
[2025-11-04 11:06:57.970532] [p-29560] [t-6908] [info] PT Run settings are empty
[2025-11-04 11:06:57.970822] [p-29560] [t-6908] [info] PT Run is going to use default shortcut
[2025-11-04 11:07:09.820343] [p-29560] [t-6908] [info] Microsoft_Launcher::enable() begin
[2025-11-04 11:07:09.820480] [p-29560] [t-6908] [trace] Signaled exitEvent
[2025-11-04 11:07:09.820587] [p-29560] [t-6908] [trace] Starting PowerToys Run from not elevated process
[2025-11-04 11:07:09.943864] [p-29560] [t-6908] [trace] Started PowerToys Run
[2025-11-04 11:07:09.943968] [p-29560] [t-6908] [info] Microsoft_Launcher::enable() end
[2025-11-04 11:07:09.964925] [p-29560] [t-984] [info] Send settings telemetry
[2025-11-04 11:18:15.911278] [p-9284] [t-12000] [info] launcher logger is initialized
[2025-11-04 11:18:15.911570] [p-9284] [t-12000] [info] Launcher object is constructing
[2025-11-04 11:18:30.731897] [p-9284] [t-12000] [info] Microsoft_Launcher::enable() begin
[2025-11-04 11:18:30.742953] [p-9284] [t-12000] [trace] Signaled exitEvent
[2025-11-04 11:18:30.743180] [p-9284] [t-12000] [trace] Starting PowerToys Run from not elevated process
[2025-11-04 11:18:30.938334] [p-9284] [t-12000] [trace] Started PowerToys Run
[2025-11-04 11:18:30.938453] [p-9284] [t-12000] [info] Microsoft_Launcher::enable() end
[2025-11-04 12:00:55.145979] [p-18920] [t-18924] [info] launcher logger is initialized
[2025-11-04 12:00:55.146977] [p-18920] [t-18924] [info] Launcher object is constructing
[2025-11-04 12:01:05.191202] [p-18920] [t-18924] [info] Microsoft_Launcher::enable() begin
[2025-11-04 12:01:05.191326] [p-18920] [t-18924] [trace] Signaled exitEvent
[2025-11-04 12:01:05.191433] [p-18920] [t-18924] [trace] Starting PowerToys Run from not elevated process
[2025-11-04 12:01:05.515639] [p-18920] [t-18924] [trace] Started PowerToys Run
[2025-11-04 12:01:05.515843] [p-18920] [t-18924] [info] Microsoft_Launcher::enable() end
[2025-11-04 13:43:08.960361] [p-15608] [t-15612] [info] launcher logger is initialized
[2025-11-04 13:43:08.961115] [p-15608] [t-15612] [info] Launcher object is constructing
[2025-11-04 13:43:19.274069] [p-15608] [t-15612] [info] Microsoft_Launcher::enable() begin
[2025-11-04 13:43:19.274231] [p-15608] [t-15612] [trace] Signaled exitEvent
[2025-11-04 13:43:19.274348] [p-15608] [t-15612] [trace] Starting PowerToys Run from not elevated process
[2025-11-04 13:43:19.573617] [p-15608] [t-15612] [trace] Started PowerToys Run
[2025-11-04 13:43:19.573787] [p-15608] [t-15612] [info] Microsoft_Launcher::enable() end
