[2025-11-04 11:06:58.394390] [p-29560] [t-6908] [info] FileLocksmith logger is initialized
[2025-11-04 11:06:58.418360] [p-29560] [t-6908] [info] Runtime registration completed for CLSID {84D68575-E186-46AD-B0CB-BAEB45EE29C0}
[2025-11-04 11:06:58.418539] [p-29560] [t-6908] [info] File Locksmith context menu registered
[2025-11-04 11:07:00.759541] [p-29560] [t-6908] [info] File Locksmith enabled
[2025-11-04 11:07:04.239136] [p-29560] [t-6908] [info] Register C:\Users\hkaku\AppData\Local\PowerToys\WinUI3Apps\FileLocksmithContextMenuPackage.msix package completed.
[2025-11-04 11:07:04.240118] [p-29560] [t-6908] [info] File Locksmith context menu registered
[2025-11-04 11:18:16.608597] [p-9284] [t-12000] [info] FileLocksmith logger is initialized
[2025-11-04 11:18:16.614564] [p-9284] [t-12000] [info] File Locksmith context menu registered
[2025-11-04 11:18:22.406577] [p-9284] [t-12000] [info] File Locksmith enabled
[2025-11-04 11:18:26.393399] [p-9284] [t-12000] [info] Register C:\Users\hkaku\AppData\Local\PowerToys\WinUI3Apps\FileLocksmithContextMenuPackage.msix package completed.
[2025-11-04 11:18:26.394341] [p-9284] [t-12000] [info] File Locksmith context menu registered
[2025-11-04 12:00:55.743620] [p-18920] [t-18924] [info] FileLocksmith logger is initialized
[2025-11-04 12:00:55.750660] [p-18920] [t-18924] [info] File Locksmith context menu registered
[2025-11-04 12:00:57.103176] [p-18920] [t-18924] [info] File Locksmith enabled
[2025-11-04 12:00:59.695883] [p-18920] [t-18924] [info] Register C:\Users\hkaku\AppData\Local\PowerToys\WinUI3Apps\FileLocksmithContextMenuPackage.msix package completed.
[2025-11-04 12:00:59.696872] [p-18920] [t-18924] [info] File Locksmith context menu registered
[2025-11-04 13:43:09.726292] [p-15608] [t-15612] [info] FileLocksmith logger is initialized
[2025-11-04 13:43:09.758750] [p-15608] [t-15612] [info] File Locksmith context menu registered
[2025-11-04 13:43:11.731742] [p-15608] [t-15612] [info] File Locksmith enabled
[2025-11-04 13:43:14.564120] [p-15608] [t-15612] [info] Register C:\Users\hkaku\AppData\Local\PowerToys\WinUI3Apps\FileLocksmithContextMenuPackage.msix package completed.
[2025-11-04 13:43:14.565437] [p-15608] [t-15612] [info] File Locksmith context menu registered
