[08:55:14.1653003] [Info] TrayHelper.cs::RunOnMainThread::356
    Thread execution is on: 6
[08:55:14.1815143] [Info] TrayHelper.cs::InitializeTray::147
    Created HWND for the window: 66194
[08:55:14.1965109] [Info] TrayHelper.cs::SetShellIcon::226
    Could not set the shell icon. Action: Add, error code: -2147467259. HIcon handle is 66191 and HWnd is 66194. Invoked by InitializeTray.
[08:55:14.3115931] [Info] TrayHelper.cs::SetShellIcon::226
    Could not set the shell icon. Action: Add, error code: -2147467259. HIcon handle is 66191 and HWnd is 66194. Invoked by InitializeTray.
[08:55:14.4197184] [Info] TrayHelper.cs::SetShellIcon::226
    Could not set the shell icon. Action: Add, error code: -2147467259. HIcon handle is 66191 and HWnd is 66194. Invoked by InitializeTray.
[08:55:14.4200052] [Error] TrayHelper.cs::SetShellIcon::230
    Failed to change tray icon after 3 attempts. Action: Add and error code: -2147467259. Invoked by InitializeTray.
[08:55:14.4233727] [Info] TrayHelper.cs::RunOnMainThread::356
    Thread execution is on: 6
[08:55:14.4443388] [Info] Program.cs::Main::93
    Launching Awake...
[08:55:14.4741970] [Info] Program.cs::Main::94
    0.95.1.0
[08:55:14.4744287] [Info] Program.cs::Main::95
    Build: TILLSON_11272024
[08:55:14.4751110] [Info] Program.cs::Main::96
    OS: Microsoft Windows NT 10.0.26100.0
[08:55:14.4871476] [Info] Program.cs::Main::97
    OS Build: Windows 10 Enterprise 24H2 26100.1.amd64fre.ge_release.240331-1435
[08:55:15.0503531] [Info] Program.cs::Main::108
    {"PowerButtonPresent":true,"SleepButtonPresent":true,"LidPresent":true,"SystemS1":false,"SystemS2":false,"SystemS3":false,"SystemS4":true,"SystemS5":true,"HiberFilePresent":true,"FullWake":true,"VideoDimPresent":true,"ApmPresent":false,"UpsPresent":false,"ThermalControl":false,"ProcessorThrottle":false,"ProcessorMinThrottle":0,"ProcessorThrottleScale":0,"Spare2":"AAEBAQ==","ProcessorMaxThrottle":0,"FastSystemS4":true,"Hiberboot":true,"WakeAlarmPresent":false,"AoAc":false,"DiskSpinDown":false,"Spare3":"AAAAAQAAAAA=","HiberFileType":0,"AoAcConnectivitySupported":false,"SystemBatteriesPresent":false,"BatteriesAreShortTerm":false,"BatteryScale":[{"Granularity":0,"Capacity":0},{"Granularity":0,"Capacity":0},{"Granularity":0,"Capacity":0}],"AcOnLineWake":"PowerSystemHibernate","SoftLidWake":"PowerSystemUnspecified","RtcWake":"PowerSystemUnspecified","MinDeviceWakeState":"PowerSystemUnspecified","DefaultLowLatencyWake":"PowerSystemUnspecified"}
[08:55:15.0506421] [Info] Program.cs::Main::110
    Parsing parameters...
[08:55:15.4042283] [Info] Program.cs::HandleCommandLineArguments::271
    Starting with PID binding.
[08:55:15.4045472] [Info] Program.cs::HandleCommandLineArguments::275
    The value for --use-pt-config is: True
[08:55:15.4046397] [Info] Program.cs::HandleCommandLineArguments::276
    The value for --display-on is: True
[08:55:15.4047143] [Info] Program.cs::HandleCommandLineArguments::277
    The value for --time-limit is: 0
[08:55:15.4047883] [Info] Program.cs::HandleCommandLineArguments::278
    The value for --pid is: 9444
[08:55:15.4048830] [Info] Program.cs::HandleCommandLineArguments::279
    The value for --expire-at is: 
[08:55:15.4049576] [Info] Program.cs::HandleCommandLineArguments::280
    The value for --use-parent-pid is: False
[08:55:15.4355529] [Info] Program.cs::HandleCommandLineArguments::303
    Reading configuration file: C:\Users\hkaku\AppData\Local\Microsoft\PowerToys\Awake\settings.json
[08:55:17.1121655] [Info] TrayHelper.cs::WndProc::338
    Taskbar re-created
[08:55:17.2590101] [Info] Program.cs::ProcessSettings::507
    Identified custom time shortcuts for the tray: 0
[08:55:17.2597332] [Info] Manager.cs::SetPassiveKeepAwake::468
    Operating in passive mode (computer's standard power plan). Invoked by ProcessSettings. No custom keep awake settings enabled.
[08:55:17.2632695] [Info] Manager.cs::CancelExistingThread::128
    Ensuring the thread is properly cleaned up...
[08:55:17.2663194] [Info] Manager.cs::CancelExistingThread::145
    New token source and thread token instantiated.
[08:55:17.2734098] [Info] Manager.cs::StartMonitor::75
    [08:55:17.2686929] [Info] Manager.cs::SetPassiveKeepAwake::496
    Passive keep-awake starting...
Setting state to ES_CONTINUOUS
[08:55:17.3141238] [Info] Program.cs::HandleCommandLineArguments::323
    Bound to target process while also using PowerToys settings: 9444
