[08:37:18.4383033] [Info] TrayHelper.cs::RunOnMainThread::356
    Thread execution is on: 6
[08:37:18.4499466] [Info] TrayHelper.cs::InitializeTray::147
    Created HWND for the window: 66116
[08:37:18.4557651] [Info] TrayHelper.cs::SetShellIcon::226
    Could not set the shell icon. Action: Add, error code: -2147467259. HIcon handle is 66093 and HWnd is 66116. Invoked by InitializeTray.
[08:37:18.5677932] [Info] TrayHelper.cs::SetShellIcon::226
    Could not set the shell icon. Action: Add, error code: -2147467259. HIcon handle is 66093 and HWnd is 66116. Invoked by InitializeTray.
[08:37:18.6750050] [Info] TrayHelper.cs::SetShellIcon::226
    Could not set the shell icon. Action: Add, error code: -2147467259. HIcon handle is 66093 and HWnd is 66116. Invoked by InitializeTray.
[08:37:18.6752976] [Error] TrayHelper.cs::SetShellIcon::230
    Failed to change tray icon after 3 attempts. Action: Add and error code: -2147467259. Invoked by InitializeTray.
[08:37:18.6780811] [Info] TrayHelper.cs::RunOnMainThread::356
    Thread execution is on: 6
[08:37:18.6903691] [Info] Program.cs::Main::93
    Launching Awake...
[08:37:18.6943465] [Info] Program.cs::Main::94
    0.95.1.0
[08:37:18.6945253] [Info] Program.cs::Main::95
    Build: TILLSON_11272024
[08:37:18.6950632] [Info] Program.cs::Main::96
    OS: Microsoft Windows NT 10.0.26100.0
[08:37:18.7021423] [Info] Program.cs::Main::97
    OS Build: Windows 10 Enterprise 24H2 26100.1.amd64fre.ge_release.240331-1435
[08:37:18.7943239] [Info] Program.cs::Main::108
    {"PowerButtonPresent":true,"SleepButtonPresent":true,"LidPresent":true,"SystemS1":false,"SystemS2":false,"SystemS3":false,"SystemS4":true,"SystemS5":true,"HiberFilePresent":true,"FullWake":true,"VideoDimPresent":true,"ApmPresent":false,"UpsPresent":false,"ThermalControl":false,"ProcessorThrottle":false,"ProcessorMinThrottle":0,"ProcessorThrottleScale":0,"Spare2":"AAEBAQ==","ProcessorMaxThrottle":0,"FastSystemS4":true,"Hiberboot":true,"WakeAlarmPresent":false,"AoAc":false,"DiskSpinDown":false,"Spare3":"AAAAAQAAAAA=","HiberFileType":0,"AoAcConnectivitySupported":false,"SystemBatteriesPresent":false,"BatteriesAreShortTerm":false,"BatteryScale":[{"Granularity":0,"Capacity":0},{"Granularity":0,"Capacity":0},{"Granularity":0,"Capacity":0}],"AcOnLineWake":"PowerSystemHibernate","SoftLidWake":"PowerSystemUnspecified","RtcWake":"PowerSystemUnspecified","MinDeviceWakeState":"PowerSystemUnspecified","DefaultLowLatencyWake":"PowerSystemUnspecified"}
[08:37:18.7945511] [Info] Program.cs::Main::110
    Parsing parameters...
[08:37:18.8860895] [Info] Program.cs::HandleCommandLineArguments::271
    Starting with PID binding.
[08:37:18.8863061] [Info] Program.cs::HandleCommandLineArguments::275
    The value for --use-pt-config is: True
[08:37:18.8863548] [Info] Program.cs::HandleCommandLineArguments::276
    The value for --display-on is: True
[08:37:18.8864090] [Info] Program.cs::HandleCommandLineArguments::277
    The value for --time-limit is: 0
[08:37:18.8864563] [Info] Program.cs::HandleCommandLineArguments::278
    The value for --pid is: 13628
[08:37:18.8865137] [Info] Program.cs::HandleCommandLineArguments::279
    The value for --expire-at is: 
[08:37:18.8865631] [Info] Program.cs::HandleCommandLineArguments::280
    The value for --use-parent-pid is: False
[08:37:18.9330678] [Info] Program.cs::HandleCommandLineArguments::303
    Reading configuration file: C:\Users\hkaku\AppData\Local\Microsoft\PowerToys\Awake\settings.json
[08:37:19.2338173] [Info] Program.cs::ProcessSettings::507
    Identified custom time shortcuts for the tray: 0
[08:37:19.2342742] [Info] Manager.cs::SetPassiveKeepAwake::468
    Operating in passive mode (computer's standard power plan). Invoked by ProcessSettings. No custom keep awake settings enabled.
[08:37:19.2347492] [Info] Manager.cs::CancelExistingThread::128
    Ensuring the thread is properly cleaned up...
[08:37:19.2358192] [Info] Manager.cs::CancelExistingThread::145
    New token source and thread token instantiated.
[08:37:19.2365931] [Info] Manager.cs::SetPassiveKeepAwake::496
    Passive keep-awake starting...
[08:37:19.2372841] [Info] TrayHelper.cs::SetShellIcon::226
    Could not set the shell icon. Action: Update, error code: -2147467259. HIcon handle is 66105 and HWnd is 66116. Invoked by SetModeShellIcon.
[08:37:19.2374966] [Info] Manager.cs::StartMonitor::75
    Setting state to ES_CONTINUOUS
[08:37:19.3399744] [Info] TrayHelper.cs::SetShellIcon::226
    Could not set the shell icon. Action: Update, error code: -2147467259. HIcon handle is 66105 and HWnd is 66116. Invoked by SetModeShellIcon.
[08:37:19.4525971] [Info] TrayHelper.cs::SetShellIcon::226
    Could not set the shell icon. Action: Update, error code: -2147467259. HIcon handle is 66105 and HWnd is 66116. Invoked by SetModeShellIcon.
[08:37:19.4527705] [Error] TrayHelper.cs::SetShellIcon::230
    Failed to change tray icon after 3 attempts. Action: Update and error code: -2147467259. Invoked by SetModeShellIcon.
[08:37:19.4534552] [Info] Program.cs::HandleCommandLineArguments::323
    Bound to target process while also using PowerToys settings: 13628
[08:37:26.1009413] [Info] TrayHelper.cs::WndProc::338
    Taskbar re-created
