[2025-11-04 11:06:58.759732] [p-29560] [t-6908] [info] Workspaces logger is initialized
[2025-11-04 11:06:58.760975] [p-29560] [t-6908] [trace] Read settings Workspaces
[2025-11-04 11:06:58.762223] [p-29560] [t-6908] [info] enabled = false
[2025-11-04 11:07:09.947176] [p-29560] [t-6908] [info] Workspaces enabling
[2025-11-04 11:07:09.947237] [p-29560] [t-6908] [info] Enable
[2025-11-04 11:07:09.947387] [p-29560] [t-6908] [info] enabled = true
[2025-11-04 11:07:09.947425] [p-29560] [t-6908] [info] enabled = true
[2025-11-04 11:07:09.960044] [p-29560] [t-9816] [info] enabled = true
[2025-11-04 11:07:10.204036] [p-29560] [t-984] [info] enabled = true
[2025-11-04 11:18:17.140761] [p-9284] [t-12000] [info] Workspaces logger is initialized
[2025-11-04 11:18:17.142361] [p-9284] [t-12000] [trace] Read settings Workspaces
[2025-11-04 11:18:17.143825] [p-9284] [t-12000] [info] enabled = false
[2025-11-04 11:18:30.970739] [p-9284] [t-12000] [info] Workspaces enabling
[2025-11-04 11:18:30.970822] [p-9284] [t-12000] [info] Enable
[2025-11-04 11:18:30.971237] [p-9284] [t-12000] [info] enabled = true
[2025-11-04 11:18:30.971339] [p-9284] [t-12000] [info] enabled = true
[2025-11-04 11:27:52.922617] [p-9284] [t-23728] [info] enabled = true
[2025-11-04 11:28:22.094829] [p-9284] [t-12000] [info] enabled = true
[2025-11-04 11:28:22.522644] [p-9284] [t-12000] [info] enabled = true
[2025-11-04 11:28:22.529722] [p-9284] [t-12000] [info] enabled = true
[2025-11-04 12:00:56.081224] [p-18920] [t-18924] [info] Workspaces logger is initialized
[2025-11-04 12:00:56.083934] [p-18920] [t-18924] [trace] Read settings Workspaces
[2025-11-04 12:00:56.086561] [p-18920] [t-18924] [info] enabled = false
[2025-11-04 12:01:05.530179] [p-18920] [t-18924] [info] Workspaces enabling
[2025-11-04 12:01:05.530253] [p-18920] [t-18924] [info] Enable
[2025-11-04 12:01:05.530581] [p-18920] [t-18924] [info] enabled = true
[2025-11-04 12:01:05.530665] [p-18920] [t-18924] [info] enabled = true
[2025-11-04 13:21:29.558893] [p-18920] [t-25136] [info] enabled = true
[2025-11-04 13:43:10.201982] [p-15608] [t-15612] [info] Workspaces logger is initialized
[2025-11-04 13:43:10.204587] [p-15608] [t-15612] [trace] Read settings Workspaces
[2025-11-04 13:43:10.230352] [p-15608] [t-15612] [info] enabled = false
[2025-11-04 13:43:19.807198] [p-15608] [t-15612] [info] Workspaces enabling
[2025-11-04 13:43:19.853238] [p-15608] [t-15612] [info] Enable
[2025-11-04 13:43:19.853653] [p-15608] [t-15612] [info] enabled = true
[2025-11-04 13:43:19.853811] [p-15608] [t-15612] [info] enabled = true
[2025-11-04 15:43:10.707264] [p-15608] [t-15740] [info] enabled = true
[2025-11-04 15:51:45.091233] [p-15608] [t-11428] [info] enabled = true
[2025-11-04 17:05:19.200429] [p-15608] [t-24748] [info] enabled = true
[2025-11-04 17:41:51.389180] [p-15608] [t-28428] [info] enabled = true
