[2025-11-12 08:55:12.000685] [p-9444] [t-9516] [info] runner logger is initialized
[2025-11-12 08:55:12.000799] [p-9444] [t-9516] [info] Running powertoys with cmd args: 
[2025-11-12 08:55:12.014334] [p-9444] [t-9516] [info] Scoobe: product_version=v0.95.1 last_version_run=v0.95.1
[2025-11-12 08:55:12.023079] [p-9444] [t-9516] [info] apply_general_settings: {"startup":true,"enabled":{"AdvancedPaste":true,"AlwaysOnTop":true,"Awake":true,"CmdNotFound":false,"CmdPal":true,"ColorPicker":true,"CropAndLock":true,"EnvironmentVariables":true,"FancyZones":false,"File Explorer":true,"File Locksmith":true,"FindMyMouse":true,"Hosts":true,"Image Resizer":true,"Keyboard Manager":true,"LightSwitch":false,"Measure Tool":true,"MouseHighlighter":true,"MouseJump":false,"MousePointerCrosshairs":false,"MouseWithoutBorders":false,"NewPlus":false,"Peek":true,"PowerRename":true,"PowerToys Run":true,"QuickAccent":false,"RegistryPreview":true,"Shortcut Guide":true,"TextExtractor":false,"Workspaces":true,"ZoomIt":false},"show_tray_icon":true,"is_elevated":false,"run_elevated":false,"show_new_updates_toast_notification":true,"download_updates_automatically":false,"show_whats_new_after_updates":true,"enable_experimentation":true,"is_admin":true,"enable_warnings_elevated_apps":true,"theme":"system","system_theme":"dark","powertoys_version":"v0.95.1","ignored_conflict_properties":{"ignored_shortcuts":[]}}
[2025-11-12 08:55:12.065621] [p-9444] [t-9516] [info] Runner is starting. Elevated=false openOobe=false openScoobe=false showRestartNotificationAfterUpdate=false
[2025-11-12 08:55:12.074956] [p-9444] [t-9516] [trace] UnRegister hotkey action for FancyZones
[2025-11-12 08:55:12.098892] [p-9444] [t-9516] [trace] UnRegister hotkey action for File Explorer
[2025-11-12 08:55:12.109191] [p-9444] [t-9516] [trace] UnRegister hotkey action for Image Resizer
[2025-11-12 08:55:12.118127] [p-9444] [t-9516] [trace] UnRegister hotkey action for Keyboard Manager
[2025-11-12 08:55:12.136716] [p-9444] [t-9516] [trace] UnRegister hotkey action for PowerToys Run
[2025-11-12 08:55:12.136754] [p-9444] [t-9516] [trace] Register hotkey action for PowerToys Run
[2025-11-12 08:55:12.160321] [p-9444] [t-9516] [trace] UnRegister hotkey action for PowerRename
[2025-11-12 08:55:12.176691] [p-9444] [t-9516] [trace] UnRegister hotkey action for Shortcut Guide
[2025-11-12 08:55:12.192708] [p-9444] [t-9516] [trace] UnRegister hotkey action for ColorPicker
[2025-11-12 08:55:12.192742] [p-9444] [t-9516] [trace] Register hotkey action for ColorPicker
[2025-11-12 08:55:12.200656] [p-9444] [t-9516] [trace] UnRegister hotkey action for Awake
[2025-11-12 08:55:12.229214] [p-9444] [t-9516] [trace] UnRegister hotkey action for FindMyMouse
[2025-11-12 08:55:12.245159] [p-9444] [t-9516] [trace] UnRegister hotkey action for MouseHighlighter
[2025-11-12 08:55:12.260483] [p-9444] [t-9516] [trace] UnRegister hotkey action for MouseJump
[2025-11-12 08:55:12.260540] [p-9444] [t-9516] [trace] Register hotkey action for MouseJump
[2025-11-12 08:55:12.276389] [p-9444] [t-9516] [trace] UnRegister hotkey action for AlwaysOnTop
[2025-11-12 08:55:12.276425] [p-9444] [t-9516] [trace] Register hotkey action for AlwaysOnTop
[2025-11-12 08:55:12.293218] [p-9444] [t-9516] [trace] UnRegister hotkey action for MousePointerCrosshairs
[2025-11-12 08:55:12.293256] [p-9444] [t-9516] [trace] Register hotkey action for MousePointerCrosshairs
[2025-11-12 08:55:12.293267] [p-9444] [t-9516] [trace] Register hotkey action for MousePointerCrosshairs
[2025-11-12 08:55:12.305029] [p-9444] [t-9516] [trace] UnRegister hotkey action for QuickAccent
[2025-11-12 08:55:12.330522] [p-9444] [t-9516] [trace] UnRegister hotkey action for TextExtractor
[2025-11-12 08:55:12.330559] [p-9444] [t-9516] [trace] Register hotkey action for TextExtractor
[2025-11-12 08:55:12.349137] [p-9444] [t-9516] [trace] UnRegister hotkey action for AdvancedPaste
[2025-11-12 08:55:12.349185] [p-9444] [t-9516] [trace] Register hotkey action for AdvancedPaste
[2025-11-12 08:55:12.349196] [p-9444] [t-9516] [trace] Register hotkey action for AdvancedPaste
[2025-11-12 08:55:12.349239] [p-9444] [t-9516] [trace] Register hotkey action for AdvancedPaste
[2025-11-12 08:55:12.349251] [p-9444] [t-9516] [trace] Register hotkey action for AdvancedPaste
[2025-11-12 08:55:12.369412] [p-9444] [t-9516] [trace] UnRegister hotkey action for File Locksmith
[2025-11-12 08:55:12.379277] [p-9444] [t-9516] [trace] UnRegister hotkey action for RegistryPreview
[2025-11-12 08:55:12.397325] [p-9444] [t-9516] [trace] UnRegister hotkey action for Measure Tool
[2025-11-12 08:55:12.397365] [p-9444] [t-9516] [trace] Register hotkey action for Measure Tool
[2025-11-12 08:55:12.419460] [p-9444] [t-9516] [trace] UnRegister hotkey action for NewPlus
[2025-11-12 08:55:12.427533] [p-9444] [t-9516] [trace] UnRegister hotkey action for Hosts
[2025-11-12 08:55:12.449182] [p-9444] [t-9516] [trace] UnRegister hotkey action for Peek
[2025-11-12 08:55:12.449230] [p-9444] [t-9516] [trace] Register hotkey action for Peek
[2025-11-12 08:55:12.458689] [p-9444] [t-9516] [trace] UnRegister hotkey action for EnvironmentVariables
[2025-11-12 08:55:12.467349] [p-9444] [t-9516] [trace] UnRegister hotkey action for MouseWithoutBorders
[2025-11-12 08:55:12.467469] [p-9444] [t-9516] [trace] Register hotkey action for MouseWithoutBorders
[2025-11-12 08:55:12.467484] [p-9444] [t-9516] [trace] Register hotkey action for MouseWithoutBorders
[2025-11-12 08:55:12.467494] [p-9444] [t-9516] [trace] Register hotkey action for MouseWithoutBorders
[2025-11-12 08:55:12.467504] [p-9444] [t-9516] [trace] Register hotkey action for MouseWithoutBorders
[2025-11-12 08:55:12.486471] [p-9444] [t-9516] [trace] UnRegister hotkey action for CropAndLock
[2025-11-12 08:55:12.486511] [p-9444] [t-9516] [trace] Register hotkey action for CropAndLock
[2025-11-12 08:55:12.486521] [p-9444] [t-9516] [trace] Register hotkey action for CropAndLock
[2025-11-12 08:55:12.496590] [p-9444] [t-9516] [trace] UnRegister hotkey action for CmdNotFound
[2025-11-12 08:55:12.518726] [p-9444] [t-9516] [trace] UnRegister hotkey action for Workspaces
[2025-11-12 08:55:12.530531] [p-9444] [t-9516] [trace] UnRegister hotkey action for CmdPal
[2025-11-12 08:55:12.540809] [p-9444] [t-9516] [trace] UnRegister hotkey action for ZoomIt
[2025-11-12 08:55:12.563986] [p-9444] [t-9516] [trace] UnRegister hotkey action for LightSwitch
[2025-11-12 08:55:12.564039] [p-9444] [t-9516] [trace] Register hotkey action for LightSwitch
[2025-11-12 08:55:12.566376] [p-9444] [t-9516] [info] start_enabled_powertoys: Powertoy QuickAccent explicitly disabled
[2025-11-12 08:55:12.566420] [p-9444] [t-9516] [info] start_enabled_powertoys: Powertoy MousePointerCrosshairs explicitly disabled
[2025-11-12 08:55:12.566443] [p-9444] [t-9516] [info] start_enabled_powertoys: Powertoy LightSwitch explicitly disabled
[2025-11-12 08:55:12.566464] [p-9444] [t-9516] [info] start_enabled_powertoys: Powertoy ZoomIt explicitly disabled
[2025-11-12 08:55:12.566486] [p-9444] [t-9516] [info] start_enabled_powertoys: Powertoy NewPlus explicitly disabled
[2025-11-12 08:55:12.566506] [p-9444] [t-9516] [info] start_enabled_powertoys: Powertoy FancyZones explicitly disabled
[2025-11-12 08:55:12.566532] [p-9444] [t-9516] [info] start_enabled_powertoys: Overriding default enabled value for Keyboard Manager powertoy
[2025-11-12 08:55:12.566552] [p-9444] [t-9516] [info] start_enabled_powertoys: Powertoy TextExtractor explicitly disabled
[2025-11-12 08:55:12.566574] [p-9444] [t-9516] [info] start_enabled_powertoys: Powertoy MouseWithoutBorders explicitly disabled
[2025-11-12 08:55:12.566595] [p-9444] [t-9516] [info] start_enabled_powertoys: Powertoy CmdNotFound explicitly disabled
[2025-11-12 08:55:12.566616] [p-9444] [t-9516] [info] start_enabled_powertoys: Powertoy MouseJump explicitly disabled
[2025-11-12 08:55:12.566639] [p-9444] [t-9516] [info] start_enabled_powertoys: Enabling powertoy AdvancedPaste
[2025-11-12 08:55:12.566926] [p-9444] [t-9516] [info] start_enabled_powertoys: Enabling powertoy AlwaysOnTop
[2025-11-12 08:55:12.965861] [p-9444] [t-9516] [info] start_enabled_powertoys: Enabling powertoy Awake
[2025-11-12 08:55:12.980097] [p-9444] [t-9516] [info] start_enabled_powertoys: Enabling powertoy CmdPal
[2025-11-12 08:55:13.002383] [p-9444] [t-9516] [info] start_enabled_powertoys: Enabling powertoy ColorPicker
[2025-11-12 08:55:13.036193] [p-9444] [t-9516] [info] start_enabled_powertoys: Enabling powertoy CropAndLock
[2025-11-12 08:55:13.106889] [p-9444] [t-9516] [info] start_enabled_powertoys: Enabling powertoy EnvironmentVariables
[2025-11-12 08:55:13.107244] [p-9444] [t-9516] [info] start_enabled_powertoys: Enabling powertoy File Explorer
[2025-11-12 08:55:13.107407] [p-9444] [t-9516] [info] start_enabled_powertoys: Enabling powertoy File Locksmith
[2025-11-12 08:55:14.960750] [p-9444] [t-9516] [info] start_enabled_powertoys: Enabling powertoy FindMyMouse
[2025-11-12 08:55:14.961593] [p-9444] [t-9516] [info] start_enabled_powertoys: Enabling powertoy Hosts
[2025-11-12 08:55:14.962131] [p-9444] [t-9516] [info] start_enabled_powertoys: Enabling powertoy Image Resizer
[2025-11-12 08:55:16.656140] [p-9444] [t-9516] [info] start_enabled_powertoys: Enabling powertoy Keyboard Manager
[2025-11-12 08:55:16.871521] [p-9444] [t-9516] [info] start_enabled_powertoys: Enabling powertoy Measure Tool
[2025-11-12 08:55:16.871811] [p-9444] [t-9516] [info] start_enabled_powertoys: Enabling powertoy MouseHighlighter
[2025-11-12 08:55:16.872352] [p-9444] [t-9516] [trace] shift+win+H shortcut registered
[2025-11-12 08:55:16.872435] [p-9444] [t-9516] [info] start_enabled_powertoys: Enabling powertoy Peek
[2025-11-12 08:55:17.311576] [p-9444] [t-9516] [info] start_enabled_powertoys: Enabling powertoy PowerRename
[2025-11-12 08:55:18.231409] [p-9444] [t-9516] [info] start_enabled_powertoys: Enabling powertoy PowerToys Run
[2025-11-12 08:55:18.319260] [p-9444] [t-9516] [info] start_enabled_powertoys: Enabling powertoy RegistryPreview
[2025-11-12 08:55:18.364859] [p-9444] [t-9516] [info] start_enabled_powertoys: Enabling powertoy Shortcut Guide
[2025-11-12 08:55:18.365845] [p-9444] [t-9516] [trace] shift+win+/ shortcut registered
[2025-11-12 08:55:18.365917] [p-9444] [t-9516] [info] start_enabled_powertoys: Enabling powertoy Workspaces
[2025-11-12 08:55:18.369436] [p-9444] [t-9516] [trace] ctrl+win+@ shortcut registered
[2025-11-12 08:57:12.473850] [p-9444] [t-7464] [trace] Version is up to date
[2025-11-12 09:00:27.872703] [p-8988] [t-16620] [info] runner logger is initialized
[2025-11-12 09:00:27.872780] [p-8988] [t-16620] [info] Running powertoys with cmd args: 
[2025-11-12 09:03:07.403245] [p-9444] [t-9516] [trace] Peek hotkey is invoked from Centralized keyboard hook
[2025-11-12 09:14:53.069995] [p-9444] [t-9516] [trace] Peek hotkey is invoked from Centralized keyboard hook
[2025-11-12 09:15:10.474419] [p-9444] [t-9516] [trace] Peek hotkey is invoked from Centralized keyboard hook
[2025-11-12 09:15:20.837359] [p-9444] [t-9516] [trace] Peek hotkey is invoked from Centralized keyboard hook
[2025-11-12 09:15:21.111728] [p-9444] [t-9516] [trace] Peek hotkey is invoked from Centralized keyboard hook
[2025-11-12 09:15:21.308714] [p-9444] [t-9516] [trace] Peek hotkey is invoked from Centralized keyboard hook
[2025-11-12 09:15:22.727126] [p-9444] [t-9516] [trace] Peek hotkey is invoked from Centralized keyboard hook
[2025-11-12 09:15:28.517606] [p-9444] [t-9516] [trace] Peek hotkey is invoked from Centralized keyboard hook
[2025-11-12 09:15:29.685456] [p-9444] [t-9516] [trace] Peek hotkey is invoked from Centralized keyboard hook
[2025-11-12 09:15:32.016958] [p-9444] [t-9516] [trace] Peek hotkey is invoked from Centralized keyboard hook
[2025-11-12 09:29:07.837473] [p-9444] [t-9516] [trace] Peek hotkey is invoked from Centralized keyboard hook
