[2025-11-07 13:00:50.613244] [p-13628] [t-13632] [trace] Peek hotkey is invoked from Centralized keyboard hook
[2025-11-07 13:00:51.851355] [p-13628] [t-13632] [trace] Peek hotkey is invoked from Centralized keyboard hook
[2025-11-07 13:00:54.158361] [p-13628] [t-13632] [trace] Peek hotkey is invoked from Centralized keyboard hook
[2025-11-07 13:00:55.165198] [p-13628] [t-13632] [trace] Peek hotkey is invoked from Centralized keyboard hook
[2025-11-07 13:06:59.294639] [p-13628] [t-13632] [trace] Peek hotkey is invoked from Centralized keyboard hook
[2025-11-07 13:07:01.368572] [p-13628] [t-13632] [trace] Peek hotkey is invoked from Centralized keyboard hook
[2025-11-07 13:07:02.342008] [p-13628] [t-13632] [trace] Peek hotkey is invoked from Centralized keyboard hook
[2025-11-07 13:07:03.906293] [p-13628] [t-13632] [trace] Peek hotkey is invoked from Centralized keyboard hook
[2025-11-07 13:14:36.757624] [p-13628] [t-13632] [trace] Peek hotkey is invoked from Centralized keyboard hook
[2025-11-07 13:14:38.549988] [p-13628] [t-13632] [trace] Peek hotkey is invoked from Centralized keyboard hook
[2025-11-07 13:14:42.783301] [p-13628] [t-13632] [trace] Peek hotkey is invoked from Centralized keyboard hook
[2025-11-07 13:14:47.445145] [p-13628] [t-13632] [trace] Peek hotkey is invoked from Centralized keyboard hook
[2025-11-07 13:14:48.364061] [p-13628] [t-13632] [trace] Peek hotkey is invoked from Centralized keyboard hook
[2025-11-07 13:14:48.881316] [p-13628] [t-13632] [trace] Peek hotkey is invoked from Centralized keyboard hook
[2025-11-07 13:14:49.065658] [p-13628] [t-13632] [trace] Peek hotkey is invoked from Centralized keyboard hook
[2025-11-07 13:14:50.045407] [p-13628] [t-13632] [trace] Peek hotkey is invoked from Centralized keyboard hook
[2025-11-07 13:17:51.386687] [p-13628] [t-13632] [trace] Peek hotkey is invoked from Centralized keyboard hook
[2025-11-07 13:19:46.067546] [p-13628] [t-13632] [trace] Peek hotkey is invoked from Centralized keyboard hook
[2025-11-07 13:19:47.261371] [p-13628] [t-13632] [trace] Peek hotkey is invoked from Centralized keyboard hook
[2025-11-07 13:19:47.764597] [p-13628] [t-13632] [trace] Peek hotkey is invoked from Centralized keyboard hook
[2025-11-07 13:19:48.175116] [p-13628] [t-13632] [trace] Peek hotkey is invoked from Centralized keyboard hook
[2025-11-07 13:19:50.050769] [p-13628] [t-13632] [trace] Peek hotkey is invoked from Centralized keyboard hook
[2025-11-07 13:19:54.589888] [p-13628] [t-13632] [trace] Peek hotkey is invoked from Centralized keyboard hook
[2025-11-07 13:19:55.196524] [p-13628] [t-13632] [trace] Peek hotkey is invoked from Centralized keyboard hook
[2025-11-07 13:19:58.505943] [p-13628] [t-13632] [trace] Peek hotkey is invoked from Centralized keyboard hook
[2025-11-07 13:20:00.395685] [p-13628] [t-13632] [trace] Peek hotkey is invoked from Centralized keyboard hook
[2025-11-07 13:20:01.461452] [p-13628] [t-13632] [trace] Peek hotkey is invoked from Centralized keyboard hook
[2025-11-07 13:20:02.832638] [p-13628] [t-13632] [trace] Peek hotkey is invoked from Centralized keyboard hook
[2025-11-07 13:20:03.053998] [p-13628] [t-13632] [trace] Peek hotkey is invoked from Centralized keyboard hook
[2025-11-07 13:20:05.011267] [p-13628] [t-13632] [trace] Peek hotkey is invoked from Centralized keyboard hook
[2025-11-07 13:20:14.567794] [p-13628] [t-13632] [trace] Peek hotkey is invoked from Centralized keyboard hook
[2025-11-07 13:20:15.109308] [p-13628] [t-13632] [trace] Peek hotkey is invoked from Centralized keyboard hook
[2025-11-07 13:20:16.780385] [p-13628] [t-13632] [trace] Peek hotkey is invoked from Centralized keyboard hook
[2025-11-07 13:20:17.421385] [p-13628] [t-13632] [trace] Peek hotkey is invoked from Centralized keyboard hook
[2025-11-07 13:20:18.026145] [p-13628] [t-13632] [trace] Peek hotkey is invoked from Centralized keyboard hook
[2025-11-07 13:20:22.477496] [p-13628] [t-13632] [trace] Peek hotkey is invoked from Centralized keyboard hook
[2025-11-07 13:20:23.482440] [p-13628] [t-13632] [trace] Peek hotkey is invoked from Centralized keyboard hook
[2025-11-07 13:20:24.493600] [p-13628] [t-13632] [trace] Peek hotkey is invoked from Centralized keyboard hook
[2025-11-07 13:20:25.897605] [p-13628] [t-13632] [trace] Peek hotkey is invoked from Centralized keyboard hook
[2025-11-07 13:20:26.991414] [p-13628] [t-13632] [trace] Peek hotkey is invoked from Centralized keyboard hook
[2025-11-07 13:20:28.166235] [p-13628] [t-13632] [trace] Peek hotkey is invoked from Centralized keyboard hook
[2025-11-07 13:20:28.913668] [p-13628] [t-13632] [trace] Peek hotkey is invoked from Centralized keyboard hook
[2025-11-07 13:21:05.091812] [p-13628] [t-13632] [trace] Peek hotkey is invoked from Centralized keyboard hook
[2025-11-07 13:21:05.349350] [p-13628] [t-13632] [trace] Peek hotkey is invoked from Centralized keyboard hook
[2025-11-07 13:21:06.360826] [p-13628] [t-13632] [trace] Peek hotkey is invoked from Centralized keyboard hook
[2025-11-07 13:21:06.929281] [p-13628] [t-13632] [trace] Peek hotkey is invoked from Centralized keyboard hook
[2025-11-07 13:21:10.877845] [p-13628] [t-13632] [trace] Peek hotkey is invoked from Centralized keyboard hook
[2025-11-07 13:21:11.959544] [p-13628] [t-13632] [trace] Peek hotkey is invoked from Centralized keyboard hook
[2025-11-07 13:21:12.859863] [p-13628] [t-13632] [trace] Peek hotkey is invoked from Centralized keyboard hook
[2025-11-07 13:21:13.479451] [p-13628] [t-13632] [trace] Peek hotkey is invoked from Centralized keyboard hook
[2025-11-07 13:21:13.654616] [p-13628] [t-13632] [trace] Peek hotkey is invoked from Centralized keyboard hook
[2025-11-07 13:21:18.391155] [p-13628] [t-13632] [trace] Peek hotkey is invoked from Centralized keyboard hook
[2025-11-07 13:21:18.996574] [p-13628] [t-13632] [trace] Peek hotkey is invoked from Centralized keyboard hook
[2025-11-07 13:21:19.824406] [p-13628] [t-13632] [trace] Peek hotkey is invoked from Centralized keyboard hook
[2025-11-07 13:21:22.483875] [p-13628] [t-13632] [trace] Peek hotkey is invoked from Centralized keyboard hook
[2025-11-07 13:21:22.700041] [p-13628] [t-13632] [trace] Peek hotkey is invoked from Centralized keyboard hook
[2025-11-07 13:21:23.955113] [p-13628] [t-13632] [trace] Peek hotkey is invoked from Centralized keyboard hook
[2025-11-07 13:21:25.603596] [p-13628] [t-13632] [trace] Peek hotkey is invoked from Centralized keyboard hook
[2025-11-07 13:21:26.613606] [p-13628] [t-13632] [trace] Peek hotkey is invoked from Centralized keyboard hook
[2025-11-07 13:21:28.232577] [p-13628] [t-13632] [trace] Peek hotkey is invoked from Centralized keyboard hook
[2025-11-07 13:21:29.988236] [p-13628] [t-13632] [trace] Peek hotkey is invoked from Centralized keyboard hook
[2025-11-07 13:21:32.662164] [p-13628] [t-13632] [trace] Peek hotkey is invoked from Centralized keyboard hook
[2025-11-07 13:21:50.521759] [p-13628] [t-13632] [trace] Peek hotkey is invoked from Centralized keyboard hook
[2025-11-07 13:22:37.412954] [p-13628] [t-13632] [trace] Peek hotkey is invoked from Centralized keyboard hook
[2025-11-07 13:22:38.504958] [p-13628] [t-13632] [trace] Peek hotkey is invoked from Centralized keyboard hook
[2025-11-07 13:22:40.999955] [p-13628] [t-13632] [trace] Peek hotkey is invoked from Centralized keyboard hook
[2025-11-07 13:22:42.635688] [p-13628] [t-13632] [trace] Peek hotkey is invoked from Centralized keyboard hook
[2025-11-07 13:22:43.280984] [p-13628] [t-13632] [trace] Peek hotkey is invoked from Centralized keyboard hook
[2025-11-07 13:23:15.540439] [p-13628] [t-13632] [trace] Peek hotkey is invoked from Centralized keyboard hook
[2025-11-07 13:23:25.546538] [p-13628] [t-13632] [trace] Peek hotkey is invoked from Centralized keyboard hook
[2025-11-07 13:23:26.300129] [p-13628] [t-13632] [trace] Peek hotkey is invoked from Centralized keyboard hook
[2025-11-07 13:23:27.592061] [p-13628] [t-13632] [trace] Peek hotkey is invoked from Centralized keyboard hook
[2025-11-07 13:23:28.370973] [p-13628] [t-13632] [trace] Peek hotkey is invoked from Centralized keyboard hook
[2025-11-07 13:23:30.122940] [p-13628] [t-13632] [trace] Peek hotkey is invoked from Centralized keyboard hook
[2025-11-07 13:23:31.011355] [p-13628] [t-13632] [trace] Peek hotkey is invoked from Centralized keyboard hook
[2025-11-07 13:23:31.761605] [p-13628] [t-13632] [trace] Peek hotkey is invoked from Centralized keyboard hook
[2025-11-07 13:31:32.398933] [p-13628] [t-13632] [trace] Peek hotkey is invoked from Centralized keyboard hook
[2025-11-07 13:31:33.267017] [p-13628] [t-13632] [trace] Peek hotkey is invoked from Centralized keyboard hook
[2025-11-07 13:31:37.365234] [p-13628] [t-13632] [trace] Peek hotkey is invoked from Centralized keyboard hook
[2025-11-07 13:31:40.881420] [p-13628] [t-13632] [trace] Peek hotkey is invoked from Centralized keyboard hook
[2025-11-07 13:31:43.614710] [p-13628] [t-13632] [trace] Peek hotkey is invoked from Centralized keyboard hook
[2025-11-07 13:31:47.103134] [p-13628] [t-13632] [trace] Peek hotkey is invoked from Centralized keyboard hook
[2025-11-07 13:33:09.722838] [p-13628] [t-13632] [trace] Peek hotkey is invoked from Centralized keyboard hook
[2025-11-07 13:36:31.828998] [p-13628] [t-13632] [trace] Peek hotkey is invoked from Centralized keyboard hook
[2025-11-07 13:36:33.773191] [p-13628] [t-13632] [trace] Peek hotkey is invoked from Centralized keyboard hook
[2025-11-07 13:36:38.494531] [p-13628] [t-13632] [trace] Peek hotkey is invoked from Centralized keyboard hook
[2025-11-07 13:36:39.667044] [p-13628] [t-13632] [trace] Peek hotkey is invoked from Centralized keyboard hook
[2025-11-07 13:36:41.029697] [p-13628] [t-13632] [trace] Peek hotkey is invoked from Centralized keyboard hook
[2025-11-07 13:36:42.252281] [p-13628] [t-13632] [trace] Peek hotkey is invoked from Centralized keyboard hook
[2025-11-07 13:36:42.449443] [p-13628] [t-13632] [trace] Peek hotkey is invoked from Centralized keyboard hook
[2025-11-07 13:36:43.651636] [p-13628] [t-13632] [trace] Peek hotkey is invoked from Centralized keyboard hook
[2025-11-07 13:36:45.224495] [p-13628] [t-13632] [trace] Peek hotkey is invoked from Centralized keyboard hook
[2025-11-07 13:36:46.518681] [p-13628] [t-13632] [trace] Peek hotkey is invoked from Centralized keyboard hook
[2025-11-07 13:36:46.796085] [p-13628] [t-13632] [trace] Peek hotkey is invoked from Centralized keyboard hook
[2025-11-07 13:36:47.788943] [p-13628] [t-13632] [trace] Peek hotkey is invoked from Centralized keyboard hook
[2025-11-07 13:36:49.687859] [p-13628] [t-13632] [trace] Peek hotkey is invoked from Centralized keyboard hook
[2025-11-07 13:37:24.611318] [p-13628] [t-13632] [trace] Peek hotkey is invoked from Centralized keyboard hook
[2025-11-07 13:37:27.296137] [p-13628] [t-13632] [trace] Peek hotkey is invoked from Centralized keyboard hook
[2025-11-07 13:37:29.920384] [p-13628] [t-13632] [trace] Peek hotkey is invoked from Centralized keyboard hook
[2025-11-07 13:37:32.579965] [p-13628] [t-13632] [trace] Peek hotkey is invoked from Centralized keyboard hook
[2025-11-07 13:37:38.458358] [p-13628] [t-13632] [trace] Peek hotkey is invoked from Centralized keyboard hook
[2025-11-07 13:39:48.436028] [p-13628] [t-13632] [trace] Peek hotkey is invoked from Centralized keyboard hook
[2025-11-07 13:39:56.180109] [p-13628] [t-13632] [trace] Peek hotkey is invoked from Centralized keyboard hook
[2025-11-07 13:40:01.894634] [p-13628] [t-13632] [trace] Peek hotkey is invoked from Centralized keyboard hook
[2025-11-07 13:40:04.078540] [p-13628] [t-13632] [trace] Peek hotkey is invoked from Centralized keyboard hook
[2025-11-07 13:40:05.732575] [p-13628] [t-13632] [trace] Peek hotkey is invoked from Centralized keyboard hook
[2025-11-07 13:44:44.204497] [p-13628] [t-13632] [trace] Peek hotkey is invoked from Centralized keyboard hook
[2025-11-07 13:44:47.213478] [p-13628] [t-13632] [trace] Peek hotkey is invoked from Centralized keyboard hook
[2025-11-07 13:44:47.693924] [p-13628] [t-13632] [trace] Peek hotkey is invoked from Centralized keyboard hook
[2025-11-07 13:44:52.188003] [p-13628] [t-13632] [trace] Peek hotkey is invoked from Centralized keyboard hook
[2025-11-07 13:44:52.404189] [p-13628] [t-13632] [trace] Peek hotkey is invoked from Centralized keyboard hook
[2025-11-07 13:44:53.319551] [p-13628] [t-13632] [trace] Peek hotkey is invoked from Centralized keyboard hook
[2025-11-07 13:44:58.577162] [p-13628] [t-13632] [trace] Peek hotkey is invoked from Centralized keyboard hook
[2025-11-07 13:45:08.801153] [p-13628] [t-13632] [trace] Peek hotkey is invoked from Centralized keyboard hook
[2025-11-07 13:45:17.467100] [p-13628] [t-13632] [trace] Peek hotkey is invoked from Centralized keyboard hook
[2025-11-07 13:45:22.813252] [p-13628] [t-13632] [trace] Peek hotkey is invoked from Centralized keyboard hook
[2025-11-07 13:45:23.181422] [p-13628] [t-13632] [trace] Peek hotkey is invoked from Centralized keyboard hook
[2025-11-07 13:45:26.032284] [p-13628] [t-13632] [trace] Peek hotkey is invoked from Centralized keyboard hook
[2025-11-07 13:45:27.741192] [p-13628] [t-13632] [trace] Peek hotkey is invoked from Centralized keyboard hook
[2025-11-07 13:50:54.708758] [p-13628] [t-13632] [trace] Peek hotkey is invoked from Centralized keyboard hook
[2025-11-07 13:50:54.918941] [p-13628] [t-13632] [trace] Peek hotkey is invoked from Centralized keyboard hook
[2025-11-07 13:50:58.711017] [p-13628] [t-13632] [trace] Peek hotkey is invoked from Centralized keyboard hook
[2025-11-07 13:50:58.958159] [p-13628] [t-13632] [trace] Peek hotkey is invoked from Centralized keyboard hook
[2025-11-07 13:51:11.137162] [p-13628] [t-13632] [trace] Peek hotkey is invoked from Centralized keyboard hook
[2025-11-07 13:59:44.944203] [p-13628] [t-13632] [trace] Peek hotkey is invoked from Centralized keyboard hook
[2025-11-07 14:03:22.618589] [p-13628] [t-13632] [trace] Peek hotkey is invoked from Centralized keyboard hook
[2025-11-07 14:03:28.811297] [p-13628] [t-13632] [trace] Peek hotkey is invoked from Centralized keyboard hook
[2025-11-07 14:03:29.446751] [p-13628] [t-13632] [trace] Peek hotkey is invoked from Centralized keyboard hook
[2025-11-07 14:03:29.745499] [p-13628] [t-13632] [trace] Peek hotkey is invoked from Centralized keyboard hook
[2025-11-07 14:03:30.535826] [p-13628] [t-13632] [trace] Peek hotkey is invoked from Centralized keyboard hook
[2025-11-07 14:03:31.396863] [p-13628] [t-13632] [trace] Peek hotkey is invoked from Centralized keyboard hook
[2025-11-07 14:03:32.035534] [p-13628] [t-13632] [trace] Peek hotkey is invoked from Centralized keyboard hook
[2025-11-07 14:03:34.818164] [p-13628] [t-13632] [trace] Peek hotkey is invoked from Centralized keyboard hook
[2025-11-07 14:03:42.833414] [p-13628] [t-13632] [trace] Peek hotkey is invoked from Centralized keyboard hook
[2025-11-07 14:03:48.143680] [p-13628] [t-13632] [trace] Peek hotkey is invoked from Centralized keyboard hook
[2025-11-07 14:03:48.308089] [p-13628] [t-13632] [trace] Peek hotkey is invoked from Centralized keyboard hook
[2025-11-07 14:06:46.914850] [p-13628] [t-13632] [trace] Peek hotkey is invoked from Centralized keyboard hook
[2025-11-07 14:27:05.497032] [p-12484] [t-12480] [info] runner logger is initialized
[2025-11-07 14:27:05.497492] [p-12484] [t-12480] [info] Running powertoys with cmd args: 
[2025-11-07 14:27:05.520322] [p-12484] [t-12480] [info] Scoobe: product_version=v0.95.1 last_version_run=v0.95.1
[2025-11-07 14:27:05.532124] [p-12484] [t-12480] [info] apply_general_settings: {"startup":true,"enabled":{"AdvancedPaste":true,"AlwaysOnTop":true,"Awake":true,"CmdNotFound":false,"CmdPal":true,"ColorPicker":true,"CropAndLock":true,"EnvironmentVariables":true,"FancyZones":true,"File Explorer":true,"File Locksmith":true,"FindMyMouse":true,"Hosts":true,"Image Resizer":true,"Keyboard Manager":true,"LightSwitch":false,"Measure Tool":true,"MouseHighlighter":true,"MouseJump":false,"MousePointerCrosshairs":false,"MouseWithoutBorders":false,"NewPlus":false,"Peek":true,"PowerRename":true,"PowerToys Run":true,"QuickAccent":false,"RegistryPreview":true,"Shortcut Guide":true,"TextExtractor":false,"Workspaces":true,"ZoomIt":false},"show_tray_icon":true,"is_elevated":false,"run_elevated":false,"show_new_updates_toast_notification":true,"download_updates_automatically":false,"show_whats_new_after_updates":true,"enable_experimentation":true,"is_admin":true,"enable_warnings_elevated_apps":true,"theme":"system","system_theme":"dark","powertoys_version":"v0.95.1","ignored_conflict_properties":{"ignored_shortcuts":[]}}
[2025-11-07 14:27:05.590121] [p-12484] [t-12480] [info] Runner is starting. Elevated=false openOobe=false openScoobe=false showRestartNotificationAfterUpdate=false
[2025-11-07 14:27:05.605592] [p-12484] [t-12480] [trace] UnRegister hotkey action for FancyZones
[2025-11-07 14:27:05.634364] [p-12484] [t-12480] [trace] UnRegister hotkey action for File Explorer
[2025-11-07 14:27:05.653061] [p-12484] [t-12480] [trace] UnRegister hotkey action for Image Resizer
[2025-11-07 14:27:05.664934] [p-12484] [t-12480] [trace] UnRegister hotkey action for Keyboard Manager
[2025-11-07 14:27:05.690945] [p-12484] [t-12480] [trace] UnRegister hotkey action for PowerToys Run
[2025-11-07 14:27:05.691001] [p-12484] [t-12480] [trace] Register hotkey action for PowerToys Run
[2025-11-07 14:27:05.724014] [p-12484] [t-12480] [trace] UnRegister hotkey action for PowerRename
[2025-11-07 14:27:05.749906] [p-12484] [t-12480] [trace] UnRegister hotkey action for Shortcut Guide
[2025-11-07 14:27:05.779647] [p-12484] [t-12480] [trace] UnRegister hotkey action for ColorPicker
[2025-11-07 14:27:05.779705] [p-12484] [t-12480] [trace] Register hotkey action for ColorPicker
[2025-11-07 14:27:05.788756] [p-12484] [t-12480] [trace] UnRegister hotkey action for Awake
[2025-11-07 14:27:05.833098] [p-12484] [t-12480] [trace] UnRegister hotkey action for FindMyMouse
[2025-11-07 14:27:05.855945] [p-12484] [t-12480] [trace] UnRegister hotkey action for MouseHighlighter
[2025-11-07 14:27:05.878799] [p-12484] [t-12480] [trace] UnRegister hotkey action for MouseJump
[2025-11-07 14:27:05.878848] [p-12484] [t-12480] [trace] Register hotkey action for MouseJump
[2025-11-07 14:27:05.899426] [p-12484] [t-12480] [trace] UnRegister hotkey action for AlwaysOnTop
[2025-11-07 14:27:05.899479] [p-12484] [t-12480] [trace] Register hotkey action for AlwaysOnTop
[2025-11-07 14:27:05.918766] [p-12484] [t-12480] [trace] UnRegister hotkey action for MousePointerCrosshairs
[2025-11-07 14:27:05.918805] [p-12484] [t-12480] [trace] Register hotkey action for MousePointerCrosshairs
[2025-11-07 14:27:05.918818] [p-12484] [t-12480] [trace] Register hotkey action for MousePointerCrosshairs
[2025-11-07 14:27:05.927385] [p-12484] [t-12480] [trace] UnRegister hotkey action for QuickAccent
[2025-11-07 14:27:05.948096] [p-12484] [t-12480] [trace] UnRegister hotkey action for TextExtractor
[2025-11-07 14:27:05.948167] [p-12484] [t-12480] [trace] Register hotkey action for TextExtractor
[2025-11-07 14:27:05.970732] [p-12484] [t-12480] [trace] UnRegister hotkey action for AdvancedPaste
[2025-11-07 14:27:05.970799] [p-12484] [t-12480] [trace] Register hotkey action for AdvancedPaste
[2025-11-07 14:27:05.970826] [p-12484] [t-12480] [trace] Register hotkey action for AdvancedPaste
[2025-11-07 14:27:05.970848] [p-12484] [t-12480] [trace] Register hotkey action for AdvancedPaste
[2025-11-07 14:27:05.970871] [p-12484] [t-12480] [trace] Register hotkey action for AdvancedPaste
[2025-11-07 14:27:05.996913] [p-12484] [t-12480] [trace] UnRegister hotkey action for File Locksmith
[2025-11-07 14:27:06.012124] [p-12484] [t-12480] [trace] UnRegister hotkey action for RegistryPreview
[2025-11-07 14:27:06.033390] [p-12484] [t-12480] [trace] UnRegister hotkey action for Measure Tool
[2025-11-07 14:27:06.033451] [p-12484] [t-12480] [trace] Register hotkey action for Measure Tool
[2025-11-07 14:27:06.059048] [p-12484] [t-12480] [trace] UnRegister hotkey action for NewPlus
[2025-11-07 14:27:06.070816] [p-12484] [t-12480] [trace] UnRegister hotkey action for Hosts
[2025-11-07 14:27:06.098821] [p-12484] [t-12480] [trace] UnRegister hotkey action for Peek
[2025-11-07 14:27:06.098903] [p-12484] [t-12480] [trace] Register hotkey action for Peek
[2025-11-07 14:27:06.111084] [p-12484] [t-12480] [trace] UnRegister hotkey action for EnvironmentVariables
[2025-11-07 14:27:06.124369] [p-12484] [t-12480] [trace] UnRegister hotkey action for MouseWithoutBorders
[2025-11-07 14:27:06.124785] [p-12484] [t-12480] [trace] Register hotkey action for MouseWithoutBorders
[2025-11-07 14:27:06.124841] [p-12484] [t-12480] [trace] Register hotkey action for MouseWithoutBorders
[2025-11-07 14:27:06.124869] [p-12484] [t-12480] [trace] Register hotkey action for MouseWithoutBorders
[2025-11-07 14:27:06.124893] [p-12484] [t-12480] [trace] Register hotkey action for MouseWithoutBorders
[2025-11-07 14:27:06.152670] [p-12484] [t-12480] [trace] UnRegister hotkey action for CropAndLock
[2025-11-07 14:27:06.152814] [p-12484] [t-12480] [trace] Register hotkey action for CropAndLock
[2025-11-07 14:27:06.152854] [p-12484] [t-12480] [trace] Register hotkey action for CropAndLock
[2025-11-07 14:27:06.166329] [p-12484] [t-12480] [trace] UnRegister hotkey action for CmdNotFound
[2025-11-07 14:27:06.192607] [p-12484] [t-12480] [trace] UnRegister hotkey action for Workspaces
[2025-11-07 14:27:06.205499] [p-12484] [t-12480] [trace] UnRegister hotkey action for CmdPal
[2025-11-07 14:27:06.219437] [p-12484] [t-12480] [trace] UnRegister hotkey action for ZoomIt
[2025-11-07 14:27:06.243226] [p-12484] [t-12480] [trace] UnRegister hotkey action for LightSwitch
[2025-11-07 14:27:06.243266] [p-12484] [t-12480] [trace] Register hotkey action for LightSwitch
[2025-11-07 14:27:06.245438] [p-12484] [t-12480] [info] start_enabled_powertoys: Powertoy QuickAccent explicitly disabled
[2025-11-07 14:27:06.245484] [p-12484] [t-12480] [info] start_enabled_powertoys: Powertoy MousePointerCrosshairs explicitly disabled
[2025-11-07 14:27:06.245505] [p-12484] [t-12480] [info] start_enabled_powertoys: Powertoy LightSwitch explicitly disabled
[2025-11-07 14:27:06.245523] [p-12484] [t-12480] [info] start_enabled_powertoys: Powertoy ZoomIt explicitly disabled
[2025-11-07 14:27:06.245544] [p-12484] [t-12480] [info] start_enabled_powertoys: Powertoy NewPlus explicitly disabled
[2025-11-07 14:27:06.245569] [p-12484] [t-12480] [info] start_enabled_powertoys: Overriding default enabled value for Keyboard Manager powertoy
[2025-11-07 14:27:06.245587] [p-12484] [t-12480] [info] start_enabled_powertoys: Powertoy TextExtractor explicitly disabled
[2025-11-07 14:27:06.245609] [p-12484] [t-12480] [info] start_enabled_powertoys: Powertoy MouseWithoutBorders explicitly disabled
[2025-11-07 14:27:06.245628] [p-12484] [t-12480] [info] start_enabled_powertoys: Powertoy CmdNotFound explicitly disabled
[2025-11-07 14:27:06.245649] [p-12484] [t-12480] [info] start_enabled_powertoys: Powertoy MouseJump explicitly disabled
[2025-11-07 14:27:06.245671] [p-12484] [t-12480] [info] start_enabled_powertoys: Enabling powertoy AdvancedPaste
[2025-11-07 14:27:06.245945] [p-12484] [t-12480] [info] start_enabled_powertoys: Enabling powertoy AlwaysOnTop
[2025-11-07 14:27:06.761850] [p-12484] [t-12480] [info] start_enabled_powertoys: Enabling powertoy Awake
[2025-11-07 14:27:06.791770] [p-12484] [t-12480] [info] start_enabled_powertoys: Enabling powertoy CmdPal
[2025-11-07 14:27:06.817462] [p-12484] [t-12480] [info] start_enabled_powertoys: Enabling powertoy ColorPicker
[2025-11-07 14:27:06.965375] [p-12484] [t-12480] [info] start_enabled_powertoys: Enabling powertoy CropAndLock
[2025-11-07 14:27:07.092229] [p-12484] [t-12480] [info] start_enabled_powertoys: Enabling powertoy EnvironmentVariables
[2025-11-07 14:27:07.093839] [p-12484] [t-12480] [info] start_enabled_powertoys: Enabling powertoy FancyZones
[2025-11-07 14:27:07.174247] [p-12484] [t-12480] [info] start_enabled_powertoys: Enabling powertoy File Explorer
[2025-11-07 14:27:07.174523] [p-12484] [t-12480] [info] start_enabled_powertoys: Enabling powertoy File Locksmith
[2025-11-07 14:27:07.464008] [p-12484] [t-5980] [trace] Version is up to date
[2025-11-07 14:27:09.443645] [p-12484] [t-12480] [info] start_enabled_powertoys: Enabling powertoy FindMyMouse
[2025-11-07 14:27:09.444327] [p-12484] [t-12480] [info] start_enabled_powertoys: Enabling powertoy Hosts
[2025-11-07 14:27:09.444583] [p-12484] [t-12480] [info] start_enabled_powertoys: Enabling powertoy Image Resizer
[2025-11-07 14:27:10.537065] [p-12484] [t-12480] [info] start_enabled_powertoys: Enabling powertoy Keyboard Manager
[2025-11-07 14:27:10.665334] [p-12484] [t-12480] [info] start_enabled_powertoys: Enabling powertoy Measure Tool
[2025-11-07 14:27:10.665586] [p-12484] [t-12480] [info] start_enabled_powertoys: Enabling powertoy MouseHighlighter
[2025-11-07 14:27:10.666103] [p-12484] [t-12480] [trace] shift+win+H shortcut registered
[2025-11-07 14:27:10.666207] [p-12484] [t-12480] [info] start_enabled_powertoys: Enabling powertoy Peek
[2025-11-07 14:27:10.827564] [p-12484] [t-12480] [info] start_enabled_powertoys: Enabling powertoy PowerRename
[2025-11-07 14:27:11.895184] [p-12484] [t-12480] [info] start_enabled_powertoys: Enabling powertoy PowerToys Run
[2025-11-07 14:27:12.156346] [p-12484] [t-12480] [info] start_enabled_powertoys: Enabling powertoy RegistryPreview
[2025-11-07 14:27:12.158074] [p-12484] [t-12480] [info] start_enabled_powertoys: Enabling powertoy Shortcut Guide
[2025-11-07 14:27:12.161160] [p-12484] [t-12480] [trace] shift+win+/ shortcut registered
[2025-11-07 14:27:12.161248] [p-12484] [t-12480] [info] start_enabled_powertoys: Enabling powertoy Workspaces
[2025-11-07 14:27:12.162213] [p-12484] [t-12480] [trace] ctrl+win+@ shortcut registered
[2025-11-07 14:33:07.037870] [p-12484] [t-12480] [trace] Peek hotkey is invoked from Centralized keyboard hook
[2025-11-07 14:33:12.054807] [p-12484] [t-12480] [trace] Peek hotkey is invoked from Centralized keyboard hook
[2025-11-07 14:33:13.747913] [p-12484] [t-12480] [trace] Peek hotkey is invoked from Centralized keyboard hook
[2025-11-07 14:33:14.262578] [p-12484] [t-12480] [trace] Peek hotkey is invoked from Centralized keyboard hook
[2025-11-07 14:33:14.432753] [p-12484] [t-12480] [trace] Peek hotkey is invoked from Centralized keyboard hook
[2025-11-07 14:33:15.836878] [p-12484] [t-12480] [trace] Peek hotkey is invoked from Centralized keyboard hook
[2025-11-07 14:33:16.711257] [p-12484] [t-12480] [trace] Peek hotkey is invoked from Centralized keyboard hook
[2025-11-07 14:33:17.371413] [p-12484] [t-12480] [trace] Peek hotkey is invoked from Centralized keyboard hook
[2025-11-07 14:34:40.283575] [p-12484] [t-12480] [trace] Peek hotkey is invoked from Centralized keyboard hook
[2025-11-07 14:34:41.092109] [p-12484] [t-12480] [trace] Peek hotkey is invoked from Centralized keyboard hook
[2025-11-07 14:34:41.560850] [p-12484] [t-12480] [trace] Peek hotkey is invoked from Centralized keyboard hook
[2025-11-07 14:34:41.721265] [p-12484] [t-12480] [trace] Peek hotkey is invoked from Centralized keyboard hook
[2025-11-07 14:34:42.766111] [p-12484] [t-12480] [trace] Peek hotkey is invoked from Centralized keyboard hook
[2025-11-07 14:34:43.383303] [p-12484] [t-12480] [trace] Peek hotkey is invoked from Centralized keyboard hook
[2025-11-07 15:05:24.726975] [p-12484] [t-12480] [trace] Peek hotkey is invoked from Centralized keyboard hook
[2025-11-07 15:05:25.684171] [p-12484] [t-12480] [trace] Peek hotkey is invoked from Centralized keyboard hook
[2025-11-07 15:05:26.265814] [p-12484] [t-12480] [trace] Peek hotkey is invoked from Centralized keyboard hook
[2025-11-07 15:16:39.865726] [p-12484] [t-12480] [trace] Peek hotkey is invoked from Centralized keyboard hook
[2025-11-07 15:16:40.617909] [p-12484] [t-12480] [trace] Peek hotkey is invoked from Centralized keyboard hook
[2025-11-07 15:16:55.908001] [p-12484] [t-12480] [trace] Peek hotkey is invoked from Centralized keyboard hook
[2025-11-07 15:16:56.854155] [p-12484] [t-12480] [trace] Peek hotkey is invoked from Centralized keyboard hook
[2025-11-07 15:19:54.024699] [p-12484] [t-12480] [trace] Peek hotkey is invoked from Centralized keyboard hook
[2025-11-07 15:19:54.951816] [p-12484] [t-12480] [trace] Peek hotkey is invoked from Centralized keyboard hook
[2025-11-07 15:20:00.349547] [p-12484] [t-12480] [trace] Peek hotkey is invoked from Centralized keyboard hook
[2025-11-07 15:20:01.341992] [p-12484] [t-12480] [trace] Peek hotkey is invoked from Centralized keyboard hook
[2025-11-07 15:20:02.547945] [p-12484] [t-12480] [trace] Peek hotkey is invoked from Centralized keyboard hook
[2025-11-07 15:20:41.922650] [p-12484] [t-12480] [trace] Peek hotkey is invoked from Centralized keyboard hook
[2025-11-07 15:20:43.211995] [p-12484] [t-12480] [trace] Peek hotkey is invoked from Centralized keyboard hook
[2025-11-07 15:26:25.931192] [p-12484] [t-12480] [trace] Peek hotkey is invoked from Centralized keyboard hook
[2025-11-07 15:26:29.393428] [p-12484] [t-12480] [trace] Peek hotkey is invoked from Centralized keyboard hook
[2025-11-07 15:26:35.014709] [p-12484] [t-12480] [trace] Peek hotkey is invoked from Centralized keyboard hook
[2025-11-07 15:27:03.180243] [p-12484] [t-12480] [trace] Peek hotkey is invoked from Centralized keyboard hook
[2025-11-07 15:27:16.799375] [p-12484] [t-12480] [trace] Peek hotkey is invoked from Centralized keyboard hook
[2025-11-07 15:44:30.131427] [p-12484] [t-12480] [trace] Peek hotkey is invoked from Centralized keyboard hook
[2025-11-07 15:44:31.152379] [p-12484] [t-12480] [trace] Peek hotkey is invoked from Centralized keyboard hook
[2025-11-07 15:45:40.050610] [p-12484] [t-12480] [trace] Peek hotkey is invoked from Centralized keyboard hook
[2025-11-07 15:45:46.499191] [p-12484] [t-12480] [trace] Peek hotkey is invoked from Centralized keyboard hook
[2025-11-07 15:45:49.795627] [p-12484] [t-12480] [trace] Peek hotkey is invoked from Centralized keyboard hook
[2025-11-07 15:45:49.953664] [p-12484] [t-12480] [trace] Peek hotkey is invoked from Centralized keyboard hook
[2025-11-07 15:46:43.568871] [p-12484] [t-12480] [trace] Peek hotkey is invoked from Centralized keyboard hook
[2025-11-07 15:46:43.862698] [p-12484] [t-12480] [trace] Peek hotkey is invoked from Centralized keyboard hook
[2025-11-07 15:46:45.052175] [p-12484] [t-12480] [trace] Peek hotkey is invoked from Centralized keyboard hook
[2025-11-07 15:46:45.280961] [p-12484] [t-12480] [trace] Peek hotkey is invoked from Centralized keyboard hook
[2025-11-07 15:46:51.602501] [p-12484] [t-12480] [trace] Peek hotkey is invoked from Centralized keyboard hook
[2025-11-07 15:46:52.419179] [p-12484] [t-12480] [trace] Peek hotkey is invoked from Centralized keyboard hook
[2025-11-07 15:46:54.920751] [p-12484] [t-12480] [trace] Peek hotkey is invoked from Centralized keyboard hook
[2025-11-07 15:46:55.959212] [p-12484] [t-12480] [trace] Peek hotkey is invoked from Centralized keyboard hook
[2025-11-07 16:00:24.156198] [p-12484] [t-12480] [trace] Peek hotkey is invoked from Centralized keyboard hook
[2025-11-07 16:00:25.551339] [p-12484] [t-12480] [trace] Peek hotkey is invoked from Centralized keyboard hook
[2025-11-07 16:01:18.632014] [p-12484] [t-12480] [trace] Peek hotkey is invoked from Centralized keyboard hook
[2025-11-07 16:01:19.244141] [p-12484] [t-12480] [trace] Peek hotkey is invoked from Centralized keyboard hook
[2025-11-07 16:01:21.752482] [p-12484] [t-12480] [trace] Peek hotkey is invoked from Centralized keyboard hook
[2025-11-07 16:01:21.876540] [p-12484] [t-12480] [trace] Peek hotkey is invoked from Centralized keyboard hook
[2025-11-07 16:01:27.649204] [p-12484] [t-12480] [trace] Peek hotkey is invoked from Centralized keyboard hook
[2025-11-07 16:01:29.340511] [p-12484] [t-12480] [trace] Peek hotkey is invoked from Centralized keyboard hook
[2025-11-07 16:01:30.242286] [p-12484] [t-12480] [trace] Peek hotkey is invoked from Centralized keyboard hook
[2025-11-07 16:01:33.489486] [p-12484] [t-12480] [trace] Peek hotkey is invoked from Centralized keyboard hook
[2025-11-07 16:14:52.386115] [p-12484] [t-12480] [trace] Peek hotkey is invoked from Centralized keyboard hook
[2025-11-07 16:14:56.556472] [p-12484] [t-12480] [trace] Peek hotkey is invoked from Centralized keyboard hook
[2025-11-07 16:15:00.071034] [p-12484] [t-12480] [trace] Peek hotkey is invoked from Centralized keyboard hook
[2025-11-07 17:07:51.899645] [p-12484] [t-12480] [trace] Peek hotkey is invoked from Centralized keyboard hook
[2025-11-07 17:07:52.048725] [p-12484] [t-12480] [trace] Peek hotkey is invoked from Centralized keyboard hook
[2025-11-07 17:07:52.890170] [p-12484] [t-12480] [trace] Peek hotkey is invoked from Centralized keyboard hook
[2025-11-07 17:07:53.072849] [p-12484] [t-12480] [trace] Peek hotkey is invoked from Centralized keyboard hook
[2025-11-07 17:07:54.076085] [p-12484] [t-12480] [trace] Peek hotkey is invoked from Centralized keyboard hook
[2025-11-07 17:07:54.205445] [p-12484] [t-12480] [trace] Peek hotkey is invoked from Centralized keyboard hook
[2025-11-07 17:07:54.840268] [p-12484] [t-12480] [trace] Peek hotkey is invoked from Centralized keyboard hook
[2025-11-07 17:07:59.182789] [p-12484] [t-12480] [trace] Peek hotkey is invoked from Centralized keyboard hook
[2025-11-07 17:08:02.109914] [p-12484] [t-12480] [trace] Peek hotkey is invoked from Centralized keyboard hook
[2025-11-07 17:08:02.294866] [p-12484] [t-12480] [trace] Peek hotkey is invoked from Centralized keyboard hook
[2025-11-07 17:08:04.224520] [p-12484] [t-12480] [trace] Peek hotkey is invoked from Centralized keyboard hook
[2025-11-07 17:08:06.095735] [p-12484] [t-12480] [trace] Peek hotkey is invoked from Centralized keyboard hook
[2025-11-07 17:19:50.806952] [p-12484] [t-12480] [trace] Peek hotkey is invoked from Centralized keyboard hook
[2025-11-07 17:54:03.669925] [p-12484] [t-12480] [trace] Peek hotkey is invoked from Centralized keyboard hook
[2025-11-07 17:54:04.202310] [p-12484] [t-12480] [trace] Peek hotkey is invoked from Centralized keyboard hook
[2025-11-07 17:54:08.457797] [p-12484] [t-12480] [trace] Peek hotkey is invoked from Centralized keyboard hook
[2025-11-07 17:54:08.718253] [p-12484] [t-12480] [trace] Peek hotkey is invoked from Centralized keyboard hook
[2025-11-07 17:54:10.695804] [p-12484] [t-12480] [trace] Peek hotkey is invoked from Centralized keyboard hook
[2025-11-07 17:54:10.841956] [p-12484] [t-12480] [trace] Peek hotkey is invoked from Centralized keyboard hook
[2025-11-07 17:54:11.782298] [p-12484] [t-12480] [trace] Peek hotkey is invoked from Centralized keyboard hook
[2025-11-07 17:54:13.160054] [p-12484] [t-12480] [trace] Peek hotkey is invoked from Centralized keyboard hook
[2025-11-07 17:54:14.112248] [p-12484] [t-12480] [trace] Peek hotkey is invoked from Centralized keyboard hook
[2025-11-07 17:54:15.394035] [p-12484] [t-12480] [trace] Peek hotkey is invoked from Centralized keyboard hook
[2025-11-07 17:54:15.545037] [p-12484] [t-12480] [trace] Peek hotkey is invoked from Centralized keyboard hook
[2025-11-07 17:54:16.062982] [p-12484] [t-12480] [trace] Peek hotkey is invoked from Centralized keyboard hook
[2025-11-07 17:54:17.898780] [p-12484] [t-12480] [trace] Peek hotkey is invoked from Centralized keyboard hook
[2025-11-07 17:55:07.196009] [p-12484] [t-12480] [trace] Peek hotkey is invoked from Centralized keyboard hook
[2025-11-07 17:55:07.936472] [p-12484] [t-12480] [trace] Peek hotkey is invoked from Centralized keyboard hook
[2025-11-07 17:55:12.449424] [p-12484] [t-12480] [trace] Peek hotkey is invoked from Centralized keyboard hook
[2025-11-07 17:55:13.011730] [p-12484] [t-12480] [trace] Peek hotkey is invoked from Centralized keyboard hook
[2025-11-07 17:55:14.695967] [p-12484] [t-12480] [trace] Peek hotkey is invoked from Centralized keyboard hook
[2025-11-07 17:55:15.988756] [p-12484] [t-12480] [trace] Peek hotkey is invoked from Centralized keyboard hook
[2025-11-07 17:55:19.495627] [p-12484] [t-12480] [trace] Peek hotkey is invoked from Centralized keyboard hook
[2025-11-07 17:55:56.879843] [p-12484] [t-12480] [trace] Peek hotkey is invoked from Centralized keyboard hook
[2025-11-07 17:55:57.681455] [p-12484] [t-12480] [trace] Peek hotkey is invoked from Centralized keyboard hook
[2025-11-07 18:00:35.961115] [p-12484] [t-12480] [trace] Peek hotkey is invoked from Centralized keyboard hook
[2025-11-07 18:00:37.426146] [p-12484] [t-12480] [trace] Peek hotkey is invoked from Centralized keyboard hook
