[11:07:00.2393373] [Info] Program.cs::Main::24
    Color Picker started with pid=29548
[11:07:01.4848081] [Info] App.xaml.cs::OnStartup::68
    Color Picker started from the PowerToys Runner. Runner pid=29560
[11:07:01.8398635] [Info] UserSettings.cs::LoadSettingsFromJson::115
    ColorPicker settings.json was missing, creating a new one
[11:07:09.9564592] [Info] UserSettings.cs::SendSettingsTelemetry::214
    Sending settings telemetry
[11:17:28.7435482] [Info] CursorManager.cs::ChangeCursor::60
    Cursor file path was null
[11:17:28.7440944] [Info] CursorManager.cs::ChangeCursor::60
    Cursor file path was null
[11:18:22.4867246] [Info] Program.cs::Main::24
    Color Picker started with pid=12004
[11:18:23.6858744] [Info] App.xaml.cs::OnStartup::68
    Color Picker started from the PowerToys Runner. Runner pid=9284
[11:58:42.6516856] [Info] CursorManager.cs::ChangeCursor::60
    Cursor file path was null
[11:58:42.6583934] [Info] CursorManager.cs::ChangeCursor::60
    Cursor file path was null
[12:00:57.8103952] [Info] Program.cs::Main::24
    Color Picker started with pid=19168
[12:00:58.9931362] [Info] App.xaml.cs::OnStartup::68
    Color Picker started from the PowerToys Runner. Runner pid=18920
[12:01:00.3451453] [Error] Program.cs::Main::43
    Unhandled exception
System.Windows.Markup.XamlParseException (-2146233087): The invocation of the constructor on type 'ColorPicker.MainWindow' that matches the specified binding constraints threw an exception.
Inner exception: 
System.ComponentModel.Composition.CompositionException (-2146233087): The composition produced a single composition error. The root cause is provided below. Review the CompositionException.Errors property for more detailed information.

1) ハンドルが無効です。

Resulting in: An exception occurred while trying to create an instance of type 'ColorPicker.Mouse.MouseInfoProvider'.

Resulting in: Cannot activate part 'ColorPicker.Mouse.MouseInfoProvider'.
Element: ColorPicker.Mouse.MouseInfoProvider -->  ColorPicker.Mouse.MouseInfoProvider -->  AssemblyCatalog (Assembly="PowerToys.ColorPickerUI, Version=0.95.1.0, Culture=neutral, PublicKeyToken=null")

Resulting in: Cannot get export 'ColorPicker.Mouse.MouseInfoProvider (ContractName="ColorPicker.Mouse.IMouseInfoProvider")' from part 'ColorPicker.Mouse.MouseInfoProvider'.
Element: ColorPicker.Mouse.MouseInfoProvider (ContractName="ColorPicker.Mouse.IMouseInfoProvider") -->  ColorPicker.Mouse.MouseInfoProvider -->  AssemblyCatalog (Assembly="PowerToys.ColorPickerUI, Version=0.95.1.0, Culture=neutral, PublicKeyToken=null")

Resulting in: Cannot set import 'ColorPicker.ViewModels.MainViewModel..ctor (Parameter="mouseInfoProvider", ContractName="ColorPicker.Mouse.IMouseInfoProvider")' on part 'ColorPicker.ViewModels.MainViewModel'.
Element: ColorPicker.ViewModels.MainViewModel..ctor (Parameter="mouseInfoProvider", ContractName="ColorPicker.Mouse.IMouseInfoProvider") -->  ColorPicker.ViewModels.MainViewModel -->  AssemblyCatalog (Assembly="PowerToys.ColorPickerUI, Version=0.95.1.0, Culture=neutral, PublicKeyToken=null")

Resulting in: Cannot get export 'ColorPicker.ViewModels.MainViewModel (ContractName="ColorPicker.ViewModelContracts.IMainViewModel")' from part 'ColorPicker.ViewModels.MainViewModel'.
Element: ColorPicker.ViewModels.MainViewModel (ContractName="ColorPicker.ViewModelContracts.IMainViewModel") -->  ColorPicker.ViewModels.MainViewModel -->  AssemblyCatalog (Assembly="PowerToys.ColorPickerUI, Version=0.95.1.0, Culture=neutral, PublicKeyToken=null")

Resulting in: Cannot set import 'ColorPicker.MainWindow.MainViewModel (ContractName="ColorPicker.ViewModelContracts.IMainViewModel")' on part 'ColorPicker.MainWindow'.
Element: ColorPicker.MainWindow.MainViewModel (ContractName="ColorPicker.ViewModelContracts.IMainViewModel") -->  ColorPicker.MainWindow

Stack trace: 
   at System.Windows.Markup.XamlReader.RewrapException(Exception e, IXamlLineInfo lineInfo, Uri baseUri)
   at System.Windows.Markup.WpfXamlLoader.Load(XamlReader xamlReader, IXamlObjectWriterFactory writerFactory, Boolean skipJournaledProperties, Object rootObject, XamlObjectWriterSettings settings, Uri baseUri)
   at System.Windows.Markup.WpfXamlLoader.LoadBaml(XamlReader xamlReader, Boolean skipJournaledProperties, Object rootObject, XamlAccessLevel accessLevel, Uri baseUri)
   at System.Windows.Markup.XamlReader.LoadBaml(Stream stream, ParserContext parserContext, Object parent, Boolean closeStream)
   at System.Windows.Application.LoadBamlStreamWithSyncInfo(Stream stream, ParserContext pc)
   at System.Windows.Application.DoStartup()
   at System.Windows.Application.<.ctor>b__1_0(Object unused)
   at System.Windows.Threading.ExceptionWrapper.InternalRealCall(Delegate callback, Object args, Int32 numArgs)
   at System.Windows.Threading.ExceptionWrapper.TryCatchWhen(Object source, Delegate callback, Object args, Int32 numArgs, Delegate catchHandler)
   at System.Windows.Threading.DispatcherOperation.InvokeImpl()
   at MS.Internal.CulturePreservingExecutionContext.CallbackWrapper(Object obj)
   at System.Threading.ExecutionContext.RunInternal(ExecutionContext executionContext, ContextCallback callback, Object state)
--- End of stack trace from previous location ---
   at System.Threading.ExecutionContext.RunInternal(ExecutionContext executionContext, ContextCallback callback, Object state)
   at MS.Internal.CulturePreservingExecutionContext.Run(CulturePreservingExecutionContext executionContext, ContextCallback callback, Object state)
   at System.Windows.Threading.DispatcherOperation.Invoke()
   at System.Windows.Threading.Dispatcher.ProcessQueue()
   at System.Windows.Threading.Dispatcher.WndProcHook(IntPtr hwnd, Int32 msg, IntPtr wParam, IntPtr lParam, Boolean& handled)
   at MS.Win32.HwndWrapper.WndProc(IntPtr hwnd, Int32 msg, IntPtr wParam, IntPtr lParam, Boolean& handled)
   at MS.Win32.HwndSubclass.DispatcherCallbackOperation(Object o)
   at System.Windows.Threading.ExceptionWrapper.InternalRealCall(Delegate callback, Object args, Int32 numArgs)
   at System.Windows.Threading.ExceptionWrapper.TryCatchWhen(Object source, Delegate callback, Object args, Int32 numArgs, Delegate catchHandler)
   at System.Windows.Threading.Dispatcher.LegacyInvokeImpl(DispatcherPriority priority, TimeSpan timeout, Delegate method, Object args, Int32 numArgs)
   at System.Windows.Threading.Dispatcher.Invoke(DispatcherPriority priority, Delegate method, Object arg)
   at MS.Win32.HwndSubclass.SubclassWndProc(IntPtr hwnd, Int32 msg, IntPtr wParam, IntPtr lParam)
   at MS.Win32.UnsafeNativeMethods.DispatchMessage(MSG& msg)
   at System.Windows.Threading.Dispatcher.PushFrameImpl(DispatcherFrame frame)
   at System.Windows.Application.RunDispatcher(Object ignore)
   at System.Windows.Application.RunInternal(Window window)
   at ColorPicker.Program.Main(String[] args)
[12:01:00.3471291] [Info] CursorManager.cs::ChangeCursor::60
    Cursor file path was null
[12:01:00.3473797] [Info] CursorManager.cs::ChangeCursor::60
    Cursor file path was null
[13:43:12.1147532] [Info] Program.cs::Main::24
    Color Picker started with pid=6236
[13:43:13.5184556] [Info] App.xaml.cs::OnStartup::68
    Color Picker started from the PowerToys Runner. Runner pid=15608
[13:43:16.3318741] [Error] Program.cs::Main::43
    Unhandled exception
System.Windows.Markup.XamlParseException (-2146233087): The invocation of the constructor on type 'ColorPicker.MainWindow' that matches the specified binding constraints threw an exception.
Inner exception: 
System.ComponentModel.Composition.CompositionException (-2146233087): The composition produced a single composition error. The root cause is provided below. Review the CompositionException.Errors property for more detailed information.

1) ハンドルが無効です。

Resulting in: An exception occurred while trying to create an instance of type 'ColorPicker.Mouse.MouseInfoProvider'.

Resulting in: Cannot activate part 'ColorPicker.Mouse.MouseInfoProvider'.
Element: ColorPicker.Mouse.MouseInfoProvider -->  ColorPicker.Mouse.MouseInfoProvider -->  AssemblyCatalog (Assembly="PowerToys.ColorPickerUI, Version=0.95.1.0, Culture=neutral, PublicKeyToken=null")

Resulting in: Cannot get export 'ColorPicker.Mouse.MouseInfoProvider (ContractName="ColorPicker.Mouse.IMouseInfoProvider")' from part 'ColorPicker.Mouse.MouseInfoProvider'.
Element: ColorPicker.Mouse.MouseInfoProvider (ContractName="ColorPicker.Mouse.IMouseInfoProvider") -->  ColorPicker.Mouse.MouseInfoProvider -->  AssemblyCatalog (Assembly="PowerToys.ColorPickerUI, Version=0.95.1.0, Culture=neutral, PublicKeyToken=null")

Resulting in: Cannot set import 'ColorPicker.ViewModels.MainViewModel..ctor (Parameter="mouseInfoProvider", ContractName="ColorPicker.Mouse.IMouseInfoProvider")' on part 'ColorPicker.ViewModels.MainViewModel'.
Element: ColorPicker.ViewModels.MainViewModel..ctor (Parameter="mouseInfoProvider", ContractName="ColorPicker.Mouse.IMouseInfoProvider") -->  ColorPicker.ViewModels.MainViewModel -->  AssemblyCatalog (Assembly="PowerToys.ColorPickerUI, Version=0.95.1.0, Culture=neutral, PublicKeyToken=null")

Resulting in: Cannot get export 'ColorPicker.ViewModels.MainViewModel (ContractName="ColorPicker.ViewModelContracts.IMainViewModel")' from part 'ColorPicker.ViewModels.MainViewModel'.
Element: ColorPicker.ViewModels.MainViewModel (ContractName="ColorPicker.ViewModelContracts.IMainViewModel") -->  ColorPicker.ViewModels.MainViewModel -->  AssemblyCatalog (Assembly="PowerToys.ColorPickerUI, Version=0.95.1.0, Culture=neutral, PublicKeyToken=null")

Resulting in: Cannot set import 'ColorPicker.MainWindow.MainViewModel (ContractName="ColorPicker.ViewModelContracts.IMainViewModel")' on part 'ColorPicker.MainWindow'.
Element: ColorPicker.MainWindow.MainViewModel (ContractName="ColorPicker.ViewModelContracts.IMainViewModel") -->  ColorPicker.MainWindow

Stack trace: 
   at System.Windows.Markup.XamlReader.RewrapException(Exception e, IXamlLineInfo lineInfo, Uri baseUri)
   at System.Windows.Markup.WpfXamlLoader.Load(XamlReader xamlReader, IXamlObjectWriterFactory writerFactory, Boolean skipJournaledProperties, Object rootObject, XamlObjectWriterSettings settings, Uri baseUri)
   at System.Windows.Markup.WpfXamlLoader.LoadBaml(XamlReader xamlReader, Boolean skipJournaledProperties, Object rootObject, XamlAccessLevel accessLevel, Uri baseUri)
   at System.Windows.Markup.XamlReader.LoadBaml(Stream stream, ParserContext parserContext, Object parent, Boolean closeStream)
   at System.Windows.Application.LoadBamlStreamWithSyncInfo(Stream stream, ParserContext pc)
   at System.Windows.Application.DoStartup()
   at System.Windows.Application.<.ctor>b__1_0(Object unused)
   at System.Windows.Threading.ExceptionWrapper.InternalRealCall(Delegate callback, Object args, Int32 numArgs)
   at System.Windows.Threading.ExceptionWrapper.TryCatchWhen(Object source, Delegate callback, Object args, Int32 numArgs, Delegate catchHandler)
   at System.Windows.Threading.DispatcherOperation.InvokeImpl()
   at MS.Internal.CulturePreservingExecutionContext.CallbackWrapper(Object obj)
   at System.Threading.ExecutionContext.RunInternal(ExecutionContext executionContext, ContextCallback callback, Object state)
--- End of stack trace from previous location ---
   at System.Threading.ExecutionContext.RunInternal(ExecutionContext executionContext, ContextCallback callback, Object state)
   at MS.Internal.CulturePreservingExecutionContext.Run(CulturePreservingExecutionContext executionContext, ContextCallback callback, Object state)
   at System.Windows.Threading.DispatcherOperation.Invoke()
   at System.Windows.Threading.Dispatcher.ProcessQueue()
   at System.Windows.Threading.Dispatcher.WndProcHook(IntPtr hwnd, Int32 msg, IntPtr wParam, IntPtr lParam, Boolean& handled)
   at MS.Win32.HwndWrapper.WndProc(IntPtr hwnd, Int32 msg, IntPtr wParam, IntPtr lParam, Boolean& handled)
   at MS.Win32.HwndSubclass.DispatcherCallbackOperation(Object o)
   at System.Windows.Threading.ExceptionWrapper.InternalRealCall(Delegate callback, Object args, Int32 numArgs)
   at System.Windows.Threading.ExceptionWrapper.TryCatchWhen(Object source, Delegate callback, Object args, Int32 numArgs, Delegate catchHandler)
   at System.Windows.Threading.Dispatcher.LegacyInvokeImpl(DispatcherPriority priority, TimeSpan timeout, Delegate method, Object args, Int32 numArgs)
   at System.Windows.Threading.Dispatcher.Invoke(DispatcherPriority priority, Delegate method, Object arg)
   at MS.Win32.HwndSubclass.SubclassWndProc(IntPtr hwnd, Int32 msg, IntPtr wParam, IntPtr lParam)
   at MS.Win32.UnsafeNativeMethods.DispatchMessage(MSG& msg)
   at System.Windows.Threading.Dispatcher.PushFrameImpl(DispatcherFrame frame)
   at System.Windows.Application.RunDispatcher(Object ignore)
   at System.Windows.Application.RunInternal(Window window)
   at ColorPicker.Program.Main(String[] args)
[13:43:16.4175981] [Info] CursorManager.cs::ChangeCursor::60
    Cursor file path was null
[13:43:16.4180664] [Info] CursorManager.cs::ChangeCursor::60
    Cursor file path was null
