[2025-11-04 11:06:58.349677] [p-29560] [t-6908] [info] AdvancedPaste logger is initialized
[2025-11-04 11:06:58.859840] [p-29560] [t-6908] [trace] AdvancedPaste::enable()
[2025-11-04 11:06:58.860396] [p-29560] [t-23364] [trace] Starting Advanced Paste process
[2025-11-04 11:06:59.310913] [p-29560] [t-23364] [trace] Successfully started Advanced Paste process
[2025-11-04 11:07:04.326636] [p-29560] [t-23364] [error] Error waiting for Advanced Paste to connect to named pipe
[2025-11-04 11:07:04.326951] [p-29560] [t-23364] [error] Named pipe initialization failed; terminating Advanced Paste process
[2025-11-04 11:18:16.566145] [p-9284] [t-12000] [info] AdvancedPaste logger is initialized
[2025-11-04 11:18:17.197287] [p-9284] [t-12000] [trace] AdvancedPaste::enable()
[2025-11-04 11:18:17.200292] [p-9284] [t-28292] [trace] Starting Advanced Paste process
[2025-11-04 11:18:21.492018] [p-9284] [t-28292] [trace] Successfully started Advanced Paste process
[2025-11-04 11:18:26.496521] [p-9284] [t-28292] [error] Error waiting for Advanced Paste to connect to named pipe
[2025-11-04 11:18:26.497276] [p-9284] [t-28292] [error] Named pipe initialization failed; terminating Advanced Paste process
[2025-11-04 12:00:55.706261] [p-18920] [t-18924] [info] AdvancedPaste logger is initialized
[2025-11-04 12:00:56.188240] [p-18920] [t-18924] [trace] AdvancedPaste::enable()
[2025-11-04 12:00:56.188724] [p-18920] [t-19276] [trace] Starting Advanced Paste process
[2025-11-04 12:00:56.680158] [p-18920] [t-19276] [trace] Successfully started Advanced Paste process
[2025-11-04 12:01:01.686324] [p-18920] [t-19276] [error] Error waiting for Advanced Paste to connect to named pipe
[2025-11-04 12:01:01.686562] [p-18920] [t-19276] [error] Named pipe initialization failed; terminating Advanced Paste process
[2025-11-04 13:43:09.663585] [p-15608] [t-15612] [info] AdvancedPaste logger is initialized
[2025-11-04 13:43:10.348621] [p-15608] [t-15612] [trace] AdvancedPaste::enable()
[2025-11-04 13:43:10.349864] [p-15608] [t-16028] [trace] Starting Advanced Paste process
[2025-11-04 13:43:11.146414] [p-15608] [t-16028] [trace] Successfully started Advanced Paste process
[2025-11-04 13:43:16.227919] [p-15608] [t-16028] [error] Error waiting for Advanced Paste to connect to named pipe
[2025-11-04 13:43:16.228325] [p-15608] [t-16028] [error] Named pipe initialization failed; terminating Advanced Paste process
