[2025-11-04 11:06:58.052991] [p-29560] [t-6908] [info] shortcut-guide logger is initialized
[2025-11-04 11:06:58.056021] [p-29560] [t-6908] [info] Shortcut Guide settings are empty
[2025-11-04 11:06:58.056175] [p-29560] [t-6908] [info] Shortcut Guide is going to use default shortcut
[2025-11-04 11:06:58.056443] [p-29560] [t-6908] [trace] GetHotkeyEx()
[2025-11-04 11:07:09.946405] [p-29560] [t-6908] [info] Shortcut Guide is enabling
[2025-11-04 11:07:09.946525] [p-29560] [t-6908] [trace] GetHotkeyEx()
[2025-11-04 11:07:09.965041] [p-29560] [t-984] [trace] Send settings telemetry
[2025-11-04 11:07:10.202271] [p-29560] [t-984] [trace] Started SG process with pid=14168
[2025-11-04 11:18:16.211162] [p-9284] [t-12000] [info] shortcut-guide logger is initialized
[2025-11-04 11:18:16.213585] [p-9284] [t-12000] [info] Shortcut Guide settings are empty
[2025-11-04 11:18:16.213690] [p-9284] [t-12000] [info] Shortcut Guide is going to use default shortcut
[2025-11-04 11:18:16.213814] [p-9284] [t-12000] [trace] GetHotkeyEx()
[2025-11-04 11:18:30.970160] [p-9284] [t-12000] [info] Shortcut Guide is enabling
[2025-11-04 11:18:30.970271] [p-9284] [t-12000] [trace] GetHotkeyEx()
[2025-11-04 12:00:55.258590] [p-18920] [t-18924] [info] shortcut-guide logger is initialized
[2025-11-04 12:00:55.265405] [p-18920] [t-18924] [trace] GetHotkeyEx()
[2025-11-04 12:01:05.529717] [p-18920] [t-18924] [info] Shortcut Guide is enabling
[2025-11-04 12:01:05.529803] [p-18920] [t-18924] [trace] GetHotkeyEx()
[2025-11-04 13:43:09.108694] [p-15608] [t-15612] [info] shortcut-guide logger is initialized
[2025-11-04 13:43:09.138577] [p-15608] [t-15612] [trace] GetHotkeyEx()
[2025-11-04 13:43:19.806270] [p-15608] [t-15612] [info] Shortcut Guide is enabling
[2025-11-04 13:43:19.806560] [p-15608] [t-15612] [trace] GetHotkeyEx()
