[2025-11-12 08:33:16.558487] [p-16324] [t-19524] [debug] Peek space-mode eligibility recomputed: false
[2025-11-12 08:33:47.558057] [p-16324] [t-19524] [debug] Peek space-mode eligibility recomputed: false
[2025-11-12 08:33:48.009062] [p-16324] [t-19524] [debug] Peek space-mode eligibility recomputed: false
[2025-11-12 08:35:24.425495] [p-16324] [t-23384] [debug] Peek space-mode eligibility recomputed: false
[2025-11-12 08:37:26.168223] [p-16324] [t-23384] [debug] Peek space-mode eligibility recomputed: false
[2025-11-12 08:37:26.337134] [p-16324] [t-23384] [debug] Peek space-mode eligibility recomputed: false
[2025-11-12 08:37:26.498199] [p-16324] [t-23384] [debug] Peek space-mode eligibility recomputed: false
[2025-11-12 08:37:27.117263] [p-16324] [t-23384] [debug] Peek space-mode eligibility recomputed: false
[2025-11-12 08:37:27.588196] [p-16324] [t-23384] [debug] Peek space-mode eligibility recomputed: false
[2025-11-12 08:37:27.798846] [p-16324] [t-23384] [debug] Peek space-mode eligibility recomputed: false
[2025-11-12 08:37:53.762536] [p-16324] [t-23384] [debug] Peek space-mode eligibility recomputed: false
[2025-11-12 08:38:50.013832] [p-16324] [t-22616] [debug] Peek space-mode eligibility recomputed: false
[2025-11-12 08:39:17.286947] [p-16324] [t-22616] [debug] Peek space-mode eligibility recomputed: false
[2025-11-12 08:39:19.489317] [p-16324] [t-22616] [debug] Peek space-mode eligibility recomputed: false
[2025-11-12 08:39:19.692175] [p-16324] [t-22616] [debug] Peek space-mode eligibility recomputed: false
[2025-11-12 08:39:20.517627] [p-16324] [t-22616] [debug] Peek space-mode eligibility recomputed: false
[2025-11-12 08:55:12.436764] [p-9444] [t-9516] [info] Peek logger is initialized
[2025-11-12 08:55:16.872464] [p-9444] [t-9516] [trace] Peek::enable()
[2025-11-12 08:55:16.872513] [p-9444] [t-9516] [trace] Starting Peek.UI process
[2025-11-12 08:55:17.311244] [p-9444] [t-9516] [trace] Successfully started the PeekViewer process
[2025-11-12 08:55:17.311504] [p-9444] [t-9516] [debug] Peek space-mode eligibility recomputed: false
[2025-11-12 08:55:18.337540] [p-9444] [t-13164] [debug] Peek space-mode eligibility recomputed: false
[2025-11-12 08:55:23.444822] [p-9444] [t-14512] [debug] Peek space-mode eligibility recomputed: false
[2025-11-12 08:55:24.015470] [p-9444] [t-14512] [debug] Peek space-mode eligibility recomputed: false
[2025-11-12 08:55:24.627679] [p-9444] [t-14512] [debug] Peek space-mode eligibility recomputed: false
[2025-11-12 08:55:27.320277] [p-9444] [t-14512] [debug] Peek space-mode eligibility recomputed: false
[2025-11-12 08:55:28.318824] [p-9444] [t-14512] [debug] Peek space-mode eligibility recomputed: false
[2025-11-12 08:55:29.066548] [p-9444] [t-14512] [debug] Peek space-mode eligibility recomputed: false
[2025-11-12 08:55:31.277068] [p-9444] [t-14512] [debug] Peek space-mode eligibility recomputed: true
[2025-11-12 08:55:31.504804] [p-9444] [t-14512] [debug] Peek space-mode eligibility recomputed: false
[2025-11-12 08:55:32.974475] [p-9444] [t-14512] [debug] Peek space-mode eligibility recomputed: false
[2025-11-12 08:55:33.753442] [p-9444] [t-14512] [debug] Peek space-mode eligibility recomputed: true
[2025-11-12 08:56:36.997043] [p-9444] [t-7520] [debug] Peek space-mode eligibility recomputed: true
[2025-11-12 08:56:43.414103] [p-9444] [t-15772] [info] Send settings telemetry
[2025-11-12 08:58:27.021779] [p-9444] [t-14512] [debug] Peek space-mode eligibility recomputed: false
[2025-11-12 08:59:40.521050] [p-9444] [t-19268] [debug] Peek space-mode eligibility recomputed: false
[2025-11-12 08:59:41.263723] [p-9444] [t-19268] [debug] Peek space-mode eligibility recomputed: false
[2025-11-12 08:59:41.937746] [p-9444] [t-19268] [debug] Peek space-mode eligibility recomputed: true
[2025-11-12 08:59:43.529834] [p-9444] [t-19268] [debug] Peek space-mode eligibility recomputed: false
[2025-11-12 08:59:44.442347] [p-9444] [t-19268] [debug] Peek space-mode eligibility recomputed: true
[2025-11-12 08:59:46.466168] [p-9444] [t-19268] [debug] Peek space-mode eligibility recomputed: false
[2025-11-12 09:00:25.559365] [p-9444] [t-19268] [debug] Peek space-mode eligibility recomputed: false
[2025-11-12 09:00:25.660216] [p-9444] [t-19268] [debug] Peek space-mode eligibility recomputed: false
[2025-11-12 09:00:27.805688] [p-9444] [t-19268] [debug] Peek space-mode eligibility recomputed: false
[2025-11-12 09:00:29.469113] [p-9444] [t-19268] [debug] Peek space-mode eligibility recomputed: false
[2025-11-12 09:00:49.529569] [p-9444] [t-19268] [debug] Peek space-mode eligibility recomputed: false
[2025-11-12 09:00:49.712904] [p-9444] [t-19268] [debug] Peek space-mode eligibility recomputed: false
[2025-11-12 09:01:32.574278] [p-9444] [t-19268] [debug] Peek space-mode eligibility recomputed: false
[2025-11-12 09:01:39.436183] [p-9444] [t-19268] [debug] Peek space-mode eligibility recomputed: false
[2025-11-12 09:01:46.838501] [p-9444] [t-19268] [debug] Peek space-mode eligibility recomputed: false
[2025-11-12 09:01:47.001846] [p-9444] [t-19268] [debug] Peek space-mode eligibility recomputed: false
[2025-11-12 09:01:47.178387] [p-9444] [t-19268] [debug] Peek space-mode eligibility recomputed: false
[2025-11-12 09:02:21.403439] [p-9444] [t-19268] [debug] Peek space-mode eligibility recomputed: false
[2025-11-12 09:02:26.457388] [p-9444] [t-19268] [debug] Peek space-mode eligibility recomputed: false
[2025-11-12 09:02:27.182640] [p-9444] [t-19268] [debug] Peek space-mode eligibility recomputed: false
[2025-11-12 09:02:28.043702] [p-9444] [t-19268] [debug] Peek space-mode eligibility recomputed: false
[2025-11-12 09:02:35.907999] [p-9444] [t-19268] [debug] Peek space-mode eligibility recomputed: false
[2025-11-12 09:02:36.872801] [p-9444] [t-19268] [debug] Peek space-mode eligibility recomputed: false
[2025-11-12 09:02:38.507243] [p-9444] [t-19268] [debug] Peek space-mode eligibility recomputed: false
[2025-11-12 09:02:42.901530] [p-9444] [t-18860] [debug] Peek space-mode eligibility recomputed: false
[2025-11-12 09:03:47.921439] [p-9444] [t-19268] [debug] Peek space-mode eligibility recomputed: false
[2025-11-12 09:03:53.613545] [p-9444] [t-19268] [debug] Peek space-mode eligibility recomputed: false
[2025-11-12 09:03:53.723507] [p-9444] [t-19268] [debug] Peek space-mode eligibility recomputed: false
[2025-11-12 09:04:25.104413] [p-9444] [t-19268] [debug] Peek space-mode eligibility recomputed: false
[2025-11-12 09:04:30.281803] [p-9444] [t-19268] [debug] Peek space-mode eligibility recomputed: false
[2025-11-12 09:04:30.353785] [p-9444] [t-19268] [debug] Peek space-mode eligibility recomputed: false
[2025-11-12 09:04:31.374435] [p-9444] [t-19268] [debug] Peek space-mode eligibility recomputed: false
[2025-11-12 09:04:32.829308] [p-9444] [t-19268] [debug] Peek space-mode eligibility recomputed: false
[2025-11-12 09:04:33.002389] [p-9444] [t-19268] [debug] Peek space-mode eligibility recomputed: false
[2025-11-12 09:04:45.065925] [p-9444] [t-19268] [debug] Peek space-mode eligibility recomputed: false
[2025-11-12 09:04:45.176970] [p-9444] [t-19268] [debug] Peek space-mode eligibility recomputed: false
[2025-11-12 09:04:51.133582] [p-9444] [t-19268] [debug] Peek space-mode eligibility recomputed: false
[2025-11-12 09:04:51.596273] [p-9444] [t-19268] [debug] Peek space-mode eligibility recomputed: false
[2025-11-12 09:04:52.209145] [p-9444] [t-19268] [debug] Peek space-mode eligibility recomputed: false
[2025-11-12 09:04:52.359419] [p-9444] [t-19268] [debug] Peek space-mode eligibility recomputed: false
[2025-11-12 09:04:52.594955] [p-9444] [t-19268] [debug] Peek space-mode eligibility recomputed: false
[2025-11-12 09:04:53.040359] [p-9444] [t-19268] [debug] Peek space-mode eligibility recomputed: false
[2025-11-12 09:04:53.363813] [p-9444] [t-19268] [debug] Peek space-mode eligibility recomputed: false
[2025-11-12 09:04:53.672967] [p-9444] [t-19268] [debug] Peek space-mode eligibility recomputed: false
[2025-11-12 09:04:54.078307] [p-9444] [t-19268] [debug] Peek space-mode eligibility recomputed: false
[2025-11-12 09:04:54.489325] [p-9444] [t-19268] [debug] Peek space-mode eligibility recomputed: false
[2025-11-12 09:04:55.066453] [p-9444] [t-19268] [debug] Peek space-mode eligibility recomputed: false
[2025-11-12 09:04:55.439802] [p-9444] [t-19268] [debug] Peek space-mode eligibility recomputed: false
[2025-11-12 09:05:03.004102] [p-9444] [t-19268] [debug] Peek space-mode eligibility recomputed: false
[2025-11-12 09:05:03.116162] [p-9444] [t-19268] [debug] Peek space-mode eligibility recomputed: false
[2025-11-12 09:05:04.285028] [p-9444] [t-19268] [debug] Peek space-mode eligibility recomputed: false
[2025-11-12 09:05:04.672889] [p-9444] [t-19268] [debug] Peek space-mode eligibility recomputed: false
[2025-11-12 09:05:05.360193] [p-9444] [t-19268] [debug] Peek space-mode eligibility recomputed: false
[2025-11-12 09:05:05.672654] [p-9444] [t-19268] [debug] Peek space-mode eligibility recomputed: false
[2025-11-12 09:05:05.766178] [p-9444] [t-19268] [debug] Peek space-mode eligibility recomputed: false
[2025-11-12 09:05:10.112849] [p-9444] [t-19268] [debug] Peek space-mode eligibility recomputed: false
[2025-11-12 09:05:10.206709] [p-9444] [t-19268] [debug] Peek space-mode eligibility recomputed: false
[2025-11-12 09:05:12.204784] [p-9444] [t-5124] [debug] Peek space-mode eligibility recomputed: false
[2025-11-12 09:05:14.158750] [p-9444] [t-5124] [debug] Peek space-mode eligibility recomputed: false
[2025-11-12 09:05:17.078336] [p-9444] [t-5124] [debug] Peek space-mode eligibility recomputed: false
[2025-11-12 09:05:17.240822] [p-9444] [t-5124] [debug] Peek space-mode eligibility recomputed: false
[2025-11-12 09:05:27.766155] [p-9444] [t-5124] [debug] Peek space-mode eligibility recomputed: false
[2025-11-12 09:05:28.140857] [p-9444] [t-5124] [debug] Peek space-mode eligibility recomputed: false
[2025-11-12 09:05:29.391634] [p-9444] [t-5124] [debug] Peek space-mode eligibility recomputed: false
[2025-11-12 09:05:30.185122] [p-9444] [t-5124] [debug] Peek space-mode eligibility recomputed: false
[2025-11-12 09:05:31.501800] [p-9444] [t-5124] [debug] Peek space-mode eligibility recomputed: false
[2025-11-12 09:05:32.239503] [p-9444] [t-5124] [debug] Peek space-mode eligibility recomputed: false
[2025-11-12 09:05:33.396665] [p-9444] [t-5124] [debug] Peek space-mode eligibility recomputed: false
[2025-11-12 09:05:41.348849] [p-9444] [t-5124] [debug] Peek space-mode eligibility recomputed: false
[2025-11-12 09:05:42.093834] [p-9444] [t-5124] [debug] Peek space-mode eligibility recomputed: false
[2025-11-12 09:05:43.079933] [p-9444] [t-5124] [debug] Peek space-mode eligibility recomputed: false
[2025-11-12 09:06:31.162814] [p-9444] [t-19268] [debug] Peek space-mode eligibility recomputed: false
[2025-11-12 09:06:35.124638] [p-9444] [t-19268] [debug] Peek space-mode eligibility recomputed: false
[2025-11-12 09:06:53.734629] [p-9444] [t-19268] [debug] Peek space-mode eligibility recomputed: false
[2025-11-12 09:06:54.345545] [p-9444] [t-19268] [debug] Peek space-mode eligibility recomputed: false
[2025-11-12 09:08:16.461393] [p-9444] [t-19268] [debug] Peek space-mode eligibility recomputed: false
[2025-11-12 09:08:30.641208] [p-9444] [t-19268] [debug] Peek space-mode eligibility recomputed: false
[2025-11-12 09:08:30.704609] [p-9444] [t-19268] [debug] Peek space-mode eligibility recomputed: false
[2025-11-12 09:08:31.845087] [p-9444] [t-19268] [debug] Peek space-mode eligibility recomputed: false
[2025-11-12 09:08:36.850023] [p-9444] [t-19268] [debug] Peek space-mode eligibility recomputed: false
[2025-11-12 09:08:38.441470] [p-9444] [t-19268] [debug] Peek space-mode eligibility recomputed: false
[2025-11-12 09:08:38.555431] [p-9444] [t-19268] [debug] Peek space-mode eligibility recomputed: false
[2025-11-12 09:08:39.247991] [p-9444] [t-19268] [debug] Peek space-mode eligibility recomputed: false
[2025-11-12 09:08:39.618964] [p-9444] [t-19268] [debug] Peek space-mode eligibility recomputed: false
[2025-11-12 09:08:43.765880] [p-9444] [t-19268] [debug] Peek space-mode eligibility recomputed: false
[2025-11-12 09:08:45.478117] [p-9444] [t-19268] [debug] Peek space-mode eligibility recomputed: false
[2025-11-12 09:08:45.563519] [p-9444] [t-19268] [debug] Peek space-mode eligibility recomputed: false
[2025-11-12 09:08:46.282652] [p-9444] [t-19268] [debug] Peek space-mode eligibility recomputed: false
[2025-11-12 09:08:47.595183] [p-9444] [t-19268] [debug] Peek space-mode eligibility recomputed: false
[2025-11-12 09:08:47.688646] [p-9444] [t-19268] [debug] Peek space-mode eligibility recomputed: false
[2025-11-12 09:08:49.923915] [p-9444] [t-19268] [debug] Peek space-mode eligibility recomputed: false
[2025-11-12 09:08:50.298036] [p-9444] [t-19268] [debug] Peek space-mode eligibility recomputed: false
[2025-11-12 09:08:50.437715] [p-9444] [t-19268] [debug] Peek space-mode eligibility recomputed: false
[2025-11-12 09:08:51.127152] [p-9444] [t-19268] [debug] Peek space-mode eligibility recomputed: false
[2025-11-12 09:08:51.422672] [p-9444] [t-19268] [debug] Peek space-mode eligibility recomputed: false
[2025-11-12 09:08:51.531389] [p-9444] [t-19268] [debug] Peek space-mode eligibility recomputed: false
[2025-11-12 09:08:52.237665] [p-9444] [t-16164] [debug] Peek space-mode eligibility recomputed: false
[2025-11-12 09:08:52.548130] [p-9444] [t-16164] [debug] Peek space-mode eligibility recomputed: false
[2025-11-12 09:08:52.639963] [p-9444] [t-16164] [debug] Peek space-mode eligibility recomputed: false
[2025-11-12 09:08:56.053137] [p-9444] [t-16164] [debug] Peek space-mode eligibility recomputed: false
[2025-11-12 09:08:56.613531] [p-9444] [t-16164] [debug] Peek space-mode eligibility recomputed: false
[2025-11-12 09:08:57.313114] [p-9444] [t-16164] [debug] Peek space-mode eligibility recomputed: false
[2025-11-12 09:08:57.888718] [p-9444] [t-16164] [debug] Peek space-mode eligibility recomputed: false
[2025-11-12 09:08:58.361879] [p-9444] [t-16164] [debug] Peek space-mode eligibility recomputed: false
[2025-11-12 09:08:58.469836] [p-9444] [t-16164] [debug] Peek space-mode eligibility recomputed: false
[2025-11-12 09:09:01.704170] [p-9444] [t-16164] [debug] Peek space-mode eligibility recomputed: false
[2025-11-12 09:09:01.812155] [p-9444] [t-16164] [debug] Peek space-mode eligibility recomputed: false
[2025-11-12 09:09:05.625876] [p-9444] [t-16164] [debug] Peek space-mode eligibility recomputed: false
[2025-11-12 09:09:05.785945] [p-9444] [t-16164] [debug] Peek space-mode eligibility recomputed: false
[2025-11-12 09:09:16.627672] [p-9444] [t-16164] [debug] Peek space-mode eligibility recomputed: false
[2025-11-12 09:09:16.798410] [p-9444] [t-16164] [debug] Peek space-mode eligibility recomputed: false
[2025-11-12 09:09:17.505401] [p-9444] [t-16164] [debug] Peek space-mode eligibility recomputed: false
[2025-11-12 09:09:17.593307] [p-9444] [t-16164] [debug] Peek space-mode eligibility recomputed: false
[2025-11-12 09:09:22.598849] [p-9444] [t-16164] [debug] Peek space-mode eligibility recomputed: false
[2025-11-12 09:09:23.281678] [p-9444] [t-16164] [debug] Peek space-mode eligibility recomputed: false
[2025-11-12 09:09:24.313669] [p-9444] [t-16164] [debug] Peek space-mode eligibility recomputed: false
[2025-11-12 09:09:24.670526] [p-9444] [t-16164] [debug] Peek space-mode eligibility recomputed: false
[2025-11-12 09:09:24.752785] [p-9444] [t-16164] [debug] Peek space-mode eligibility recomputed: false
[2025-11-12 09:09:25.392381] [p-9444] [t-16164] [debug] Peek space-mode eligibility recomputed: false
[2025-11-12 09:09:25.940238] [p-9444] [t-16164] [debug] Peek space-mode eligibility recomputed: false
[2025-11-12 09:09:27.015150] [p-9444] [t-16164] [debug] Peek space-mode eligibility recomputed: false
[2025-11-12 09:09:33.566792] [p-9444] [t-16164] [debug] Peek space-mode eligibility recomputed: false
[2025-11-12 09:09:33.738805] [p-9444] [t-16164] [debug] Peek space-mode eligibility recomputed: false
[2025-11-12 09:09:33.800311] [p-9444] [t-16164] [debug] Peek space-mode eligibility recomputed: false
[2025-11-12 09:09:48.891822] [p-9444] [t-16164] [debug] Peek space-mode eligibility recomputed: false
[2025-11-12 09:09:49.268729] [p-9444] [t-16164] [debug] Peek space-mode eligibility recomputed: false
[2025-11-12 09:09:50.193342] [p-9444] [t-16164] [debug] Peek space-mode eligibility recomputed: false
[2025-11-12 09:09:50.614110] [p-9444] [t-16164] [debug] Peek space-mode eligibility recomputed: false
[2025-11-12 09:09:51.087548] [p-9444] [t-16164] [debug] Peek space-mode eligibility recomputed: false
[2025-11-12 09:09:53.284301] [p-9444] [t-16164] [debug] Peek space-mode eligibility recomputed: false
[2025-11-12 09:09:53.453705] [p-9444] [t-16164] [debug] Peek space-mode eligibility recomputed: false
[2025-11-12 09:09:53.516402] [p-9444] [t-16164] [debug] Peek space-mode eligibility recomputed: false
[2025-11-12 09:10:03.588818] [p-9444] [t-16164] [debug] Peek space-mode eligibility recomputed: false
[2025-11-12 09:10:03.656386] [p-9444] [t-16164] [debug] Peek space-mode eligibility recomputed: false
[2025-11-12 09:10:04.595429] [p-9444] [t-16164] [debug] Peek space-mode eligibility recomputed: false
[2025-11-12 09:10:07.555483] [p-9444] [t-16164] [debug] Peek space-mode eligibility recomputed: false
[2025-11-12 09:10:07.722765] [p-9444] [t-16164] [debug] Peek space-mode eligibility recomputed: false
[2025-11-12 09:10:07.889935] [p-9444] [t-16164] [debug] Peek space-mode eligibility recomputed: false
[2025-11-12 09:10:07.954870] [p-9444] [t-16164] [debug] Peek space-mode eligibility recomputed: false
[2025-11-12 09:10:34.136552] [p-9444] [t-3420] [debug] Peek space-mode eligibility recomputed: false
[2025-11-12 09:10:34.250265] [p-9444] [t-3420] [debug] Peek space-mode eligibility recomputed: false
[2025-11-12 09:10:35.563026] [p-9444] [t-3420] [debug] Peek space-mode eligibility recomputed: false
[2025-11-12 09:10:36.722989] [p-9444] [t-3420] [debug] Peek space-mode eligibility recomputed: false
[2025-11-12 09:10:39.204556] [p-9444] [t-3420] [debug] Peek space-mode eligibility recomputed: false
[2025-11-12 09:10:39.984470] [p-9444] [t-3420] [debug] Peek space-mode eligibility recomputed: false
[2025-11-12 09:10:42.173852] [p-9444] [t-3420] [debug] Peek space-mode eligibility recomputed: false
[2025-11-12 09:10:42.346103] [p-9444] [t-3420] [debug] Peek space-mode eligibility recomputed: false
[2025-11-12 09:10:42.438927] [p-9444] [t-3420] [debug] Peek space-mode eligibility recomputed: false
[2025-11-12 09:10:56.016746] [p-9444] [t-3420] [debug] Peek space-mode eligibility recomputed: false
[2025-11-12 09:11:04.313058] [p-9444] [t-19268] [debug] Peek space-mode eligibility recomputed: false
[2025-11-12 09:11:06.297571] [p-9444] [t-19268] [debug] Peek space-mode eligibility recomputed: false
[2025-11-12 09:11:06.815543] [p-9444] [t-19268] [debug] Peek space-mode eligibility recomputed: false
[2025-11-12 09:11:07.776722] [p-9444] [t-19268] [debug] Peek space-mode eligibility recomputed: false
[2025-11-12 09:11:07.864083] [p-9444] [t-19268] [debug] Peek space-mode eligibility recomputed: false
[2025-11-12 09:11:08.500987] [p-9444] [t-19268] [debug] Peek space-mode eligibility recomputed: false
[2025-11-12 09:11:08.815165] [p-9444] [t-19268] [debug] Peek space-mode eligibility recomputed: false
[2025-11-12 09:11:09.394780] [p-9444] [t-19268] [debug] Peek space-mode eligibility recomputed: false
[2025-11-12 09:11:10.125417] [p-9444] [t-3420] [debug] Peek space-mode eligibility recomputed: false
[2025-11-12 09:11:11.721094] [p-9444] [t-3420] [debug] Peek space-mode eligibility recomputed: false
[2025-11-12 09:11:12.267587] [p-9444] [t-3420] [debug] Peek space-mode eligibility recomputed: false
[2025-11-12 09:11:12.830301] [p-9444] [t-3420] [debug] Peek space-mode eligibility recomputed: false
[2025-11-12 09:11:13.049214] [p-9444] [t-3420] [debug] Peek space-mode eligibility recomputed: false
[2025-11-12 09:11:13.517037] [p-9444] [t-3420] [debug] Peek space-mode eligibility recomputed: false
[2025-11-12 09:11:14.629796] [p-9444] [t-3420] [debug] Peek space-mode eligibility recomputed: false
[2025-11-12 09:11:14.861518] [p-9444] [t-3420] [debug] Peek space-mode eligibility recomputed: false
[2025-11-12 09:11:15.269039] [p-9444] [t-3420] [debug] Peek space-mode eligibility recomputed: false
[2025-11-12 09:11:15.908262] [p-9444] [t-3420] [debug] Peek space-mode eligibility recomputed: false
[2025-11-12 09:11:16.308041] [p-9444] [t-3420] [debug] Peek space-mode eligibility recomputed: false
[2025-11-12 09:11:19.237350] [p-9444] [t-3420] [debug] Peek space-mode eligibility recomputed: false
[2025-11-12 09:11:23.406483] [p-9444] [t-3420] [debug] Peek space-mode eligibility recomputed: false
[2025-11-12 09:11:23.578735] [p-9444] [t-3420] [debug] Peek space-mode eligibility recomputed: false
[2025-11-12 09:11:23.672556] [p-9444] [t-3420] [debug] Peek space-mode eligibility recomputed: false
[2025-11-12 09:11:34.730708] [p-9444] [t-3420] [debug] Peek space-mode eligibility recomputed: false
[2025-11-12 09:11:34.845873] [p-9444] [t-3420] [debug] Peek space-mode eligibility recomputed: false
[2025-11-12 09:11:35.702703] [p-9444] [t-3420] [debug] Peek space-mode eligibility recomputed: false
[2025-11-12 09:11:39.220044] [p-9444] [t-3420] [debug] Peek space-mode eligibility recomputed: false
[2025-11-12 09:11:42.822572] [p-9444] [t-3420] [debug] Peek space-mode eligibility recomputed: false
[2025-11-12 09:11:43.652131] [p-9444] [t-3420] [debug] Peek space-mode eligibility recomputed: false
[2025-11-12 09:11:45.182418] [p-9444] [t-3420] [debug] Peek space-mode eligibility recomputed: false
[2025-11-12 09:11:47.093499] [p-9444] [t-3420] [debug] Peek space-mode eligibility recomputed: false
[2025-11-12 09:11:47.255960] [p-9444] [t-3420] [debug] Peek space-mode eligibility recomputed: false
[2025-11-12 09:11:47.346377] [p-9444] [t-3420] [debug] Peek space-mode eligibility recomputed: false
[2025-11-12 09:12:20.027452] [p-9444] [t-3420] [debug] Peek space-mode eligibility recomputed: false
[2025-11-12 09:12:20.162226] [p-9444] [t-3420] [debug] Peek space-mode eligibility recomputed: false
[2025-11-12 09:12:21.020950] [p-9444] [t-3420] [debug] Peek space-mode eligibility recomputed: false
[2025-11-12 09:12:22.078270] [p-9444] [t-3420] [debug] Peek space-mode eligibility recomputed: false
[2025-11-12 09:12:34.893032] [p-9444] [t-3420] [debug] Peek space-mode eligibility recomputed: false
[2025-11-12 09:12:36.080763] [p-9444] [t-3420] [debug] Peek space-mode eligibility recomputed: false
[2025-11-12 09:12:38.409161] [p-9444] [t-3420] [debug] Peek space-mode eligibility recomputed: false
[2025-11-12 09:12:38.580115] [p-9444] [t-3420] [debug] Peek space-mode eligibility recomputed: false
[2025-11-12 09:12:38.705857] [p-9444] [t-3420] [debug] Peek space-mode eligibility recomputed: false
[2025-11-12 09:13:01.372199] [p-9444] [t-3420] [debug] Peek space-mode eligibility recomputed: false
[2025-11-12 09:13:01.547702] [p-9444] [t-3420] [debug] Peek space-mode eligibility recomputed: false
[2025-11-12 09:13:02.282536] [p-9444] [t-3420] [debug] Peek space-mode eligibility recomputed: false
[2025-11-12 09:13:05.409929] [p-9444] [t-3420] [debug] Peek space-mode eligibility recomputed: false
[2025-11-12 09:13:05.487522] [p-9444] [t-3420] [debug] Peek space-mode eligibility recomputed: false
[2025-11-12 09:13:08.734617] [p-9444] [t-3420] [debug] Peek space-mode eligibility recomputed: false
[2025-11-12 09:13:24.112746] [p-9444] [t-3420] [debug] Peek space-mode eligibility recomputed: false
[2025-11-12 09:13:25.594025] [p-9444] [t-3420] [debug] Peek space-mode eligibility recomputed: false
[2025-11-12 09:13:26.583849] [p-9444] [t-3420] [debug] Peek space-mode eligibility recomputed: false
[2025-11-12 09:13:27.520159] [p-9444] [t-3420] [debug] Peek space-mode eligibility recomputed: false
[2025-11-12 09:13:31.396597] [p-9444] [t-3420] [debug] Peek space-mode eligibility recomputed: false
[2025-11-12 09:13:32.049558] [p-9444] [t-3420] [debug] Peek space-mode eligibility recomputed: false
[2025-11-12 09:13:32.300338] [p-9444] [t-3420] [debug] Peek space-mode eligibility recomputed: false
[2025-11-12 09:13:33.632286] [p-9444] [t-3420] [debug] Peek space-mode eligibility recomputed: false
[2025-11-12 09:13:36.197591] [p-9444] [t-3420] [debug] Peek space-mode eligibility recomputed: false
[2025-11-12 09:13:49.940828] [p-9444] [t-3420] [debug] Peek space-mode eligibility recomputed: false
[2025-11-12 09:13:51.953284] [p-9444] [t-3420] [debug] Peek space-mode eligibility recomputed: false
[2025-11-12 09:13:55.221099] [p-9444] [t-3420] [debug] Peek space-mode eligibility recomputed: false
[2025-11-12 09:14:20.473633] [p-9444] [t-3420] [debug] Peek space-mode eligibility recomputed: false
[2025-11-12 09:14:20.639476] [p-9444] [t-3420] [debug] Peek space-mode eligibility recomputed: false
[2025-11-12 09:14:20.803879] [p-9444] [t-3420] [debug] Peek space-mode eligibility recomputed: false
[2025-11-12 09:14:20.941982] [p-9444] [t-3420] [debug] Peek space-mode eligibility recomputed: false
[2025-11-12 09:14:38.876728] [p-9444] [t-3420] [debug] Peek space-mode eligibility recomputed: false
[2025-11-12 09:14:39.064659] [p-9444] [t-3420] [debug] Peek space-mode eligibility recomputed: false
[2025-11-12 09:14:40.190085] [p-9444] [t-3420] [debug] Peek space-mode eligibility recomputed: false
[2025-11-12 09:14:40.923192] [p-9444] [t-3420] [debug] Peek space-mode eligibility recomputed: false
[2025-11-12 09:14:46.672294] [p-9444] [t-3420] [debug] Peek space-mode eligibility recomputed: false
[2025-11-12 09:15:52.705959] [p-9444] [t-3420] [debug] Peek space-mode eligibility recomputed: false
[2025-11-12 09:16:06.750670] [p-9444] [t-3420] [debug] Peek space-mode eligibility recomputed: false
[2025-11-12 09:16:07.840031] [p-9444] [t-3420] [debug] Peek space-mode eligibility recomputed: true
[2025-11-12 09:16:15.773932] [p-9444] [t-3420] [debug] Peek space-mode eligibility recomputed: false
[2025-11-12 09:16:18.551887] [p-9444] [t-3420] [debug] Peek space-mode eligibility recomputed: false
[2025-11-12 09:16:18.987245] [p-9444] [t-3420] [debug] Peek space-mode eligibility recomputed: true
[2025-11-12 09:16:23.614430] [p-9444] [t-2808] [debug] Peek space-mode eligibility recomputed: false
[2025-11-12 09:16:24.896816] [p-9444] [t-2808] [debug] Peek space-mode eligibility recomputed: true
[2025-11-12 09:16:25.289748] [p-9444] [t-2808] [debug] Peek space-mode eligibility recomputed: false
[2025-11-12 09:16:46.743011] [p-9444] [t-2808] [debug] Peek space-mode eligibility recomputed: false
[2025-11-12 09:16:46.811783] [p-9444] [t-2808] [debug] Peek space-mode eligibility recomputed: false
[2025-11-12 09:16:46.901897] [p-9444] [t-2808] [debug] Peek space-mode eligibility recomputed: false
[2025-11-12 09:16:50.475866] [p-9444] [t-2808] [debug] Peek space-mode eligibility recomputed: false
[2025-11-12 09:16:50.573569] [p-9444] [t-2808] [debug] Peek space-mode eligibility recomputed: false
[2025-11-12 09:17:36.062931] [p-9444] [t-2808] [debug] Peek space-mode eligibility recomputed: false
[2025-11-12 09:17:56.286541] [p-9444] [t-2808] [debug] Peek space-mode eligibility recomputed: false
[2025-11-12 09:17:59.763328] [p-9444] [t-2808] [debug] Peek space-mode eligibility recomputed: false
[2025-11-12 09:18:00.328491] [p-9444] [t-2808] [debug] Peek space-mode eligibility recomputed: false
[2025-11-12 09:18:00.502255] [p-9444] [t-2808] [debug] Peek space-mode eligibility recomputed: false
[2025-11-12 09:18:11.105692] [p-9444] [t-2808] [debug] Peek space-mode eligibility recomputed: false
[2025-11-12 09:18:13.297993] [p-9444] [t-2808] [debug] Peek space-mode eligibility recomputed: false
[2025-11-12 09:18:26.038468] [p-9444] [t-2808] [debug] Peek space-mode eligibility recomputed: true
[2025-11-12 09:18:32.415543] [p-9444] [t-2808] [debug] Peek space-mode eligibility recomputed: false
[2025-11-12 09:18:34.600100] [p-9444] [t-2808] [debug] Peek space-mode eligibility recomputed: false
[2025-11-12 09:18:37.606595] [p-9444] [t-2808] [debug] Peek space-mode eligibility recomputed: false
[2025-11-12 09:18:37.763818] [p-9444] [t-2808] [debug] Peek space-mode eligibility recomputed: false
[2025-11-12 09:18:38.889088] [p-9444] [t-2808] [debug] Peek space-mode eligibility recomputed: false
[2025-11-12 09:18:39.528884] [p-9444] [t-2808] [debug] Peek space-mode eligibility recomputed: false
[2025-11-12 09:18:45.562735] [p-9444] [t-2808] [debug] Peek space-mode eligibility recomputed: false
[2025-11-12 09:18:47.881948] [p-9444] [t-2808] [debug] Peek space-mode eligibility recomputed: false
[2025-11-12 09:18:56.965894] [p-9444] [t-2808] [debug] Peek space-mode eligibility recomputed: false
[2025-11-12 09:18:58.662276] [p-9444] [t-2808] [debug] Peek space-mode eligibility recomputed: false
[2025-11-12 09:18:58.739606] [p-9444] [t-2808] [debug] Peek space-mode eligibility recomputed: false
[2025-11-12 09:18:59.989258] [p-9444] [t-2808] [debug] Peek space-mode eligibility recomputed: false
[2025-11-12 09:19:05.263469] [p-9444] [t-2808] [debug] Peek space-mode eligibility recomputed: false
[2025-11-12 09:19:09.345904] [p-9444] [t-2808] [debug] Peek space-mode eligibility recomputed: false
[2025-11-12 09:19:17.390561] [p-9444] [t-2808] [debug] Peek space-mode eligibility recomputed: false
[2025-11-12 09:19:17.452830] [p-9444] [t-2808] [debug] Peek space-mode eligibility recomputed: false
[2025-11-12 09:19:18.593173] [p-9444] [t-2808] [debug] Peek space-mode eligibility recomputed: false
[2025-11-12 09:19:20.660469] [p-9444] [t-2808] [debug] Peek space-mode eligibility recomputed: false
[2025-11-12 09:19:25.828050] [p-9444] [t-2808] [debug] Peek space-mode eligibility recomputed: false
[2025-11-12 09:19:25.893057] [p-9444] [t-2808] [debug] Peek space-mode eligibility recomputed: false
[2025-11-12 09:19:27.017395] [p-9444] [t-2808] [debug] Peek space-mode eligibility recomputed: false
[2025-11-12 09:19:30.805658] [p-9444] [t-2808] [debug] Peek space-mode eligibility recomputed: false
[2025-11-12 09:19:30.872547] [p-9444] [t-2808] [debug] Peek space-mode eligibility recomputed: false
[2025-11-12 09:19:36.821530] [p-9444] [t-2808] [debug] Peek space-mode eligibility recomputed: false
[2025-11-12 09:19:43.940529] [p-9444] [t-2808] [debug] Peek space-mode eligibility recomputed: false
[2025-11-12 09:19:48.251869] [p-9444] [t-2808] [debug] Peek space-mode eligibility recomputed: false
[2025-11-12 09:19:53.980480] [p-9444] [t-2808] [debug] Peek space-mode eligibility recomputed: false
[2025-11-12 09:20:00.207876] [p-9444] [t-2808] [debug] Peek space-mode eligibility recomputed: false
[2025-11-12 09:20:00.753278] [p-9444] [t-2808] [debug] Peek space-mode eligibility recomputed: false
[2025-11-12 09:20:01.837424] [p-9444] [t-2808] [debug] Peek space-mode eligibility recomputed: false
[2025-11-12 09:20:04.589816] [p-9444] [t-2808] [debug] Peek space-mode eligibility recomputed: false
[2025-11-12 09:20:04.652719] [p-9444] [t-2808] [debug] Peek space-mode eligibility recomputed: false
[2025-11-12 09:20:09.185613] [p-9444] [t-2808] [debug] Peek space-mode eligibility recomputed: false
[2025-11-12 09:20:57.546186] [p-9444] [t-2808] [debug] Peek space-mode eligibility recomputed: false
[2025-11-12 09:21:00.658797] [p-9444] [t-2808] [debug] Peek space-mode eligibility recomputed: false
[2025-11-12 09:21:07.980728] [p-9444] [t-2808] [debug] Peek space-mode eligibility recomputed: false
[2025-11-12 09:21:27.496279] [p-9444] [t-2808] [debug] Peek space-mode eligibility recomputed: false
[2025-11-12 09:21:27.599063] [p-9444] [t-2808] [debug] Peek space-mode eligibility recomputed: false
[2025-11-12 09:21:29.658839] [p-9444] [t-2808] [debug] Peek space-mode eligibility recomputed: false
[2025-11-12 09:21:37.515146] [p-9444] [t-2808] [debug] Peek space-mode eligibility recomputed: false
[2025-11-12 09:21:37.600722] [p-9444] [t-2808] [debug] Peek space-mode eligibility recomputed: false
[2025-11-12 09:21:48.156890] [p-9444] [t-2808] [debug] Peek space-mode eligibility recomputed: false
[2025-11-12 09:21:48.216143] [p-9444] [t-2808] [debug] Peek space-mode eligibility recomputed: false
[2025-11-12 09:22:01.871851] [p-9444] [t-2808] [debug] Peek space-mode eligibility recomputed: false
[2025-11-12 09:22:05.065928] [p-9444] [t-2808] [debug] Peek space-mode eligibility recomputed: false
[2025-11-12 09:22:06.755259] [p-9444] [t-2808] [debug] Peek space-mode eligibility recomputed: false
[2025-11-12 09:22:12.627162] [p-9444] [t-2808] [debug] Peek space-mode eligibility recomputed: false
[2025-11-12 09:22:14.414336] [p-9444] [t-2808] [debug] Peek space-mode eligibility recomputed: false
[2025-11-12 09:22:14.473414] [p-9444] [t-2808] [debug] Peek space-mode eligibility recomputed: false
[2025-11-12 09:22:15.074133] [p-9444] [t-2808] [debug] Peek space-mode eligibility recomputed: false
[2025-11-12 09:22:15.132864] [p-9444] [t-2808] [debug] Peek space-mode eligibility recomputed: false
[2025-11-12 09:22:25.602241] [p-9444] [t-2808] [debug] Peek space-mode eligibility recomputed: false
[2025-11-12 09:22:25.681873] [p-9444] [t-2808] [debug] Peek space-mode eligibility recomputed: false
[2025-11-12 09:22:29.434186] [p-9444] [t-2808] [debug] Peek space-mode eligibility recomputed: false
[2025-11-12 09:22:33.177706] [p-9444] [t-2808] [debug] Peek space-mode eligibility recomputed: false
[2025-11-12 09:22:34.754108] [p-9444] [t-2808] [debug] Peek space-mode eligibility recomputed: false
[2025-11-12 09:22:35.836693] [p-9444] [t-2808] [debug] Peek space-mode eligibility recomputed: false
[2025-11-12 09:22:36.646079] [p-9444] [t-2808] [debug] Peek space-mode eligibility recomputed: false
[2025-11-12 09:22:45.678976] [p-9444] [t-2808] [debug] Peek space-mode eligibility recomputed: false
[2025-11-12 09:22:47.642802] [p-9444] [t-2808] [debug] Peek space-mode eligibility recomputed: false
[2025-11-12 09:22:49.502273] [p-9444] [t-2808] [debug] Peek space-mode eligibility recomputed: false
[2025-11-12 09:22:57.594605] [p-9444] [t-2808] [debug] Peek space-mode eligibility recomputed: false
[2025-11-12 09:22:58.819146] [p-9444] [t-2808] [debug] Peek space-mode eligibility recomputed: false
[2025-11-12 09:22:59.318464] [p-9444] [t-2808] [debug] Peek space-mode eligibility recomputed: false
[2025-11-12 09:23:50.778900] [p-9444] [t-2808] [debug] Peek space-mode eligibility recomputed: false
[2025-11-12 09:23:52.112342] [p-9444] [t-2808] [debug] Peek space-mode eligibility recomputed: false
[2025-11-12 09:23:54.067570] [p-9444] [t-2808] [debug] Peek space-mode eligibility recomputed: false
[2025-11-12 09:23:58.125417] [p-9444] [t-2808] [debug] Peek space-mode eligibility recomputed: false
[2025-11-12 09:23:58.198730] [p-9444] [t-2808] [debug] Peek space-mode eligibility recomputed: false
[2025-11-12 09:24:00.631550] [p-9444] [t-2808] [debug] Peek space-mode eligibility recomputed: false
[2025-11-12 09:24:01.693951] [p-9444] [t-2808] [debug] Peek space-mode eligibility recomputed: false
[2025-11-12 09:24:02.628427] [p-9444] [t-2808] [debug] Peek space-mode eligibility recomputed: false
[2025-11-12 09:24:02.727129] [p-9444] [t-2808] [debug] Peek space-mode eligibility recomputed: false
[2025-11-12 09:24:02.832109] [p-9444] [t-2808] [debug] Peek space-mode eligibility recomputed: false
[2025-11-12 09:24:04.529496] [p-9444] [t-2808] [debug] Peek space-mode eligibility recomputed: false
[2025-11-12 09:24:18.614449] [p-9444] [t-368] [debug] Peek space-mode eligibility recomputed: false
[2025-11-12 09:24:29.972192] [p-9444] [t-368] [debug] Peek space-mode eligibility recomputed: false
[2025-11-12 09:25:11.043571] [p-9444] [t-22364] [debug] Peek space-mode eligibility recomputed: false
[2025-11-12 09:25:11.118692] [p-9444] [t-22364] [debug] Peek space-mode eligibility recomputed: false
[2025-11-12 09:25:12.512725] [p-9444] [t-22364] [debug] Peek space-mode eligibility recomputed: false
[2025-11-12 09:25:14.301024] [p-9444] [t-22364] [debug] Peek space-mode eligibility recomputed: false
[2025-11-12 09:25:15.399820] [p-9444] [t-22364] [debug] Peek space-mode eligibility recomputed: false
[2025-11-12 09:25:15.583930] [p-9444] [t-22364] [debug] Peek space-mode eligibility recomputed: false
[2025-11-12 09:25:24.692237] [p-9444] [t-22364] [debug] Peek space-mode eligibility recomputed: false
[2025-11-12 09:25:45.981855] [p-9444] [t-22364] [debug] Peek space-mode eligibility recomputed: false
[2025-11-12 09:26:02.302239] [p-9444] [t-22364] [debug] Peek space-mode eligibility recomputed: false
[2025-11-12 09:27:30.780826] [p-9444] [t-22364] [debug] Peek space-mode eligibility recomputed: false
[2025-11-12 09:27:36.777039] [p-9444] [t-22364] [debug] Peek space-mode eligibility recomputed: false
[2025-11-12 09:27:39.147424] [p-9444] [t-22364] [debug] Peek space-mode eligibility recomputed: false
[2025-11-12 09:27:45.784034] [p-9444] [t-22020] [debug] Peek space-mode eligibility recomputed: false
[2025-11-12 09:27:45.839005] [p-9444] [t-22020] [debug] Peek space-mode eligibility recomputed: false
[2025-11-12 09:27:48.088527] [p-9444] [t-22020] [debug] Peek space-mode eligibility recomputed: false
[2025-11-12 09:28:18.364533] [p-9444] [t-10408] [debug] Peek space-mode eligibility recomputed: false
[2025-11-12 09:28:19.611273] [p-9444] [t-10408] [debug] Peek space-mode eligibility recomputed: false
[2025-11-12 09:28:39.281149] [p-9444] [t-10408] [debug] Peek space-mode eligibility recomputed: false
[2025-11-12 09:28:53.901734] [p-9444] [t-10408] [debug] Peek space-mode eligibility recomputed: false
[2025-11-12 09:29:02.076831] [p-9444] [t-10408] [debug] Peek space-mode eligibility recomputed: false
[2025-11-12 09:29:03.370757] [p-9444] [t-10408] [debug] Peek space-mode eligibility recomputed: false
[2025-11-12 09:29:04.549692] [p-9444] [t-10408] [debug] Peek space-mode eligibility recomputed: false
[2025-11-12 09:29:06.122828] [p-9444] [t-10408] [debug] Peek space-mode eligibility recomputed: false
[2025-11-12 09:29:39.633503] [p-9444] [t-10408] [debug] Peek space-mode eligibility recomputed: false
[2025-11-12 09:29:39.709725] [p-9444] [t-10408] [debug] Peek space-mode eligibility recomputed: false
[2025-11-12 09:29:55.334347] [p-9444] [t-10408] [debug] Peek space-mode eligibility recomputed: false
[2025-11-12 09:29:57.298175] [p-9444] [t-10408] [debug] Peek space-mode eligibility recomputed: false
[2025-11-12 09:30:11.491386] [p-9444] [t-10408] [debug] Peek space-mode eligibility recomputed: false
[2025-11-12 09:30:14.035357] [p-9444] [t-10408] [debug] Peek space-mode eligibility recomputed: false
[2025-11-12 09:30:15.006340] [p-9444] [t-10408] [debug] Peek space-mode eligibility recomputed: false
[2025-11-12 09:30:16.050503] [p-9444] [t-10408] [debug] Peek space-mode eligibility recomputed: false
[2025-11-12 09:30:16.988034] [p-9444] [t-10408] [debug] Peek space-mode eligibility recomputed: false
[2025-11-12 09:30:17.600734] [p-9444] [t-10408] [debug] Peek space-mode eligibility recomputed: false
[2025-11-12 09:30:18.754384] [p-9444] [t-4280] [debug] Peek space-mode eligibility recomputed: false
[2025-11-12 09:30:18.832438] [p-9444] [t-4280] [debug] Peek space-mode eligibility recomputed: false
[2025-11-12 09:30:26.802084] [p-9444] [t-4280] [debug] Peek space-mode eligibility recomputed: false
[2025-11-12 09:30:26.990562] [p-9444] [t-4280] [debug] Peek space-mode eligibility recomputed: false
[2025-11-12 09:30:27.161815] [p-9444] [t-4280] [debug] Peek space-mode eligibility recomputed: false
[2025-11-12 09:30:39.392103] [p-9444] [t-20652] [debug] Peek space-mode eligibility recomputed: false
[2025-11-12 09:30:39.584284] [p-9444] [t-20652] [debug] Peek space-mode eligibility recomputed: false
[2025-11-12 09:30:40.495968] [p-9444] [t-20652] [debug] Peek space-mode eligibility recomputed: false
[2025-11-12 09:30:54.223352] [p-9444] [t-20652] [debug] Peek space-mode eligibility recomputed: false
[2025-11-12 09:31:01.321258] [p-9444] [t-20652] [debug] Peek space-mode eligibility recomputed: false
[2025-11-12 09:31:06.956129] [p-9444] [t-20652] [debug] Peek space-mode eligibility recomputed: false
[2025-11-12 09:31:09.290771] [p-9444] [t-20652] [debug] Peek space-mode eligibility recomputed: false
[2025-11-12 09:32:09.959182] [p-9444] [t-20652] [debug] Peek space-mode eligibility recomputed: false
[2025-11-12 09:32:15.052735] [p-9444] [t-20652] [debug] Peek space-mode eligibility recomputed: false
[2025-11-12 09:33:26.436962] [p-9444] [t-20652] [debug] Peek space-mode eligibility recomputed: false
[2025-11-12 09:33:28.730043] [p-9444] [t-20652] [debug] Peek space-mode eligibility recomputed: false
[2025-11-12 09:34:07.291480] [p-9444] [t-20652] [debug] Peek space-mode eligibility recomputed: false
[2025-11-12 09:34:22.007476] [p-9444] [t-19256] [debug] Peek space-mode eligibility recomputed: false
[2025-11-12 09:34:22.072917] [p-9444] [t-19256] [debug] Peek space-mode eligibility recomputed: false
[2025-11-12 09:34:22.906577] [p-9444] [t-19256] [debug] Peek space-mode eligibility recomputed: false
[2025-11-12 09:35:08.981692] [p-9444] [t-19256] [debug] Peek space-mode eligibility recomputed: false
[2025-11-12 09:35:13.944431] [p-9444] [t-19256] [debug] Peek space-mode eligibility recomputed: false
[2025-11-12 09:35:17.464608] [p-9444] [t-19256] [debug] Peek space-mode eligibility recomputed: false
[2025-11-12 09:35:19.215072] [p-9444] [t-19256] [debug] Peek space-mode eligibility recomputed: false
[2025-11-12 09:35:21.435652] [p-9444] [t-19256] [debug] Peek space-mode eligibility recomputed: true
[2025-11-12 09:35:34.190642] [p-9444] [t-21576] [debug] Peek space-mode eligibility recomputed: true
[2025-11-12 09:35:43.882416] [p-9444] [t-21576] [debug] Peek space-mode eligibility recomputed: false
[2025-11-12 09:35:44.532865] [p-9444] [t-21576] [debug] Peek space-mode eligibility recomputed: true
[2025-11-12 09:35:45.679718] [p-9444] [t-21576] [debug] Peek space-mode eligibility recomputed: false
[2025-11-12 09:35:45.805796] [p-9444] [t-21576] [debug] Peek space-mode eligibility recomputed: false
[2025-11-12 09:35:46.752158] [p-9444] [t-21576] [debug] Peek space-mode eligibility recomputed: false
[2025-11-12 09:35:46.972992] [p-9444] [t-21576] [debug] Peek space-mode eligibility recomputed: true
[2025-11-12 09:35:50.606455] [p-9444] [t-21576] [debug] Peek space-mode eligibility recomputed: false
[2025-11-12 09:35:51.314997] [p-9444] [t-21576] [debug] Peek space-mode eligibility recomputed: true
[2025-11-12 09:35:54.166416] [p-9444] [t-21576] [debug] Peek space-mode eligibility recomputed: false
[2025-11-12 09:35:54.726213] [p-9444] [t-21576] [debug] Peek space-mode eligibility recomputed: true
[2025-11-12 09:36:13.487167] [p-9444] [t-21576] [debug] Peek space-mode eligibility recomputed: false
[2025-11-12 09:36:16.897444] [p-9444] [t-21576] [debug] Peek space-mode eligibility recomputed: false
[2025-11-12 09:36:16.985906] [p-9444] [t-21576] [debug] Peek space-mode eligibility recomputed: false
[2025-11-12 09:36:17.604179] [p-9444] [t-21576] [debug] Peek space-mode eligibility recomputed: false
[2025-11-12 09:36:17.718219] [p-9444] [t-21576] [debug] Peek space-mode eligibility recomputed: false
[2025-11-12 09:36:18.858597] [p-9444] [t-21576] [debug] Peek space-mode eligibility recomputed: false
[2025-11-12 09:36:19.471060] [p-9444] [t-21576] [debug] Peek space-mode eligibility recomputed: false
[2025-11-12 09:36:26.249645] [p-9444] [t-21576] [debug] Peek space-mode eligibility recomputed: false
[2025-11-12 09:36:28.148002] [p-9444] [t-21576] [debug] Peek space-mode eligibility recomputed: false
[2025-11-12 09:36:54.043071] [p-9444] [t-9096] [debug] Peek space-mode eligibility recomputed: false
[2025-11-12 09:36:54.106497] [p-9444] [t-9096] [debug] Peek space-mode eligibility recomputed: false
[2025-11-12 09:36:57.211181] [p-9444] [t-9096] [debug] Peek space-mode eligibility recomputed: false
[2025-11-12 09:37:40.471126] [p-9444] [t-9096] [debug] Peek space-mode eligibility recomputed: false
[2025-11-12 09:37:45.231834] [p-9444] [t-9096] [debug] Peek space-mode eligibility recomputed: false
[2025-11-12 09:37:48.819799] [p-9444] [t-9096] [debug] Peek space-mode eligibility recomputed: false
[2025-11-12 09:37:48.886634] [p-9444] [t-9096] [debug] Peek space-mode eligibility recomputed: false
[2025-11-12 09:37:48.945792] [p-9444] [t-9096] [debug] Peek space-mode eligibility recomputed: false
[2025-11-12 09:37:51.144667] [p-9444] [t-9096] [debug] Peek space-mode eligibility recomputed: false
[2025-11-12 09:37:54.898640] [p-9444] [t-9096] [debug] Peek space-mode eligibility recomputed: false
[2025-11-12 09:37:56.036029] [p-9444] [t-9096] [debug] Peek space-mode eligibility recomputed: false
[2025-11-12 09:37:56.258759] [p-9444] [t-9096] [debug] Peek space-mode eligibility recomputed: false
[2025-11-12 09:37:57.107733] [p-9444] [t-9096] [debug] Peek space-mode eligibility recomputed: false
[2025-11-12 09:37:57.791575] [p-9444] [t-9096] [debug] Peek space-mode eligibility recomputed: false
