[2025-11-07 12:25:55.518539] [p-13628] [t-19116] [debug] Peek space-mode eligibility recomputed: false
[2025-11-07 12:25:56.097259] [p-13628] [t-19116] [debug] Peek space-mode eligibility recomputed: false
[2025-11-07 12:26:32.731389] [p-13628] [t-19116] [debug] Peek space-mode eligibility recomputed: false
[2025-11-07 12:26:33.135074] [p-13628] [t-19116] [debug] Peek space-mode eligibility recomputed: false
[2025-11-07 12:29:14.212879] [p-13628] [t-25812] [debug] Peek space-mode eligibility recomputed: false
[2025-11-07 12:29:14.349285] [p-13628] [t-25812] [debug] Peek space-mode eligibility recomputed: false
[2025-11-07 12:55:50.158918] [p-13628] [t-25812] [debug] Peek space-mode eligibility recomputed: false
[2025-11-07 12:55:50.367968] [p-13628] [t-25812] [debug] Peek space-mode eligibility recomputed: false
[2025-11-07 12:55:50.536793] [p-13628] [t-25812] [debug] Peek space-mode eligibility recomputed: false
[2025-11-07 12:55:50.636981] [p-13628] [t-25812] [debug] Peek space-mode eligibility recomputed: false
[2025-11-07 12:56:02.638105] [p-13628] [t-25812] [debug] Peek space-mode eligibility recomputed: false
[2025-11-07 12:56:03.057163] [p-13628] [t-25812] [debug] Peek space-mode eligibility recomputed: false
[2025-11-07 12:57:26.007564] [p-13628] [t-25812] [debug] Peek space-mode eligibility recomputed: true
[2025-11-07 12:57:27.210279] [p-13628] [t-25812] [debug] Peek space-mode eligibility recomputed: false
[2025-11-07 12:57:43.477759] [p-13628] [t-25812] [debug] Peek space-mode eligibility recomputed: false
[2025-11-07 12:57:50.327647] [p-13628] [t-25812] [debug] Peek space-mode eligibility recomputed: false
[2025-11-07 12:57:50.680813] [p-13628] [t-25812] [debug] Peek space-mode eligibility recomputed: false
[2025-11-07 12:57:50.981566] [p-13628] [t-25812] [debug] Peek space-mode eligibility recomputed: false
[2025-11-07 12:57:56.134598] [p-13628] [t-25812] [debug] Peek space-mode eligibility recomputed: false
[2025-11-07 12:57:56.210059] [p-13628] [t-25812] [debug] Peek space-mode eligibility recomputed: false
[2025-11-07 12:58:03.249178] [p-13628] [t-25812] [debug] Peek space-mode eligibility recomputed: true
[2025-11-07 12:58:09.892952] [p-13628] [t-25812] [debug] Peek space-mode eligibility recomputed: false
[2025-11-07 12:58:09.948383] [p-13628] [t-25812] [debug] Peek space-mode eligibility recomputed: false
[2025-11-07 12:58:11.596500] [p-13628] [t-25812] [debug] Peek space-mode eligibility recomputed: false
[2025-11-07 12:58:15.795980] [p-13628] [t-25812] [debug] Peek space-mode eligibility recomputed: false
[2025-11-07 12:58:15.911028] [p-13628] [t-25812] [debug] Peek space-mode eligibility recomputed: false
[2025-11-07 12:58:23.924641] [p-13628] [t-25812] [debug] Peek space-mode eligibility recomputed: false
[2025-11-07 12:58:24.074602] [p-13628] [t-25812] [debug] Peek space-mode eligibility recomputed: false
[2025-11-07 12:58:24.668543] [p-13628] [t-25812] [debug] Peek space-mode eligibility recomputed: false
[2025-11-07 12:58:26.547180] [p-13628] [t-25812] [debug] Peek space-mode eligibility recomputed: false
[2025-11-07 12:58:45.096373] [p-13628] [t-25812] [debug] Peek space-mode eligibility recomputed: false
[2025-11-07 12:58:54.843592] [p-13628] [t-25812] [debug] Peek space-mode eligibility recomputed: false
[2025-11-07 12:58:54.968188] [p-13628] [t-25812] [debug] Peek space-mode eligibility recomputed: false
[2025-11-07 12:59:06.646852] [p-13628] [t-25812] [debug] Peek space-mode eligibility recomputed: false
[2025-11-07 12:59:06.902288] [p-13628] [t-25812] [debug] Peek space-mode eligibility recomputed: false
[2025-11-07 12:59:10.533388] [p-13628] [t-25812] [debug] Peek space-mode eligibility recomputed: false
[2025-11-07 12:59:20.059127] [p-13628] [t-25812] [debug] Peek space-mode eligibility recomputed: false
[2025-11-07 12:59:21.621679] [p-13628] [t-25812] [debug] Peek space-mode eligibility recomputed: false
[2025-11-07 12:59:34.522613] [p-13628] [t-25812] [debug] Peek space-mode eligibility recomputed: false
[2025-11-07 13:00:33.740821] [p-13628] [t-25812] [debug] Peek space-mode eligibility recomputed: false
[2025-11-07 13:00:34.477030] [p-13628] [t-25812] [debug] Peek space-mode eligibility recomputed: false
[2025-11-07 13:01:08.790898] [p-13628] [t-25812] [debug] Peek space-mode eligibility recomputed: false
[2025-11-07 13:01:11.932263] [p-13628] [t-25812] [debug] Peek space-mode eligibility recomputed: false
[2025-11-07 13:01:14.493983] [p-13628] [t-25812] [debug] Peek space-mode eligibility recomputed: false
[2025-11-07 13:02:57.529879] [p-13628] [t-25812] [debug] Peek space-mode eligibility recomputed: false
[2025-11-07 13:03:52.106405] [p-13628] [t-25812] [debug] Peek space-mode eligibility recomputed: false
[2025-11-07 13:03:53.504505] [p-13628] [t-25812] [debug] Peek space-mode eligibility recomputed: false
[2025-11-07 13:04:08.906326] [p-13628] [t-25812] [debug] Peek space-mode eligibility recomputed: false
[2025-11-07 13:04:08.992390] [p-13628] [t-25812] [debug] Peek space-mode eligibility recomputed: false
[2025-11-07 13:04:15.381467] [p-13628] [t-25812] [debug] Peek space-mode eligibility recomputed: false
[2025-11-07 13:04:18.847062] [p-13628] [t-25812] [debug] Peek space-mode eligibility recomputed: false
[2025-11-07 13:04:48.194204] [p-13628] [t-25812] [debug] Peek space-mode eligibility recomputed: false
[2025-11-07 13:05:57.075064] [p-13628] [t-25812] [debug] Peek space-mode eligibility recomputed: false
[2025-11-07 13:06:19.447188] [p-13628] [t-25812] [debug] Peek space-mode eligibility recomputed: false
[2025-11-07 13:06:21.969236] [p-13628] [t-25812] [debug] Peek space-mode eligibility recomputed: false
[2025-11-07 13:06:37.708818] [p-13628] [t-25812] [debug] Peek space-mode eligibility recomputed: false
[2025-11-07 13:06:48.309477] [p-13628] [t-25812] [debug] Peek space-mode eligibility recomputed: false
[2025-11-07 13:06:52.291374] [p-13628] [t-25812] [debug] Peek space-mode eligibility recomputed: false
[2025-11-07 13:06:54.822534] [p-13628] [t-25812] [debug] Peek space-mode eligibility recomputed: false
[2025-11-07 13:07:56.952025] [p-13628] [t-25812] [debug] Peek space-mode eligibility recomputed: false
[2025-11-07 13:08:18.000588] [p-13628] [t-25812] [debug] Peek space-mode eligibility recomputed: false
[2025-11-07 13:08:19.413331] [p-13628] [t-25812] [debug] Peek space-mode eligibility recomputed: false
[2025-11-07 13:08:21.906234] [p-13628] [t-25812] [debug] Peek space-mode eligibility recomputed: false
[2025-11-07 13:08:21.970744] [p-13628] [t-25812] [debug] Peek space-mode eligibility recomputed: false
[2025-11-07 13:08:38.755213] [p-13628] [t-25812] [debug] Peek space-mode eligibility recomputed: false
[2025-11-07 13:08:40.949146] [p-13628] [t-25812] [debug] Peek space-mode eligibility recomputed: false
[2025-11-07 13:08:42.183750] [p-13628] [t-25812] [debug] Peek space-mode eligibility recomputed: false
[2025-11-07 13:08:45.738090] [p-13628] [t-25812] [debug] Peek space-mode eligibility recomputed: false
[2025-11-07 13:09:28.032607] [p-13628] [t-25812] [debug] Peek space-mode eligibility recomputed: false
[2025-11-07 13:10:58.435645] [p-13628] [t-25812] [debug] Peek space-mode eligibility recomputed: false
[2025-11-07 13:10:58.546013] [p-13628] [t-25812] [debug] Peek space-mode eligibility recomputed: false
[2025-11-07 13:11:13.500438] [p-13628] [t-25812] [debug] Peek space-mode eligibility recomputed: false
[2025-11-07 13:12:05.768357] [p-13628] [t-25812] [debug] Peek space-mode eligibility recomputed: false
[2025-11-07 13:12:06.816945] [p-13628] [t-25812] [debug] Peek space-mode eligibility recomputed: false
[2025-11-07 13:13:20.478204] [p-13628] [t-25812] [debug] Peek space-mode eligibility recomputed: false
[2025-11-07 13:14:16.901161] [p-13628] [t-25812] [debug] Peek space-mode eligibility recomputed: false
[2025-11-07 13:17:56.438331] [p-13628] [t-6260] [debug] Peek space-mode eligibility recomputed: false
[2025-11-07 13:19:08.745072] [p-13628] [t-6260] [debug] Peek space-mode eligibility recomputed: false
[2025-11-07 13:19:18.266784] [p-13628] [t-6260] [debug] Peek space-mode eligibility recomputed: false
[2025-11-07 13:19:42.660890] [p-13628] [t-6260] [debug] Peek space-mode eligibility recomputed: false
[2025-11-07 13:19:42.763465] [p-13628] [t-6260] [debug] Peek space-mode eligibility recomputed: false
[2025-11-07 13:20:30.359882] [p-13628] [t-6260] [debug] Peek space-mode eligibility recomputed: false
[2025-11-07 13:20:32.016867] [p-13628] [t-6260] [debug] Peek space-mode eligibility recomputed: false
[2025-11-07 13:20:33.604018] [p-13628] [t-6260] [debug] Peek space-mode eligibility recomputed: false
[2025-11-07 13:20:35.107771] [p-13628] [t-6260] [debug] Peek space-mode eligibility recomputed: false
[2025-11-07 13:20:39.052040] [p-13628] [t-6260] [debug] Peek space-mode eligibility recomputed: false
[2025-11-07 13:20:40.091304] [p-13628] [t-6260] [debug] Peek space-mode eligibility recomputed: false
[2025-11-07 13:20:41.145680] [p-13628] [t-6260] [debug] Peek space-mode eligibility recomputed: false
[2025-11-07 13:21:01.393969] [p-13628] [t-6260] [debug] Peek space-mode eligibility recomputed: false
[2025-11-07 13:21:02.592503] [p-13628] [t-6260] [debug] Peek space-mode eligibility recomputed: false
[2025-11-07 13:21:34.201034] [p-13628] [t-6260] [debug] Peek space-mode eligibility recomputed: false
[2025-11-07 13:21:34.950798] [p-13628] [t-6260] [debug] Peek space-mode eligibility recomputed: false
[2025-11-07 13:21:35.444900] [p-13628] [t-6260] [debug] Peek space-mode eligibility recomputed: false
[2025-11-07 13:21:35.552529] [p-13628] [t-6260] [debug] Peek space-mode eligibility recomputed: false
[2025-11-07 13:23:58.421112] [p-13628] [t-6260] [debug] Peek space-mode eligibility recomputed: false
[2025-11-07 13:24:06.533375] [p-13628] [t-6260] [debug] Peek space-mode eligibility recomputed: false
[2025-11-07 13:24:06.707472] [p-13628] [t-6260] [debug] Peek space-mode eligibility recomputed: false
[2025-11-07 13:24:07.818480] [p-13628] [t-6260] [debug] Peek space-mode eligibility recomputed: false
[2025-11-07 13:24:08.886983] [p-13628] [t-6260] [debug] Peek space-mode eligibility recomputed: false
[2025-11-07 13:24:10.437921] [p-13628] [t-6260] [debug] Peek space-mode eligibility recomputed: false
[2025-11-07 13:24:59.953636] [p-13628] [t-13764] [debug] Peek space-mode eligibility recomputed: false
[2025-11-07 13:38:45.722945] [p-13628] [t-17180] [debug] Peek space-mode eligibility recomputed: false
[2025-11-07 13:38:49.130397] [p-13628] [t-17180] [debug] Peek space-mode eligibility recomputed: false
[2025-11-07 13:42:19.130391] [p-13628] [t-20776] [debug] Peek space-mode eligibility recomputed: false
[2025-11-07 13:42:29.208731] [p-13628] [t-20776] [debug] Peek space-mode eligibility recomputed: false
[2025-11-07 13:42:30.754013] [p-13628] [t-20776] [debug] Peek space-mode eligibility recomputed: false
[2025-11-07 13:42:49.186371] [p-13628] [t-20776] [debug] Peek space-mode eligibility recomputed: false
[2025-11-07 13:43:12.338642] [p-13628] [t-20776] [debug] Peek space-mode eligibility recomputed: false
[2025-11-07 13:43:13.382417] [p-13628] [t-20776] [debug] Peek space-mode eligibility recomputed: false
[2025-11-07 13:44:23.320900] [p-13628] [t-20776] [debug] Peek space-mode eligibility recomputed: false
[2025-11-07 13:44:28.970189] [p-13628] [t-20776] [debug] Peek space-mode eligibility recomputed: false
[2025-11-07 13:45:44.670152] [p-13628] [t-20776] [debug] Peek space-mode eligibility recomputed: true
[2025-11-07 13:45:46.265576] [p-13628] [t-20776] [debug] Peek space-mode eligibility recomputed: false
[2025-11-07 13:45:59.246041] [p-13628] [t-20776] [debug] Peek space-mode eligibility recomputed: false
[2025-11-07 13:46:19.495188] [p-13628] [t-20776] [debug] Peek space-mode eligibility recomputed: false
[2025-11-07 13:50:48.156663] [p-13628] [t-26316] [debug] Peek space-mode eligibility recomputed: false
[2025-11-07 13:51:13.774907] [p-13628] [t-26316] [debug] Peek space-mode eligibility recomputed: false
[2025-11-07 13:51:16.322115] [p-13628] [t-26316] [debug] Peek space-mode eligibility recomputed: false
[2025-11-07 13:52:38.271637] [p-13628] [t-1372] [debug] Peek space-mode eligibility recomputed: false
[2025-11-07 13:52:38.383091] [p-13628] [t-1372] [debug] Peek space-mode eligibility recomputed: false
[2025-11-07 13:52:47.742662] [p-13628] [t-1372] [debug] Peek space-mode eligibility recomputed: false
[2025-11-07 13:53:57.806881] [p-13628] [t-1372] [debug] Peek space-mode eligibility recomputed: false
[2025-11-07 13:54:11.452540] [p-13628] [t-1372] [debug] Peek space-mode eligibility recomputed: false
[2025-11-07 13:54:13.697190] [p-13628] [t-1372] [debug] Peek space-mode eligibility recomputed: false
[2025-11-07 13:54:23.674467] [p-13628] [t-1372] [debug] Peek space-mode eligibility recomputed: false
[2025-11-07 13:54:25.041557] [p-13628] [t-1372] [debug] Peek space-mode eligibility recomputed: false
[2025-11-07 13:54:28.146706] [p-13628] [t-1372] [debug] Peek space-mode eligibility recomputed: false
[2025-11-07 13:54:47.903335] [p-13628] [t-1372] [debug] Peek space-mode eligibility recomputed: false
[2025-11-07 13:55:44.401521] [p-13628] [t-1372] [debug] Peek space-mode eligibility recomputed: false
[2025-11-07 13:55:46.004157] [p-13628] [t-1372] [debug] Peek space-mode eligibility recomputed: false
[2025-11-07 13:55:59.925100] [p-13628] [t-1372] [debug] Peek space-mode eligibility recomputed: false
[2025-11-07 13:56:09.084945] [p-13628] [t-1372] [debug] Peek space-mode eligibility recomputed: false
[2025-11-07 13:56:55.565737] [p-13628] [t-1372] [debug] Peek space-mode eligibility recomputed: false
[2025-11-07 13:56:57.670493] [p-13628] [t-1372] [debug] Peek space-mode eligibility recomputed: false
[2025-11-07 13:57:05.698526] [p-13628] [t-1372] [debug] Peek space-mode eligibility recomputed: false
[2025-11-07 13:57:08.185089] [p-13628] [t-1372] [debug] Peek space-mode eligibility recomputed: false
[2025-11-07 13:57:13.879238] [p-13628] [t-1372] [debug] Peek space-mode eligibility recomputed: false
[2025-11-07 13:57:48.225761] [p-13628] [t-1372] [debug] Peek space-mode eligibility recomputed: false
[2025-11-07 13:58:00.496170] [p-13628] [t-1372] [debug] Peek space-mode eligibility recomputed: false
[2025-11-07 13:58:08.243582] [p-13628] [t-1372] [debug] Peek space-mode eligibility recomputed: false
[2025-11-07 13:58:32.396755] [p-13628] [t-1372] [debug] Peek space-mode eligibility recomputed: false
[2025-11-07 13:58:46.810785] [p-13628] [t-1372] [debug] Peek space-mode eligibility recomputed: false
[2025-11-07 13:58:54.535204] [p-13628] [t-1372] [debug] Peek space-mode eligibility recomputed: false
[2025-11-07 14:01:01.956534] [p-13628] [t-1372] [debug] Peek space-mode eligibility recomputed: false
[2025-11-07 14:02:06.436844] [p-13628] [t-23340] [debug] Peek space-mode eligibility recomputed: false
[2025-11-07 14:02:19.896496] [p-13628] [t-23340] [debug] Peek space-mode eligibility recomputed: false
[2025-11-07 14:03:07.233178] [p-13628] [t-23340] [debug] Peek space-mode eligibility recomputed: false
[2025-11-07 14:04:06.703781] [p-13628] [t-23340] [debug] Peek space-mode eligibility recomputed: false
[2025-11-07 14:04:21.649655] [p-13628] [t-23340] [debug] Peek space-mode eligibility recomputed: false
[2025-11-07 14:05:11.644841] [p-13628] [t-23340] [debug] Peek space-mode eligibility recomputed: false
[2025-11-07 14:05:11.762006] [p-13628] [t-23340] [debug] Peek space-mode eligibility recomputed: false
[2025-11-07 14:05:12.592653] [p-13628] [t-23340] [debug] Peek space-mode eligibility recomputed: false
[2025-11-07 14:05:13.788573] [p-13628] [t-23340] [debug] Peek space-mode eligibility recomputed: false
[2025-11-07 14:05:34.901554] [p-13628] [t-23340] [debug] Peek space-mode eligibility recomputed: false
[2025-11-07 14:05:37.153737] [p-13628] [t-23340] [debug] Peek space-mode eligibility recomputed: true
[2025-11-07 14:05:40.840875] [p-13628] [t-23340] [debug] Peek space-mode eligibility recomputed: false
[2025-11-07 14:05:51.610583] [p-13628] [t-23340] [debug] Peek space-mode eligibility recomputed: false
[2025-11-07 14:05:52.434818] [p-13628] [t-23340] [debug] Peek space-mode eligibility recomputed: false
[2025-11-07 14:05:54.429105] [p-13628] [t-23340] [debug] Peek space-mode eligibility recomputed: false
[2025-11-07 14:05:55.814965] [p-13628] [t-23340] [debug] Peek space-mode eligibility recomputed: false
[2025-11-07 14:06:04.807708] [p-13628] [t-23340] [debug] Peek space-mode eligibility recomputed: false
[2025-11-07 14:06:04.946674] [p-13628] [t-23340] [debug] Peek space-mode eligibility recomputed: false
[2025-11-07 14:06:16.489506] [p-13628] [t-23340] [debug] Peek space-mode eligibility recomputed: false
[2025-11-07 14:06:25.899472] [p-13628] [t-23340] [debug] Peek space-mode eligibility recomputed: false
[2025-11-07 14:06:26.933423] [p-13628] [t-23340] [debug] Peek space-mode eligibility recomputed: false
[2025-11-07 14:06:27.572187] [p-13628] [t-23340] [debug] Peek space-mode eligibility recomputed: false
[2025-11-07 14:06:30.281219] [p-13628] [t-23340] [debug] Peek space-mode eligibility recomputed: false
[2025-11-07 14:07:02.326694] [p-13628] [t-23340] [debug] Peek space-mode eligibility recomputed: false
[2025-11-07 14:07:57.419133] [p-13628] [t-23340] [debug] Peek space-mode eligibility recomputed: false
[2025-11-07 14:08:26.788039] [p-13628] [t-23340] [debug] Peek space-mode eligibility recomputed: false
[2025-11-07 14:08:47.729042] [p-13628] [t-23340] [debug] Peek space-mode eligibility recomputed: false
[2025-11-07 14:08:57.799689] [p-13628] [t-23340] [debug] Peek space-mode eligibility recomputed: false
[2025-11-07 14:09:00.123340] [p-13628] [t-23340] [debug] Peek space-mode eligibility recomputed: false
[2025-11-07 14:09:42.900278] [p-13628] [t-23340] [debug] Peek space-mode eligibility recomputed: false
[2025-11-07 14:09:42.970650] [p-13628] [t-23340] [debug] Peek space-mode eligibility recomputed: false
[2025-11-07 14:10:07.474685] [p-13628] [t-6244] [debug] Peek space-mode eligibility recomputed: false
[2025-11-07 14:10:07.572545] [p-13628] [t-6244] [debug] Peek space-mode eligibility recomputed: false
[2025-11-07 14:10:09.689874] [p-13628] [t-6244] [debug] Peek space-mode eligibility recomputed: false
[2025-11-07 14:10:09.811184] [p-13628] [t-6244] [debug] Peek space-mode eligibility recomputed: false
[2025-11-07 14:11:43.386479] [p-13628] [t-29536] [debug] Peek space-mode eligibility recomputed: true
[2025-11-07 14:11:46.352084] [p-13628] [t-29536] [debug] Peek space-mode eligibility recomputed: false
[2025-11-07 14:11:51.144743] [p-13628] [t-29536] [debug] Peek space-mode eligibility recomputed: false
[2025-11-07 14:11:51.225132] [p-13628] [t-29536] [debug] Peek space-mode eligibility recomputed: false
[2025-11-07 14:12:13.445717] [p-13628] [t-23340] [debug] Peek space-mode eligibility recomputed: false
[2025-11-07 14:12:13.624902] [p-13628] [t-23340] [debug] Peek space-mode eligibility recomputed: false
[2025-11-07 14:12:14.514549] [p-13628] [t-23340] [debug] Peek space-mode eligibility recomputed: false
[2025-11-07 14:12:16.208906] [p-13628] [t-23340] [debug] Peek space-mode eligibility recomputed: false
[2025-11-07 14:27:06.083240] [p-12484] [t-12480] [info] Peek logger is initialized
[2025-11-07 14:27:10.666237] [p-12484] [t-12480] [trace] Peek::enable()
[2025-11-07 14:27:10.666283] [p-12484] [t-12480] [trace] Starting Peek.UI process
[2025-11-07 14:27:10.827125] [p-12484] [t-12480] [trace] Successfully started the PeekViewer process
[2025-11-07 14:27:10.827439] [p-12484] [t-12480] [debug] Peek space-mode eligibility recomputed: false
[2025-11-07 14:27:12.025714] [p-12484] [t-12736] [debug] Peek space-mode eligibility recomputed: false
[2025-11-07 14:27:12.227325] [p-12484] [t-16188] [info] Send settings telemetry
[2025-11-07 14:27:17.993007] [p-12484] [t-4952] [debug] Peek space-mode eligibility recomputed: false
[2025-11-07 14:27:21.268854] [p-12484] [t-4952] [debug] Peek space-mode eligibility recomputed: false
[2025-11-07 14:27:21.384672] [p-12484] [t-4952] [debug] Peek space-mode eligibility recomputed: false
[2025-11-07 14:27:24.383302] [p-12484] [t-4952] [debug] Peek space-mode eligibility recomputed: false
[2025-11-07 14:27:25.299926] [p-12484] [t-4952] [debug] Peek space-mode eligibility recomputed: false
[2025-11-07 14:27:29.335779] [p-12484] [t-12712] [debug] Peek space-mode eligibility recomputed: false
[2025-11-07 14:27:53.964611] [p-12484] [t-4952] [debug] Peek space-mode eligibility recomputed: false
[2025-11-07 14:28:00.091690] [p-12484] [t-4952] [debug] Peek space-mode eligibility recomputed: false
[2025-11-07 14:28:02.361414] [p-12484] [t-4952] [debug] Peek space-mode eligibility recomputed: false
[2025-11-07 14:28:45.984610] [p-12484] [t-12736] [debug] Peek space-mode eligibility recomputed: false
[2025-11-07 14:28:46.788121] [p-12484] [t-12736] [debug] Peek space-mode eligibility recomputed: false
[2025-11-07 14:28:55.142103] [p-12484] [t-12736] [debug] Peek space-mode eligibility recomputed: false
[2025-11-07 14:29:09.195180] [p-12484] [t-4952] [debug] Peek space-mode eligibility recomputed: false
[2025-11-07 14:29:11.158208] [p-12484] [t-4952] [debug] Peek space-mode eligibility recomputed: false
[2025-11-07 14:29:12.797345] [p-12484] [t-4952] [debug] Peek space-mode eligibility recomputed: false
[2025-11-07 14:30:21.174292] [p-12484] [t-4952] [debug] Peek space-mode eligibility recomputed: false
[2025-11-07 14:30:21.293822] [p-12484] [t-4952] [debug] Peek space-mode eligibility recomputed: false
[2025-11-07 14:30:54.121596] [p-12484] [t-4952] [debug] Peek space-mode eligibility recomputed: false
[2025-11-07 14:30:55.185319] [p-12484] [t-4952] [debug] Peek space-mode eligibility recomputed: false
[2025-11-07 14:31:05.400986] [p-12484] [t-4952] [debug] Peek space-mode eligibility recomputed: false
[2025-11-07 14:31:07.461856] [p-12484] [t-4952] [debug] Peek space-mode eligibility recomputed: false
[2025-11-07 14:31:07.563786] [p-12484] [t-4952] [debug] Peek space-mode eligibility recomputed: false
[2025-11-07 14:31:08.863789] [p-12484] [t-4952] [debug] Peek space-mode eligibility recomputed: true
[2025-11-07 14:31:13.978845] [p-12484] [t-4952] [debug] Peek space-mode eligibility recomputed: false
[2025-11-07 14:31:15.726921] [p-12484] [t-4952] [debug] Peek space-mode eligibility recomputed: false
[2025-11-07 14:31:16.720845] [p-12484] [t-4952] [debug] Peek space-mode eligibility recomputed: false
[2025-11-07 14:31:43.182494] [p-12484] [t-12644] [debug] Peek space-mode eligibility recomputed: false
[2025-11-07 14:31:51.880125] [p-12484] [t-12644] [debug] Peek space-mode eligibility recomputed: true
[2025-11-07 14:31:58.132551] [p-12484] [t-12644] [debug] Peek space-mode eligibility recomputed: false
[2025-11-07 14:32:00.007786] [p-12484] [t-12644] [debug] Peek space-mode eligibility recomputed: false
[2025-11-07 14:32:02.521718] [p-12484] [t-12644] [debug] Peek space-mode eligibility recomputed: false
[2025-11-07 14:32:04.949544] [p-12484] [t-12644] [debug] Peek space-mode eligibility recomputed: true
[2025-11-07 14:32:05.677559] [p-12484] [t-12644] [debug] Peek space-mode eligibility recomputed: false
[2025-11-07 14:32:39.214265] [p-12484] [t-4952] [debug] Peek space-mode eligibility recomputed: true
[2025-11-07 14:32:47.157119] [p-12484] [t-4952] [debug] Peek space-mode eligibility recomputed: true
[2025-11-07 14:32:47.723787] [p-12484] [t-4952] [debug] Peek space-mode eligibility recomputed: false
[2025-11-07 14:32:49.359574] [p-12484] [t-4952] [debug] Peek space-mode eligibility recomputed: true
[2025-11-07 14:32:50.667435] [p-12484] [t-4952] [debug] Peek space-mode eligibility recomputed: false
[2025-11-07 14:33:45.848555] [p-12484] [t-4952] [debug] Peek space-mode eligibility recomputed: true
[2025-11-07 14:33:49.443274] [p-12484] [t-4952] [debug] Peek space-mode eligibility recomputed: false
[2025-11-07 14:33:51.860836] [p-12484] [t-4952] [debug] Peek space-mode eligibility recomputed: false
[2025-11-07 14:33:56.728948] [p-12484] [t-4952] [debug] Peek space-mode eligibility recomputed: false
[2025-11-07 14:34:28.432051] [p-12484] [t-4952] [debug] Peek space-mode eligibility recomputed: false
[2025-11-07 14:34:55.974280] [p-12484] [t-9928] [debug] Peek space-mode eligibility recomputed: false
[2025-11-07 14:35:52.971274] [p-12484] [t-13484] [debug] Peek space-mode eligibility recomputed: false
[2025-11-07 14:35:55.110339] [p-12484] [t-13484] [debug] Peek space-mode eligibility recomputed: false
[2025-11-07 14:35:56.360715] [p-12484] [t-13484] [debug] Peek space-mode eligibility recomputed: false
[2025-11-07 14:36:29.638885] [p-12484] [t-13484] [debug] Peek space-mode eligibility recomputed: false
[2025-11-07 14:38:51.368294] [p-12484] [t-4952] [debug] Peek space-mode eligibility recomputed: true
[2025-11-07 14:39:07.122926] [p-12484] [t-4952] [debug] Peek space-mode eligibility recomputed: false
[2025-11-07 14:39:12.935588] [p-12484] [t-4952] [debug] Peek space-mode eligibility recomputed: false
[2025-11-07 14:39:13.202539] [p-12484] [t-4952] [debug] Peek space-mode eligibility recomputed: false
[2025-11-07 14:39:15.724286] [p-12484] [t-4952] [debug] Peek space-mode eligibility recomputed: true
[2025-11-07 14:39:22.966227] [p-12484] [t-4952] [debug] Peek space-mode eligibility recomputed: false
[2025-11-07 14:39:23.993916] [p-12484] [t-4952] [debug] Peek space-mode eligibility recomputed: false
[2025-11-07 14:39:25.841825] [p-12484] [t-4952] [debug] Peek space-mode eligibility recomputed: true
[2025-11-07 14:39:32.901668] [p-12484] [t-4952] [debug] Peek space-mode eligibility recomputed: false
[2025-11-07 14:42:00.441697] [p-12484] [t-13484] [debug] Peek space-mode eligibility recomputed: false
[2025-11-07 14:42:00.662979] [p-12484] [t-13484] [debug] Peek space-mode eligibility recomputed: false
[2025-11-07 14:42:03.713854] [p-12484] [t-13484] [debug] Peek space-mode eligibility recomputed: false
[2025-11-07 14:42:10.539475] [p-12484] [t-13484] [debug] Peek space-mode eligibility recomputed: false
[2025-11-07 14:42:14.087321] [p-12484] [t-13484] [debug] Peek space-mode eligibility recomputed: false
[2025-11-07 14:42:14.170973] [p-12484] [t-13484] [debug] Peek space-mode eligibility recomputed: false
[2025-11-07 14:42:15.704604] [p-12484] [t-13484] [debug] Peek space-mode eligibility recomputed: false
[2025-11-07 14:42:15.803044] [p-12484] [t-13484] [debug] Peek space-mode eligibility recomputed: false
[2025-11-07 14:42:16.952403] [p-12484] [t-13484] [debug] Peek space-mode eligibility recomputed: false
[2025-11-07 14:42:17.056110] [p-12484] [t-13484] [debug] Peek space-mode eligibility recomputed: false
[2025-11-07 14:42:17.841336] [p-12484] [t-13484] [debug] Peek space-mode eligibility recomputed: false
[2025-11-07 14:42:17.969514] [p-12484] [t-13484] [debug] Peek space-mode eligibility recomputed: false
[2025-11-07 14:42:18.883149] [p-12484] [t-13484] [debug] Peek space-mode eligibility recomputed: false
[2025-11-07 14:42:18.948278] [p-12484] [t-13484] [debug] Peek space-mode eligibility recomputed: false
[2025-11-07 14:42:20.926994] [p-12484] [t-13484] [debug] Peek space-mode eligibility recomputed: false
[2025-11-07 14:42:21.009656] [p-12484] [t-13484] [debug] Peek space-mode eligibility recomputed: false
[2025-11-07 14:42:25.328409] [p-12484] [t-13484] [debug] Peek space-mode eligibility recomputed: false
[2025-11-07 14:42:25.411649] [p-12484] [t-13484] [debug] Peek space-mode eligibility recomputed: false
[2025-11-07 14:42:28.372078] [p-12484] [t-13484] [debug] Peek space-mode eligibility recomputed: false
[2025-11-07 14:42:28.438546] [p-12484] [t-13484] [debug] Peek space-mode eligibility recomputed: false
[2025-11-07 14:42:29.552789] [p-12484] [t-13484] [debug] Peek space-mode eligibility recomputed: false
[2025-11-07 14:42:29.650915] [p-12484] [t-13484] [debug] Peek space-mode eligibility recomputed: false
[2025-11-07 14:42:30.583149] [p-12484] [t-13484] [debug] Peek space-mode eligibility recomputed: false
[2025-11-07 14:42:30.667268] [p-12484] [t-13484] [debug] Peek space-mode eligibility recomputed: false
[2025-11-07 14:42:31.831286] [p-12484] [t-13484] [debug] Peek space-mode eligibility recomputed: false
[2025-11-07 14:42:31.930132] [p-12484] [t-13484] [debug] Peek space-mode eligibility recomputed: false
[2025-11-07 14:42:33.453429] [p-12484] [t-13484] [debug] Peek space-mode eligibility recomputed: false
[2025-11-07 14:42:33.516411] [p-12484] [t-13484] [debug] Peek space-mode eligibility recomputed: false
[2025-11-07 14:42:37.424463] [p-12484] [t-13484] [debug] Peek space-mode eligibility recomputed: false
[2025-11-07 14:42:37.525095] [p-12484] [t-13484] [debug] Peek space-mode eligibility recomputed: false
[2025-11-07 14:42:40.809653] [p-12484] [t-13484] [debug] Peek space-mode eligibility recomputed: false
[2025-11-07 14:42:40.892721] [p-12484] [t-13484] [debug] Peek space-mode eligibility recomputed: false
[2025-11-07 14:42:42.243846] [p-12484] [t-13484] [debug] Peek space-mode eligibility recomputed: false
[2025-11-07 14:42:42.324782] [p-12484] [t-13484] [debug] Peek space-mode eligibility recomputed: false
[2025-11-07 14:42:43.765886] [p-12484] [t-13484] [debug] Peek space-mode eligibility recomputed: false
[2025-11-07 14:42:43.852838] [p-12484] [t-13484] [debug] Peek space-mode eligibility recomputed: false
[2025-11-07 14:42:44.828465] [p-12484] [t-13484] [debug] Peek space-mode eligibility recomputed: false
[2025-11-07 14:42:45.234422] [p-12484] [t-13484] [debug] Peek space-mode eligibility recomputed: false
[2025-11-07 14:42:45.480144] [p-12484] [t-13484] [debug] Peek space-mode eligibility recomputed: false
[2025-11-07 14:42:51.524192] [p-12484] [t-13484] [debug] Peek space-mode eligibility recomputed: false
[2025-11-07 14:42:53.150710] [p-12484] [t-21204] [debug] Peek space-mode eligibility recomputed: false
[2025-11-07 14:42:55.814058] [p-12484] [t-21204] [debug] Peek space-mode eligibility recomputed: false
[2025-11-07 14:42:56.996659] [p-12484] [t-21204] [debug] Peek space-mode eligibility recomputed: false
[2025-11-07 14:42:57.079489] [p-12484] [t-21204] [debug] Peek space-mode eligibility recomputed: false
[2025-11-07 14:42:58.679077] [p-12484] [t-21204] [debug] Peek space-mode eligibility recomputed: false
[2025-11-07 14:43:00.558027] [p-12484] [t-21204] [debug] Peek space-mode eligibility recomputed: false
[2025-11-07 14:43:04.397749] [p-12484] [t-21204] [debug] Peek space-mode eligibility recomputed: false
[2025-11-07 14:43:04.495984] [p-12484] [t-21204] [debug] Peek space-mode eligibility recomputed: false
[2025-11-07 14:43:08.582262] [p-12484] [t-21204] [debug] Peek space-mode eligibility recomputed: false
[2025-11-07 14:43:08.682048] [p-12484] [t-21204] [debug] Peek space-mode eligibility recomputed: false
[2025-11-07 14:43:09.684507] [p-12484] [t-21204] [debug] Peek space-mode eligibility recomputed: false
[2025-11-07 14:43:09.765748] [p-12484] [t-21204] [debug] Peek space-mode eligibility recomputed: false
[2025-11-07 14:43:10.202276] [p-12484] [t-21204] [debug] Peek space-mode eligibility recomputed: false
[2025-11-07 14:43:10.267817] [p-12484] [t-21204] [debug] Peek space-mode eligibility recomputed: false
[2025-11-07 14:43:15.263637] [p-12484] [t-21204] [debug] Peek space-mode eligibility recomputed: false
[2025-11-07 14:43:16.197309] [p-12484] [t-21204] [debug] Peek space-mode eligibility recomputed: false
[2025-11-07 14:43:18.022511] [p-12484] [t-21204] [debug] Peek space-mode eligibility recomputed: false
[2025-11-07 14:43:21.902765] [p-12484] [t-21204] [debug] Peek space-mode eligibility recomputed: false
[2025-11-07 14:43:23.902590] [p-12484] [t-21204] [debug] Peek space-mode eligibility recomputed: false
[2025-11-07 14:43:28.255259] [p-12484] [t-21204] [debug] Peek space-mode eligibility recomputed: false
[2025-11-07 14:43:29.407138] [p-12484] [t-21204] [debug] Peek space-mode eligibility recomputed: false
[2025-11-07 14:43:32.605295] [p-12484] [t-21204] [debug] Peek space-mode eligibility recomputed: false
[2025-11-07 14:43:41.111586] [p-12484] [t-21204] [debug] Peek space-mode eligibility recomputed: false
[2025-11-07 14:43:42.930465] [p-12484] [t-21204] [debug] Peek space-mode eligibility recomputed: false
[2025-11-07 14:43:45.253794] [p-12484] [t-21204] [debug] Peek space-mode eligibility recomputed: false
[2025-11-07 14:43:48.845810] [p-12484] [t-21204] [debug] Peek space-mode eligibility recomputed: false
[2025-11-07 14:44:08.524832] [p-12484] [t-21204] [debug] Peek space-mode eligibility recomputed: false
[2025-11-07 14:44:10.133548] [p-12484] [t-21204] [debug] Peek space-mode eligibility recomputed: false
[2025-11-07 14:44:10.860718] [p-12484] [t-21204] [debug] Peek space-mode eligibility recomputed: false
[2025-11-07 14:44:41.704189] [p-12484] [t-12656] [debug] Peek space-mode eligibility recomputed: false
[2025-11-07 14:44:43.600827] [p-12484] [t-12656] [debug] Peek space-mode eligibility recomputed: false
[2025-11-07 14:44:50.956874] [p-12484] [t-12656] [debug] Peek space-mode eligibility recomputed: false
[2025-11-07 14:44:55.308222] [p-12484] [t-12656] [debug] Peek space-mode eligibility recomputed: false
[2025-11-07 14:45:59.258463] [p-12484] [t-12656] [debug] Peek space-mode eligibility recomputed: false
[2025-11-07 14:46:02.198499] [p-12484] [t-12656] [debug] Peek space-mode eligibility recomputed: false
[2025-11-07 14:47:52.479334] [p-12484] [t-16840] [debug] Peek space-mode eligibility recomputed: false
[2025-11-07 14:48:48.196956] [p-12484] [t-17888] [debug] Peek space-mode eligibility recomputed: false
[2025-11-07 14:48:52.612056] [p-12484] [t-17888] [debug] Peek space-mode eligibility recomputed: false
[2025-11-07 14:48:52.726593] [p-12484] [t-17888] [debug] Peek space-mode eligibility recomputed: false
[2025-11-07 14:52:16.287425] [p-12484] [t-3684] [debug] Peek space-mode eligibility recomputed: false
[2025-11-07 14:54:09.153208] [p-12484] [t-3684] [debug] Peek space-mode eligibility recomputed: false
[2025-11-07 14:54:09.663668] [p-12484] [t-3684] [debug] Peek space-mode eligibility recomputed: false
[2025-11-07 14:54:37.709432] [p-12484] [t-3684] [debug] Peek space-mode eligibility recomputed: false
[2025-11-07 14:54:39.261500] [p-12484] [t-3684] [debug] Peek space-mode eligibility recomputed: false
[2025-11-07 14:55:27.011616] [p-12484] [t-3684] [debug] Peek space-mode eligibility recomputed: false
[2025-11-07 14:55:42.175631] [p-12484] [t-19580] [debug] Peek space-mode eligibility recomputed: false
[2025-11-07 14:56:07.487457] [p-12484] [t-19580] [debug] Peek space-mode eligibility recomputed: false
[2025-11-07 14:56:29.175165] [p-12484] [t-19580] [debug] Peek space-mode eligibility recomputed: false
[2025-11-07 14:56:32.259064] [p-12484] [t-19580] [debug] Peek space-mode eligibility recomputed: false
[2025-11-07 14:56:55.781955] [p-12484] [t-19580] [debug] Peek space-mode eligibility recomputed: false
[2025-11-07 14:57:01.537986] [p-12484] [t-19580] [debug] Peek space-mode eligibility recomputed: false
[2025-11-07 14:57:50.698231] [p-12484] [t-19580] [debug] Peek space-mode eligibility recomputed: false
[2025-11-07 14:57:50.751644] [p-12484] [t-19580] [debug] Peek space-mode eligibility recomputed: false
[2025-11-07 14:57:52.716721] [p-12484] [t-19580] [debug] Peek space-mode eligibility recomputed: false
[2025-11-07 14:58:15.252987] [p-12484] [t-19580] [debug] Peek space-mode eligibility recomputed: false
[2025-11-07 14:58:16.303361] [p-12484] [t-19580] [debug] Peek space-mode eligibility recomputed: false
[2025-11-07 14:58:32.501570] [p-12484] [t-19580] [debug] Peek space-mode eligibility recomputed: false
[2025-11-07 14:58:58.823269] [p-12484] [t-19580] [debug] Peek space-mode eligibility recomputed: false
[2025-11-07 14:59:22.027031] [p-12484] [t-19580] [debug] Peek space-mode eligibility recomputed: false
[2025-11-07 14:59:32.610624] [p-12484] [t-19580] [debug] Peek space-mode eligibility recomputed: false
[2025-11-07 15:03:02.847678] [p-12484] [t-12704] [debug] Peek space-mode eligibility recomputed: false
[2025-11-07 15:03:51.796931] [p-12484] [t-12704] [debug] Peek space-mode eligibility recomputed: false
[2025-11-07 15:04:33.577139] [p-12484] [t-12704] [debug] Peek space-mode eligibility recomputed: false
[2025-11-07 15:04:35.801664] [p-12484] [t-12704] [debug] Peek space-mode eligibility recomputed: false
[2025-11-07 15:04:59.626221] [p-12484] [t-12704] [debug] Peek space-mode eligibility recomputed: false
[2025-11-07 15:04:59.826533] [p-12484] [t-12704] [debug] Peek space-mode eligibility recomputed: false
[2025-11-07 15:05:03.482111] [p-12484] [t-12704] [debug] Peek space-mode eligibility recomputed: false
[2025-11-07 15:05:50.990596] [p-12484] [t-12704] [debug] Peek space-mode eligibility recomputed: false
[2025-11-07 15:06:29.193859] [p-12484] [t-12704] [debug] Peek space-mode eligibility recomputed: false
[2025-11-07 15:06:29.255727] [p-12484] [t-12704] [debug] Peek space-mode eligibility recomputed: false
[2025-11-07 15:06:32.715507] [p-12484] [t-12704] [debug] Peek space-mode eligibility recomputed: false
[2025-11-07 15:06:35.816691] [p-12484] [t-12704] [debug] Peek space-mode eligibility recomputed: false
[2025-11-07 15:06:36.892282] [p-12484] [t-12704] [debug] Peek space-mode eligibility recomputed: false
[2025-11-07 15:06:37.808478] [p-12484] [t-12704] [debug] Peek space-mode eligibility recomputed: false
[2025-11-07 15:06:44.632258] [p-12484] [t-12704] [debug] Peek space-mode eligibility recomputed: false
[2025-11-07 15:06:57.646518] [p-12484] [t-12704] [debug] Peek space-mode eligibility recomputed: false
[2025-11-07 15:06:59.260537] [p-12484] [t-12704] [debug] Peek space-mode eligibility recomputed: false
[2025-11-07 15:09:00.118760] [p-12484] [t-12704] [debug] Peek space-mode eligibility recomputed: false
[2025-11-07 15:09:49.196624] [p-12484] [t-22648] [debug] Peek space-mode eligibility recomputed: false
[2025-11-07 15:09:52.916146] [p-12484] [t-22648] [debug] Peek space-mode eligibility recomputed: false
[2025-11-07 15:09:54.899374] [p-12484] [t-22648] [debug] Peek space-mode eligibility recomputed: false
[2025-11-07 15:09:56.097525] [p-12484] [t-22648] [debug] Peek space-mode eligibility recomputed: false
[2025-11-07 15:11:45.007456] [p-12484] [t-22648] [debug] Peek space-mode eligibility recomputed: false
[2025-11-07 15:11:48.022446] [p-12484] [t-22648] [debug] Peek space-mode eligibility recomputed: false
[2025-11-07 15:11:48.246682] [p-12484] [t-22648] [debug] Peek space-mode eligibility recomputed: false
[2025-11-07 15:12:29.112092] [p-12484] [t-17884] [debug] Peek space-mode eligibility recomputed: false
[2025-11-07 15:12:37.930039] [p-12484] [t-17884] [debug] Peek space-mode eligibility recomputed: false
[2025-11-07 15:12:38.808734] [p-12484] [t-17884] [debug] Peek space-mode eligibility recomputed: false
[2025-11-07 15:12:58.313129] [p-12484] [t-12752] [debug] Peek space-mode eligibility recomputed: false
[2025-11-07 15:13:05.778675] [p-12484] [t-12752] [debug] Peek space-mode eligibility recomputed: false
[2025-11-07 15:13:06.604186] [p-12484] [t-12752] [debug] Peek space-mode eligibility recomputed: false
[2025-11-07 15:13:22.165779] [p-12484] [t-12752] [debug] Peek space-mode eligibility recomputed: false
[2025-11-07 15:13:38.654390] [p-12484] [t-12752] [debug] Peek space-mode eligibility recomputed: false
[2025-11-07 15:14:30.184733] [p-12484] [t-22648] [debug] Peek space-mode eligibility recomputed: false
[2025-11-07 15:15:21.852145] [p-12484] [t-18412] [debug] Peek space-mode eligibility recomputed: false
[2025-11-07 15:15:21.958978] [p-12484] [t-18412] [debug] Peek space-mode eligibility recomputed: false
[2025-11-07 15:15:29.274467] [p-12484] [t-18412] [debug] Peek space-mode eligibility recomputed: false
[2025-11-07 15:15:32.176781] [p-12484] [t-18412] [debug] Peek space-mode eligibility recomputed: false
[2025-11-07 15:15:32.690921] [p-12484] [t-18412] [debug] Peek space-mode eligibility recomputed: false
[2025-11-07 15:15:32.985866] [p-12484] [t-18412] [debug] Peek space-mode eligibility recomputed: false
[2025-11-07 15:15:43.692029] [p-12484] [t-18412] [debug] Peek space-mode eligibility recomputed: false
[2025-11-07 15:15:46.132077] [p-12484] [t-18412] [debug] Peek space-mode eligibility recomputed: false
[2025-11-07 15:15:49.234797] [p-12484] [t-18412] [debug] Peek space-mode eligibility recomputed: false
[2025-11-07 15:16:12.849790] [p-12484] [t-18412] [debug] Peek space-mode eligibility recomputed: false
[2025-11-07 15:16:17.657423] [p-12484] [t-18412] [debug] Peek space-mode eligibility recomputed: false
[2025-11-07 15:16:17.709064] [p-12484] [t-18412] [debug] Peek space-mode eligibility recomputed: false
[2025-11-07 15:16:20.244461] [p-12484] [t-18412] [debug] Peek space-mode eligibility recomputed: false
[2025-11-07 15:16:48.752898] [p-12484] [t-18412] [debug] Peek space-mode eligibility recomputed: false
[2025-11-07 15:17:25.488304] [p-12484] [t-18412] [debug] Peek space-mode eligibility recomputed: false
[2025-11-07 15:17:32.419274] [p-12484] [t-18412] [debug] Peek space-mode eligibility recomputed: false
[2025-11-07 15:23:11.939540] [p-12484] [t-18412] [debug] Peek space-mode eligibility recomputed: false
[2025-11-07 15:23:12.889938] [p-12484] [t-18412] [debug] Peek space-mode eligibility recomputed: false
[2025-11-07 15:25:43.812548] [p-12484] [t-18412] [debug] Peek space-mode eligibility recomputed: false
[2025-11-07 15:26:05.010448] [p-12484] [t-18084] [debug] Peek space-mode eligibility recomputed: false
[2025-11-07 15:27:32.751664] [p-12484] [t-18084] [debug] Peek space-mode eligibility recomputed: false
[2025-11-07 15:27:36.395152] [p-12484] [t-18084] [debug] Peek space-mode eligibility recomputed: false
[2025-11-07 15:28:12.423146] [p-12484] [t-18084] [debug] Peek space-mode eligibility recomputed: false
[2025-11-07 15:29:37.683448] [p-12484] [t-18084] [debug] Peek space-mode eligibility recomputed: false
[2025-11-07 15:29:39.414806] [p-12484] [t-18084] [debug] Peek space-mode eligibility recomputed: false
[2025-11-07 15:29:40.422529] [p-12484] [t-18084] [debug] Peek space-mode eligibility recomputed: false
[2025-11-07 15:29:53.718298] [p-12484] [t-18084] [debug] Peek space-mode eligibility recomputed: false
[2025-11-07 15:29:57.616005] [p-12484] [t-18084] [debug] Peek space-mode eligibility recomputed: false
[2025-11-07 15:30:40.918882] [p-12484] [t-18084] [debug] Peek space-mode eligibility recomputed: false
[2025-11-07 15:30:44.075653] [p-12484] [t-18084] [debug] Peek space-mode eligibility recomputed: false
[2025-11-07 15:30:45.204148] [p-12484] [t-18084] [debug] Peek space-mode eligibility recomputed: false
[2025-11-07 15:30:46.520100] [p-12484] [t-18084] [debug] Peek space-mode eligibility recomputed: false
[2025-11-07 15:30:46.586166] [p-12484] [t-18084] [debug] Peek space-mode eligibility recomputed: false
[2025-11-07 15:30:47.502219] [p-12484] [t-18084] [debug] Peek space-mode eligibility recomputed: false
[2025-11-07 15:30:56.876183] [p-12484] [t-18084] [debug] Peek space-mode eligibility recomputed: false
[2025-11-07 15:30:58.195387] [p-12484] [t-18084] [debug] Peek space-mode eligibility recomputed: false
[2025-11-07 15:31:04.696882] [p-12484] [t-18084] [debug] Peek space-mode eligibility recomputed: false
[2025-11-07 15:31:05.112874] [p-12484] [t-18084] [debug] Peek space-mode eligibility recomputed: false
[2025-11-07 15:31:05.419954] [p-12484] [t-18084] [debug] Peek space-mode eligibility recomputed: false
[2025-11-07 15:31:06.369927] [p-12484] [t-18084] [debug] Peek space-mode eligibility recomputed: false
[2025-11-07 15:31:26.417342] [p-12484] [t-18084] [debug] Peek space-mode eligibility recomputed: false
[2025-11-07 15:36:27.704933] [p-12484] [t-19808] [debug] Peek space-mode eligibility recomputed: false
[2025-11-07 15:42:24.190535] [p-12484] [t-18572] [debug] Peek space-mode eligibility recomputed: false
[2025-11-07 15:42:31.642396] [p-12484] [t-18572] [debug] Peek space-mode eligibility recomputed: false
[2025-11-07 15:42:32.086096] [p-12484] [t-18572] [debug] Peek space-mode eligibility recomputed: false
[2025-11-07 15:42:36.270374] [p-12484] [t-18572] [debug] Peek space-mode eligibility recomputed: false
[2025-11-07 15:42:36.467704] [p-12484] [t-18572] [debug] Peek space-mode eligibility recomputed: false
[2025-11-07 15:42:37.470223] [p-12484] [t-18572] [debug] Peek space-mode eligibility recomputed: false
[2025-11-07 15:42:39.040327] [p-12484] [t-18572] [debug] Peek space-mode eligibility recomputed: false
[2025-11-07 15:42:39.248648] [p-12484] [t-18572] [debug] Peek space-mode eligibility recomputed: false
[2025-11-07 15:42:42.098453] [p-12484] [t-18572] [debug] Peek space-mode eligibility recomputed: true
[2025-11-07 15:42:47.165326] [p-12484] [t-18572] [debug] Peek space-mode eligibility recomputed: false
[2025-11-07 15:42:55.906376] [p-12484] [t-18572] [debug] Peek space-mode eligibility recomputed: false
[2025-11-07 15:42:57.321121] [p-12484] [t-18572] [debug] Peek space-mode eligibility recomputed: false
[2025-11-07 15:42:59.443748] [p-12484] [t-18572] [debug] Peek space-mode eligibility recomputed: false
[2025-11-07 15:43:00.542182] [p-12484] [t-18572] [debug] Peek space-mode eligibility recomputed: false
[2025-11-07 15:44:22.366368] [p-12484] [t-16716] [debug] Peek space-mode eligibility recomputed: false
[2025-11-07 15:44:25.193176] [p-12484] [t-16716] [debug] Peek space-mode eligibility recomputed: false
[2025-11-07 15:44:38.554491] [p-12484] [t-16716] [debug] Peek space-mode eligibility recomputed: false
[2025-11-07 15:44:39.877509] [p-12484] [t-16716] [debug] Peek space-mode eligibility recomputed: false
[2025-11-07 15:45:32.923303] [p-12484] [t-16716] [debug] Peek space-mode eligibility recomputed: false
[2025-11-07 15:45:33.600338] [p-12484] [t-16716] [debug] Peek space-mode eligibility recomputed: false
[2025-11-07 15:45:34.205764] [p-12484] [t-16716] [debug] Peek space-mode eligibility recomputed: false
[2025-11-07 15:45:34.311291] [p-12484] [t-16716] [debug] Peek space-mode eligibility recomputed: false
[2025-11-07 15:46:36.595696] [p-12484] [t-16716] [debug] Peek space-mode eligibility recomputed: false
[2025-11-07 15:46:37.979047] [p-12484] [t-16716] [debug] Peek space-mode eligibility recomputed: false
[2025-11-07 15:48:06.926959] [p-12484] [t-16716] [debug] Peek space-mode eligibility recomputed: false
[2025-11-07 15:48:07.040924] [p-12484] [t-16716] [debug] Peek space-mode eligibility recomputed: false
[2025-11-07 15:48:09.414014] [p-12484] [t-16716] [debug] Peek space-mode eligibility recomputed: false
[2025-11-07 15:48:13.299942] [p-12484] [t-16716] [debug] Peek space-mode eligibility recomputed: false
[2025-11-07 15:48:16.559505] [p-12484] [t-16716] [debug] Peek space-mode eligibility recomputed: false
[2025-11-07 15:48:32.992340] [p-12484] [t-19536] [debug] Peek space-mode eligibility recomputed: false
[2025-11-07 15:48:50.126323] [p-12484] [t-19536] [debug] Peek space-mode eligibility recomputed: false
[2025-11-07 15:48:52.071927] [p-12484] [t-19536] [debug] Peek space-mode eligibility recomputed: false
[2025-11-07 15:48:57.339281] [p-12484] [t-19536] [debug] Peek space-mode eligibility recomputed: false
[2025-11-07 15:48:59.520173] [p-12484] [t-19536] [debug] Peek space-mode eligibility recomputed: false
[2025-11-07 15:49:09.183019] [p-12484] [t-19536] [debug] Peek space-mode eligibility recomputed: false
[2025-11-07 15:49:14.699382] [p-12484] [t-19536] [debug] Peek space-mode eligibility recomputed: false
[2025-11-07 15:49:52.797203] [p-12484] [t-19536] [debug] Peek space-mode eligibility recomputed: false
[2025-11-07 15:50:33.682158] [p-12484] [t-19536] [debug] Peek space-mode eligibility recomputed: false
[2025-11-07 15:50:51.504222] [p-12484] [t-19536] [debug] Peek space-mode eligibility recomputed: false
[2025-11-07 15:50:54.895183] [p-12484] [t-19536] [debug] Peek space-mode eligibility recomputed: false
[2025-11-07 15:52:40.849605] [p-12484] [t-19536] [debug] Peek space-mode eligibility recomputed: false
[2025-11-07 15:52:44.454789] [p-12484] [t-19536] [debug] Peek space-mode eligibility recomputed: false
[2025-11-07 15:54:03.723741] [p-12484] [t-19536] [debug] Peek space-mode eligibility recomputed: false
[2025-11-07 15:54:15.506739] [p-12484] [t-19536] [debug] Peek space-mode eligibility recomputed: false
[2025-11-07 15:54:17.719541] [p-12484] [t-19536] [debug] Peek space-mode eligibility recomputed: false
[2025-11-07 15:54:22.333720] [p-12484] [t-19536] [debug] Peek space-mode eligibility recomputed: false
[2025-11-07 15:58:28.504010] [p-12484] [t-21632] [debug] Peek space-mode eligibility recomputed: false
[2025-11-07 15:58:35.814801] [p-12484] [t-21632] [debug] Peek space-mode eligibility recomputed: false
[2025-11-07 16:03:34.744849] [p-12484] [t-18640] [debug] Peek space-mode eligibility recomputed: false
[2025-11-07 16:03:40.496938] [p-12484] [t-18640] [debug] Peek space-mode eligibility recomputed: false
[2025-11-07 16:03:40.604818] [p-12484] [t-18640] [debug] Peek space-mode eligibility recomputed: false
[2025-11-07 16:03:41.252535] [p-12484] [t-18640] [debug] Peek space-mode eligibility recomputed: false
[2025-11-07 16:03:47.280294] [p-12484] [t-18640] [debug] Peek space-mode eligibility recomputed: false
[2025-11-07 16:04:02.464971] [p-12484] [t-18640] [debug] Peek space-mode eligibility recomputed: false
[2025-11-07 16:04:05.729115] [p-12484] [t-18640] [debug] Peek space-mode eligibility recomputed: false
[2025-11-07 16:04:06.857009] [p-12484] [t-18640] [debug] Peek space-mode eligibility recomputed: false
[2025-11-07 16:04:06.969488] [p-12484] [t-18640] [debug] Peek space-mode eligibility recomputed: false
[2025-11-07 16:04:09.460418] [p-12484] [t-18640] [debug] Peek space-mode eligibility recomputed: false
[2025-11-07 16:04:10.409827] [p-12484] [t-18640] [debug] Peek space-mode eligibility recomputed: false
[2025-11-07 16:04:12.088106] [p-12484] [t-18640] [debug] Peek space-mode eligibility recomputed: false
[2025-11-07 16:04:45.321671] [p-12484] [t-18640] [debug] Peek space-mode eligibility recomputed: false
[2025-11-07 16:05:12.153383] [p-12484] [t-18640] [debug] Peek space-mode eligibility recomputed: false
[2025-11-07 16:05:13.944876] [p-12484] [t-18640] [debug] Peek space-mode eligibility recomputed: false
[2025-11-07 16:07:53.290897] [p-12484] [t-13004] [debug] Peek space-mode eligibility recomputed: false
[2025-11-07 16:07:55.222029] [p-12484] [t-13004] [debug] Peek space-mode eligibility recomputed: false
[2025-11-07 16:13:18.148411] [p-12484] [t-21676] [debug] Peek space-mode eligibility recomputed: false
[2025-11-07 16:13:22.062944] [p-12484] [t-21676] [debug] Peek space-mode eligibility recomputed: false
[2025-11-07 16:14:34.951315] [p-12484] [t-21676] [debug] Peek space-mode eligibility recomputed: false
[2025-11-07 16:14:42.621471] [p-12484] [t-21676] [debug] Peek space-mode eligibility recomputed: false
[2025-11-07 16:15:08.265789] [p-12484] [t-21676] [debug] Peek space-mode eligibility recomputed: false
[2025-11-07 16:15:24.095971] [p-12484] [t-21676] [debug] Peek space-mode eligibility recomputed: false
[2025-11-07 16:15:24.206815] [p-12484] [t-21676] [debug] Peek space-mode eligibility recomputed: false
[2025-11-07 16:15:27.213914] [p-12484] [t-21676] [debug] Peek space-mode eligibility recomputed: false
[2025-11-07 16:23:25.945194] [p-12484] [t-15752] [debug] Peek space-mode eligibility recomputed: false
[2025-11-07 16:23:26.711845] [p-12484] [t-15752] [debug] Peek space-mode eligibility recomputed: false
[2025-11-07 16:23:31.543674] [p-12484] [t-15752] [debug] Peek space-mode eligibility recomputed: false
[2025-11-07 16:23:31.976596] [p-12484] [t-15752] [debug] Peek space-mode eligibility recomputed: false
[2025-11-07 16:23:32.048750] [p-12484] [t-15752] [debug] Peek space-mode eligibility recomputed: false
[2025-11-07 16:24:47.161001] [p-12484] [t-15752] [debug] Peek space-mode eligibility recomputed: false
[2025-11-07 16:24:50.969136] [p-12484] [t-15752] [debug] Peek space-mode eligibility recomputed: true
[2025-11-07 16:24:54.430564] [p-12484] [t-15752] [debug] Peek space-mode eligibility recomputed: false
[2025-11-07 16:26:24.965174] [p-12484] [t-15752] [debug] Peek space-mode eligibility recomputed: false
[2025-11-07 16:28:35.317267] [p-12484] [t-15752] [debug] Peek space-mode eligibility recomputed: false
[2025-11-07 16:28:57.587440] [p-12484] [t-15752] [debug] Peek space-mode eligibility recomputed: false
[2025-11-07 16:29:03.450777] [p-12484] [t-15752] [debug] Peek space-mode eligibility recomputed: true
[2025-11-07 16:29:10.721420] [p-12484] [t-15540] [debug] Peek space-mode eligibility recomputed: false
[2025-11-07 16:29:15.542817] [p-12484] [t-15540] [debug] Peek space-mode eligibility recomputed: false
[2025-11-07 16:29:15.967409] [p-12484] [t-15540] [debug] Peek space-mode eligibility recomputed: false
[2025-11-07 16:29:16.054880] [p-12484] [t-15540] [debug] Peek space-mode eligibility recomputed: false
[2025-11-07 16:29:33.490521] [p-12484] [t-15540] [debug] Peek space-mode eligibility recomputed: false
[2025-11-07 16:29:35.789804] [p-12484] [t-15540] [debug] Peek space-mode eligibility recomputed: false
[2025-11-07 16:29:38.928780] [p-12484] [t-15540] [debug] Peek space-mode eligibility recomputed: true
[2025-11-07 16:29:45.578631] [p-12484] [t-15540] [debug] Peek space-mode eligibility recomputed: false
[2025-11-07 16:29:47.521310] [p-12484] [t-15540] [debug] Peek space-mode eligibility recomputed: false
[2025-11-07 16:29:49.028688] [p-12484] [t-15540] [debug] Peek space-mode eligibility recomputed: true
[2025-11-07 16:29:53.336933] [p-12484] [t-15540] [debug] Peek space-mode eligibility recomputed: false
[2025-11-07 16:29:56.040010] [p-12484] [t-15540] [debug] Peek space-mode eligibility recomputed: false
[2025-11-07 16:29:56.283907] [p-12484] [t-15540] [debug] Peek space-mode eligibility recomputed: false
[2025-11-07 16:29:58.346140] [p-12484] [t-15540] [debug] Peek space-mode eligibility recomputed: true
[2025-11-07 16:30:04.780625] [p-12484] [t-15540] [debug] Peek space-mode eligibility recomputed: false
[2025-11-07 16:30:06.953287] [p-12484] [t-15540] [debug] Peek space-mode eligibility recomputed: false
[2025-11-07 16:30:09.745444] [p-12484] [t-15540] [debug] Peek space-mode eligibility recomputed: false
[2025-11-07 16:31:29.464490] [p-12484] [t-22420] [debug] Peek space-mode eligibility recomputed: false
[2025-11-07 16:31:29.561080] [p-12484] [t-22420] [debug] Peek space-mode eligibility recomputed: false
[2025-11-07 16:31:31.142736] [p-12484] [t-22420] [debug] Peek space-mode eligibility recomputed: false
[2025-11-07 16:31:32.776603] [p-12484] [t-22420] [debug] Peek space-mode eligibility recomputed: false
[2025-11-07 16:31:33.458511] [p-12484] [t-22420] [debug] Peek space-mode eligibility recomputed: false
[2025-11-07 16:44:42.454376] [p-12484] [t-9540] [debug] Peek space-mode eligibility recomputed: false
[2025-11-07 16:44:46.352941] [p-12484] [t-9540] [debug] Peek space-mode eligibility recomputed: false
[2025-11-07 16:44:57.326475] [p-12484] [t-9540] [debug] Peek space-mode eligibility recomputed: false
[2025-11-07 16:44:57.670277] [p-12484] [t-9540] [debug] Peek space-mode eligibility recomputed: false
[2025-11-07 16:47:45.238401] [p-12484] [t-9540] [debug] Peek space-mode eligibility recomputed: false
[2025-11-07 16:47:48.532267] [p-12484] [t-9540] [debug] Peek space-mode eligibility recomputed: false
[2025-11-07 16:47:54.923477] [p-12484] [t-9540] [debug] Peek space-mode eligibility recomputed: false
[2025-11-07 16:47:55.841268] [p-12484] [t-9540] [debug] Peek space-mode eligibility recomputed: false
[2025-11-07 16:47:56.447867] [p-12484] [t-9540] [debug] Peek space-mode eligibility recomputed: false
[2025-11-07 16:47:57.157212] [p-12484] [t-9540] [debug] Peek space-mode eligibility recomputed: false
[2025-11-07 16:47:57.586128] [p-12484] [t-9540] [debug] Peek space-mode eligibility recomputed: false
[2025-11-07 16:47:58.279071] [p-12484] [t-9540] [debug] Peek space-mode eligibility recomputed: false
[2025-11-07 17:02:27.636121] [p-12484] [t-18628] [debug] Peek space-mode eligibility recomputed: false
[2025-11-07 17:02:30.455998] [p-12484] [t-18628] [debug] Peek space-mode eligibility recomputed: false
[2025-11-07 17:02:35.690187] [p-12484] [t-18628] [debug] Peek space-mode eligibility recomputed: false
[2025-11-07 17:02:36.158249] [p-12484] [t-18628] [debug] Peek space-mode eligibility recomputed: false
[2025-11-07 17:06:46.607919] [p-12484] [t-23376] [debug] Peek space-mode eligibility recomputed: false
[2025-11-07 17:06:52.273664] [p-12484] [t-23376] [debug] Peek space-mode eligibility recomputed: false
[2025-11-07 17:06:52.519026] [p-12484] [t-23376] [debug] Peek space-mode eligibility recomputed: false
[2025-11-07 17:06:58.104665] [p-12484] [t-23376] [debug] Peek space-mode eligibility recomputed: false
[2025-11-07 17:06:58.996310] [p-12484] [t-23376] [debug] Peek space-mode eligibility recomputed: false
[2025-11-07 17:06:59.318903] [p-12484] [t-23376] [debug] Peek space-mode eligibility recomputed: false
[2025-11-07 17:07:12.777060] [p-12484] [t-23376] [debug] Peek space-mode eligibility recomputed: false
[2025-11-07 17:07:12.851162] [p-12484] [t-23376] [debug] Peek space-mode eligibility recomputed: false
[2025-11-07 17:07:25.175678] [p-12484] [t-23376] [debug] Peek space-mode eligibility recomputed: false
[2025-11-07 17:07:27.999510] [p-12484] [t-23376] [debug] Peek space-mode eligibility recomputed: false
[2025-11-07 17:07:32.467047] [p-12484] [t-23376] [debug] Peek space-mode eligibility recomputed: false
[2025-11-07 17:08:15.377086] [p-12484] [t-23376] [debug] Peek space-mode eligibility recomputed: false
[2025-11-07 17:08:21.011861] [p-12484] [t-23376] [debug] Peek space-mode eligibility recomputed: false
[2025-11-07 17:08:22.333311] [p-12484] [t-23376] [debug] Peek space-mode eligibility recomputed: false
[2025-11-07 17:08:41.989279] [p-12484] [t-23376] [debug] Peek space-mode eligibility recomputed: false
[2025-11-07 17:08:44.316317] [p-12484] [t-23376] [debug] Peek space-mode eligibility recomputed: false
[2025-11-07 17:08:45.545342] [p-12484] [t-23376] [debug] Peek space-mode eligibility recomputed: false
[2025-11-07 17:08:47.396925] [p-12484] [t-23376] [debug] Peek space-mode eligibility recomputed: false
[2025-11-07 17:08:50.059941] [p-12484] [t-23376] [debug] Peek space-mode eligibility recomputed: false
[2025-11-07 17:08:52.085714] [p-12484] [t-23376] [debug] Peek space-mode eligibility recomputed: false
[2025-11-07 17:08:55.134117] [p-12484] [t-23376] [debug] Peek space-mode eligibility recomputed: false
[2025-11-07 17:08:56.608733] [p-12484] [t-23376] [debug] Peek space-mode eligibility recomputed: false
[2025-11-07 17:09:12.587201] [p-12484] [t-23376] [debug] Peek space-mode eligibility recomputed: false
[2025-11-07 17:09:13.640577] [p-12484] [t-23376] [debug] Peek space-mode eligibility recomputed: false
[2025-11-07 17:09:29.910757] [p-12484] [t-23376] [debug] Peek space-mode eligibility recomputed: false
[2025-11-07 17:09:31.165481] [p-12484] [t-23376] [debug] Peek space-mode eligibility recomputed: false
[2025-11-07 17:09:31.291088] [p-12484] [t-23376] [debug] Peek space-mode eligibility recomputed: false
[2025-11-07 17:09:32.050134] [p-12484] [t-23376] [debug] Peek space-mode eligibility recomputed: false
[2025-11-07 17:09:33.564519] [p-12484] [t-23376] [debug] Peek space-mode eligibility recomputed: false
[2025-11-07 17:09:34.704346] [p-12484] [t-23376] [debug] Peek space-mode eligibility recomputed: true
[2025-11-07 17:09:42.631138] [p-12484] [t-23376] [debug] Peek space-mode eligibility recomputed: false
[2025-11-07 17:09:44.032502] [p-12484] [t-23376] [debug] Peek space-mode eligibility recomputed: true
[2025-11-07 17:10:12.037336] [p-12484] [t-23376] [debug] Peek space-mode eligibility recomputed: false
[2025-11-07 17:10:12.468022] [p-12484] [t-23376] [debug] Peek space-mode eligibility recomputed: false
[2025-11-07 17:10:18.516129] [p-12484] [t-23376] [debug] Peek space-mode eligibility recomputed: true
[2025-11-07 17:10:19.359077] [p-12484] [t-23376] [debug] Peek space-mode eligibility recomputed: true
[2025-11-07 17:10:20.157738] [p-12484] [t-23376] [debug] Peek space-mode eligibility recomputed: false
[2025-11-07 17:10:34.731630] [p-12484] [t-23376] [debug] Peek space-mode eligibility recomputed: false
[2025-11-07 17:10:37.576830] [p-12484] [t-23376] [debug] Peek space-mode eligibility recomputed: false
[2025-11-07 17:10:58.182589] [p-12484] [t-23376] [debug] Peek space-mode eligibility recomputed: false
[2025-11-07 17:10:58.321555] [p-12484] [t-23376] [debug] Peek space-mode eligibility recomputed: false
[2025-11-07 17:11:05.194652] [p-12484] [t-23376] [debug] Peek space-mode eligibility recomputed: false
[2025-11-07 17:11:07.478786] [p-12484] [t-23376] [debug] Peek space-mode eligibility recomputed: true
[2025-11-07 17:11:15.466501] [p-12484] [t-23376] [debug] Peek space-mode eligibility recomputed: false
[2025-11-07 17:11:19.014086] [p-12484] [t-23376] [debug] Peek space-mode eligibility recomputed: false
[2025-11-07 17:11:29.923254] [p-12484] [t-23376] [debug] Peek space-mode eligibility recomputed: false
[2025-11-07 17:11:31.357674] [p-12484] [t-23376] [debug] Peek space-mode eligibility recomputed: false
[2025-11-07 17:11:57.816390] [p-12484] [t-23376] [debug] Peek space-mode eligibility recomputed: false
[2025-11-07 17:11:58.004390] [p-12484] [t-23376] [debug] Peek space-mode eligibility recomputed: false
[2025-11-07 17:11:59.016116] [p-12484] [t-23376] [debug] Peek space-mode eligibility recomputed: true
[2025-11-07 17:12:04.193472] [p-12484] [t-23376] [debug] Peek space-mode eligibility recomputed: false
[2025-11-07 17:12:19.495811] [p-12484] [t-23376] [debug] Peek space-mode eligibility recomputed: false
[2025-11-07 17:12:20.474815] [p-12484] [t-23376] [debug] Peek space-mode eligibility recomputed: false
[2025-11-07 17:12:21.619586] [p-12484] [t-23376] [debug] Peek space-mode eligibility recomputed: false
[2025-11-07 17:12:25.464882] [p-12484] [t-23376] [debug] Peek space-mode eligibility recomputed: false
[2025-11-07 17:12:34.820638] [p-12484] [t-23376] [debug] Peek space-mode eligibility recomputed: false
[2025-11-07 17:12:44.616543] [p-12484] [t-23376] [debug] Peek space-mode eligibility recomputed: false
[2025-11-07 17:12:44.824719] [p-12484] [t-23376] [debug] Peek space-mode eligibility recomputed: false
[2025-11-07 17:12:46.115798] [p-12484] [t-23376] [debug] Peek space-mode eligibility recomputed: false
[2025-11-07 17:12:51.992348] [p-12484] [t-23376] [debug] Peek space-mode eligibility recomputed: false
[2025-11-07 17:13:25.428665] [p-12484] [t-23376] [debug] Peek space-mode eligibility recomputed: false
[2025-11-07 17:13:27.856168] [p-12484] [t-23376] [debug] Peek space-mode eligibility recomputed: false
[2025-11-07 17:13:29.578037] [p-12484] [t-23376] [debug] Peek space-mode eligibility recomputed: false
[2025-11-07 17:13:32.635610] [p-12484] [t-23376] [debug] Peek space-mode eligibility recomputed: false
[2025-11-07 17:13:34.776296] [p-12484] [t-23376] [debug] Peek space-mode eligibility recomputed: false
[2025-11-07 17:14:25.631779] [p-12484] [t-23376] [debug] Peek space-mode eligibility recomputed: false
[2025-11-07 17:14:25.721214] [p-12484] [t-23376] [debug] Peek space-mode eligibility recomputed: false
[2025-11-07 17:14:25.891184] [p-12484] [t-23376] [debug] Peek space-mode eligibility recomputed: false
[2025-11-07 17:14:27.590401] [p-12484] [t-23376] [debug] Peek space-mode eligibility recomputed: false
[2025-11-07 17:15:13.421242] [p-12484] [t-23376] [debug] Peek space-mode eligibility recomputed: false
[2025-11-07 17:15:13.474777] [p-12484] [t-23376] [debug] Peek space-mode eligibility recomputed: false
[2025-11-07 17:15:14.576451] [p-12484] [t-23376] [debug] Peek space-mode eligibility recomputed: false
[2025-11-07 17:15:16.689824] [p-12484] [t-23376] [debug] Peek space-mode eligibility recomputed: false
[2025-11-07 17:15:16.810386] [p-12484] [t-23376] [debug] Peek space-mode eligibility recomputed: false
[2025-11-07 17:15:19.770957] [p-12484] [t-23376] [debug] Peek space-mode eligibility recomputed: false
[2025-11-07 17:15:20.199672] [p-12484] [t-23376] [debug] Peek space-mode eligibility recomputed: false
[2025-11-07 17:15:25.169084] [p-12484] [t-23376] [debug] Peek space-mode eligibility recomputed: false
[2025-11-07 17:15:43.797422] [p-12484] [t-23376] [debug] Peek space-mode eligibility recomputed: false
[2025-11-07 17:15:45.045531] [p-12484] [t-23376] [debug] Peek space-mode eligibility recomputed: false
[2025-11-07 17:15:46.391331] [p-12484] [t-23376] [debug] Peek space-mode eligibility recomputed: false
[2025-11-07 17:15:47.263292] [p-12484] [t-23376] [debug] Peek space-mode eligibility recomputed: false
[2025-11-07 17:15:49.326919] [p-12484] [t-23376] [debug] Peek space-mode eligibility recomputed: false
[2025-11-07 17:15:50.327816] [p-12484] [t-23376] [debug] Peek space-mode eligibility recomputed: false
[2025-11-07 17:16:49.148472] [p-12484] [t-23376] [debug] Peek space-mode eligibility recomputed: false
[2025-11-07 17:16:56.462127] [p-12484] [t-23376] [debug] Peek space-mode eligibility recomputed: false
[2025-11-07 17:17:24.114311] [p-12484] [t-23376] [debug] Peek space-mode eligibility recomputed: false
[2025-11-07 17:17:25.444545] [p-12484] [t-23376] [debug] Peek space-mode eligibility recomputed: false
[2025-11-07 17:17:28.199484] [p-12484] [t-23376] [debug] Peek space-mode eligibility recomputed: false
[2025-11-07 17:17:28.838504] [p-12484] [t-23376] [debug] Peek space-mode eligibility recomputed: false
[2025-11-07 17:17:29.963220] [p-12484] [t-23376] [debug] Peek space-mode eligibility recomputed: false
[2025-11-07 17:17:30.870358] [p-12484] [t-23376] [debug] Peek space-mode eligibility recomputed: false
[2025-11-07 17:17:37.425364] [p-12484] [t-23376] [debug] Peek space-mode eligibility recomputed: false
[2025-11-07 17:17:39.824745] [p-12484] [t-23376] [debug] Peek space-mode eligibility recomputed: false
[2025-11-07 17:17:41.132452] [p-12484] [t-23376] [debug] Peek space-mode eligibility recomputed: false
[2025-11-07 17:17:43.356089] [p-12484] [t-23376] [debug] Peek space-mode eligibility recomputed: false
[2025-11-07 17:17:44.960015] [p-12484] [t-23376] [debug] Peek space-mode eligibility recomputed: false
[2025-11-07 17:17:46.299866] [p-12484] [t-23376] [debug] Peek space-mode eligibility recomputed: false
[2025-11-07 17:17:49.642881] [p-12484] [t-23376] [debug] Peek space-mode eligibility recomputed: false
[2025-11-07 17:17:50.581628] [p-12484] [t-23376] [debug] Peek space-mode eligibility recomputed: false
[2025-11-07 17:18:24.350412] [p-12484] [t-23376] [debug] Peek space-mode eligibility recomputed: false
[2025-11-07 17:18:31.255821] [p-12484] [t-23376] [debug] Peek space-mode eligibility recomputed: false
[2025-11-07 17:18:34.172963] [p-12484] [t-23376] [debug] Peek space-mode eligibility recomputed: false
[2025-11-07 17:18:59.646080] [p-12484] [t-23376] [debug] Peek space-mode eligibility recomputed: false
[2025-11-07 17:19:01.589613] [p-12484] [t-23376] [debug] Peek space-mode eligibility recomputed: false
[2025-11-07 17:19:04.801621] [p-12484] [t-23376] [debug] Peek space-mode eligibility recomputed: false
[2025-11-07 17:19:59.767359] [p-12484] [t-23376] [debug] Peek space-mode eligibility recomputed: false
[2025-11-07 17:20:03.050570] [p-12484] [t-23376] [debug] Peek space-mode eligibility recomputed: false
[2025-11-07 17:20:11.216236] [p-12484] [t-23376] [debug] Peek space-mode eligibility recomputed: false
[2025-11-07 17:20:13.407310] [p-12484] [t-23376] [debug] Peek space-mode eligibility recomputed: false
[2025-11-07 17:20:35.173190] [p-12484] [t-23376] [debug] Peek space-mode eligibility recomputed: false
[2025-11-07 17:20:35.743985] [p-12484] [t-23376] [debug] Peek space-mode eligibility recomputed: false
[2025-11-07 17:20:44.690765] [p-12484] [t-23376] [debug] Peek space-mode eligibility recomputed: false
[2025-11-07 17:20:46.434824] [p-12484] [t-23376] [debug] Peek space-mode eligibility recomputed: false
[2025-11-07 17:20:46.522061] [p-12484] [t-23376] [debug] Peek space-mode eligibility recomputed: false
[2025-11-07 17:20:47.947473] [p-12484] [t-23376] [debug] Peek space-mode eligibility recomputed: false
[2025-11-07 17:20:48.040616] [p-12484] [t-23376] [debug] Peek space-mode eligibility recomputed: false
[2025-11-07 17:21:22.457341] [p-12484] [t-23376] [debug] Peek space-mode eligibility recomputed: false
[2025-11-07 17:21:23.461571] [p-12484] [t-23376] [debug] Peek space-mode eligibility recomputed: false
[2025-11-07 17:21:24.236953] [p-12484] [t-23376] [debug] Peek space-mode eligibility recomputed: false
[2025-11-07 17:21:27.244977] [p-12484] [t-23376] [debug] Peek space-mode eligibility recomputed: false
[2025-11-07 17:21:30.033295] [p-12484] [t-23376] [debug] Peek space-mode eligibility recomputed: false
[2025-11-07 17:21:32.840535] [p-12484] [t-23376] [debug] Peek space-mode eligibility recomputed: false
[2025-11-07 17:21:36.574496] [p-12484] [t-23376] [debug] Peek space-mode eligibility recomputed: false
[2025-11-07 17:21:37.622592] [p-12484] [t-23376] [debug] Peek space-mode eligibility recomputed: true
[2025-11-07 17:21:54.100203] [p-12484] [t-23376] [debug] Peek space-mode eligibility recomputed: false
[2025-11-07 17:21:55.380206] [p-12484] [t-23376] [debug] Peek space-mode eligibility recomputed: false
[2025-11-07 17:22:00.386922] [p-12484] [t-23376] [debug] Peek space-mode eligibility recomputed: false
[2025-11-07 17:40:33.673556] [p-12484] [t-12104] [debug] Peek space-mode eligibility recomputed: false
[2025-11-07 17:40:38.147578] [p-12484] [t-12104] [debug] Peek space-mode eligibility recomputed: false
[2025-11-07 17:40:38.572396] [p-12484] [t-12104] [debug] Peek space-mode eligibility recomputed: false
[2025-11-07 17:40:41.088310] [p-12484] [t-12104] [debug] Peek space-mode eligibility recomputed: false
[2025-11-07 17:40:53.031486] [p-12484] [t-12104] [debug] Peek space-mode eligibility recomputed: false
[2025-11-07 17:40:53.524263] [p-12484] [t-12104] [debug] Peek space-mode eligibility recomputed: false
[2025-11-07 17:40:56.871020] [p-12484] [t-12104] [debug] Peek space-mode eligibility recomputed: false
[2025-11-07 17:41:00.419153] [p-12484] [t-25492] [debug] Peek space-mode eligibility recomputed: false
[2025-11-07 17:41:01.060862] [p-12484] [t-25492] [debug] Peek space-mode eligibility recomputed: false
[2025-11-07 17:41:02.205183] [p-12484] [t-25492] [debug] Peek space-mode eligibility recomputed: false
[2025-11-07 17:41:02.303546] [p-12484] [t-25492] [debug] Peek space-mode eligibility recomputed: false
[2025-11-07 17:41:08.959414] [p-12484] [t-22248] [debug] Peek space-mode eligibility recomputed: false
[2025-11-07 17:41:15.467980] [p-12484] [t-22248] [debug] Peek space-mode eligibility recomputed: false
[2025-11-07 17:41:18.220087] [p-12484] [t-22248] [debug] Peek space-mode eligibility recomputed: false
[2025-11-07 17:41:21.454355] [p-12484] [t-22248] [debug] Peek space-mode eligibility recomputed: false
[2025-11-07 17:41:24.661858] [p-12484] [t-22248] [debug] Peek space-mode eligibility recomputed: false
[2025-11-07 17:41:32.792568] [p-12484] [t-22248] [debug] Peek space-mode eligibility recomputed: false
[2025-11-07 17:41:33.611639] [p-12484] [t-22248] [debug] Peek space-mode eligibility recomputed: false
[2025-11-07 17:41:35.360943] [p-12484] [t-22248] [debug] Peek space-mode eligibility recomputed: false
[2025-11-07 17:41:35.496741] [p-12484] [t-22248] [debug] Peek space-mode eligibility recomputed: false
[2025-11-07 17:41:36.278368] [p-12484] [t-22248] [debug] Peek space-mode eligibility recomputed: false
[2025-11-07 17:42:20.478030] [p-12484] [t-12104] [debug] Peek space-mode eligibility recomputed: false
[2025-11-07 17:42:24.803297] [p-12484] [t-12104] [debug] Peek space-mode eligibility recomputed: false
[2025-11-07 17:42:25.541004] [p-12484] [t-12104] [debug] Peek space-mode eligibility recomputed: false
[2025-11-07 17:42:26.338791] [p-12484] [t-12104] [debug] Peek space-mode eligibility recomputed: false
[2025-11-07 17:42:27.985980] [p-12484] [t-12104] [debug] Peek space-mode eligibility recomputed: false
[2025-11-07 17:42:29.093179] [p-12484] [t-12104] [debug] Peek space-mode eligibility recomputed: false
[2025-11-07 17:42:36.386953] [p-12484] [t-12104] [debug] Peek space-mode eligibility recomputed: false
[2025-11-07 17:42:44.482718] [p-12484] [t-12104] [debug] Peek space-mode eligibility recomputed: false
[2025-11-07 17:42:58.348929] [p-12484] [t-12104] [debug] Peek space-mode eligibility recomputed: false
[2025-11-07 17:43:12.159296] [p-12484] [t-12104] [debug] Peek space-mode eligibility recomputed: false
[2025-11-07 17:43:13.381990] [p-12484] [t-12104] [debug] Peek space-mode eligibility recomputed: false
[2025-11-07 17:43:36.267956] [p-12484] [t-12104] [debug] Peek space-mode eligibility recomputed: false
[2025-11-07 17:43:40.535407] [p-12484] [t-12104] [debug] Peek space-mode eligibility recomputed: false
[2025-11-07 17:43:41.797100] [p-12484] [t-12104] [debug] Peek space-mode eligibility recomputed: false
[2025-11-07 17:43:45.153706] [p-12484] [t-12104] [debug] Peek space-mode eligibility recomputed: false
[2025-11-07 17:43:46.138413] [p-12484] [t-12104] [debug] Peek space-mode eligibility recomputed: false
[2025-11-07 17:44:08.487789] [p-12484] [t-12104] [debug] Peek space-mode eligibility recomputed: false
[2025-11-07 17:44:08.767771] [p-12484] [t-12104] [debug] Peek space-mode eligibility recomputed: false
[2025-11-07 17:44:11.200449] [p-12484] [t-12104] [debug] Peek space-mode eligibility recomputed: false
[2025-11-07 17:44:12.327370] [p-12484] [t-12104] [debug] Peek space-mode eligibility recomputed: false
[2025-11-07 17:44:20.196559] [p-12484] [t-10568] [debug] Peek space-mode eligibility recomputed: false
[2025-11-07 17:44:21.986376] [p-12484] [t-10568] [debug] Peek space-mode eligibility recomputed: false
[2025-11-07 17:44:33.665119] [p-12484] [t-10568] [debug] Peek space-mode eligibility recomputed: false
[2025-11-07 17:44:33.802927] [p-12484] [t-10568] [debug] Peek space-mode eligibility recomputed: false
[2025-11-07 17:44:41.887193] [p-12484] [t-10568] [debug] Peek space-mode eligibility recomputed: false
[2025-11-07 17:44:43.041813] [p-12484] [t-10568] [debug] Peek space-mode eligibility recomputed: false
[2025-11-07 17:44:47.819012] [p-12484] [t-10568] [debug] Peek space-mode eligibility recomputed: false
[2025-11-07 17:44:49.312268] [p-12484] [t-10568] [debug] Peek space-mode eligibility recomputed: false
[2025-11-07 17:44:51.084675] [p-12484] [t-10568] [debug] Peek space-mode eligibility recomputed: false
[2025-11-07 17:44:57.814552] [p-12484] [t-10568] [debug] Peek space-mode eligibility recomputed: false
[2025-11-07 17:44:58.629559] [p-12484] [t-10568] [debug] Peek space-mode eligibility recomputed: false
[2025-11-07 17:45:00.235095] [p-12484] [t-10568] [debug] Peek space-mode eligibility recomputed: false
[2025-11-07 17:45:01.396810] [p-12484] [t-10568] [debug] Peek space-mode eligibility recomputed: false
[2025-11-07 17:45:07.718715] [p-12484] [t-10568] [debug] Peek space-mode eligibility recomputed: false
[2025-11-07 17:45:07.815517] [p-12484] [t-10568] [debug] Peek space-mode eligibility recomputed: false
[2025-11-07 17:45:08.400515] [p-12484] [t-10568] [debug] Peek space-mode eligibility recomputed: false
[2025-11-07 17:45:09.241824] [p-12484] [t-10568] [debug] Peek space-mode eligibility recomputed: false
[2025-11-07 17:45:13.810947] [p-12484] [t-10568] [debug] Peek space-mode eligibility recomputed: false
[2025-11-07 17:45:13.900505] [p-12484] [t-10568] [debug] Peek space-mode eligibility recomputed: false
[2025-11-07 17:45:14.607178] [p-12484] [t-10568] [debug] Peek space-mode eligibility recomputed: false
[2025-11-07 17:45:19.314278] [p-12484] [t-10568] [debug] Peek space-mode eligibility recomputed: false
[2025-11-07 17:45:20.727300] [p-12484] [t-10568] [debug] Peek space-mode eligibility recomputed: false
[2025-11-07 17:45:28.081012] [p-12484] [t-10568] [debug] Peek space-mode eligibility recomputed: false
[2025-11-07 17:45:29.681022] [p-12484] [t-10568] [debug] Peek space-mode eligibility recomputed: false
[2025-11-07 17:45:40.819278] [p-12484] [t-10568] [debug] Peek space-mode eligibility recomputed: false
[2025-11-07 17:45:42.465765] [p-12484] [t-10568] [debug] Peek space-mode eligibility recomputed: false
[2025-11-07 17:45:49.299247] [p-12484] [t-10568] [debug] Peek space-mode eligibility recomputed: false
[2025-11-07 17:45:49.525372] [p-12484] [t-10568] [debug] Peek space-mode eligibility recomputed: false
[2025-11-07 17:45:50.427056] [p-12484] [t-10568] [debug] Peek space-mode eligibility recomputed: false
[2025-11-07 17:45:57.902967] [p-12484] [t-10568] [debug] Peek space-mode eligibility recomputed: false
[2025-11-07 17:46:00.308467] [p-12484] [t-10568] [debug] Peek space-mode eligibility recomputed: false
[2025-11-07 17:46:01.754726] [p-12484] [t-10568] [debug] Peek space-mode eligibility recomputed: false
[2025-11-07 17:46:02.834889] [p-12484] [t-10568] [debug] Peek space-mode eligibility recomputed: false
[2025-11-07 17:46:06.559602] [p-12484] [t-10568] [debug] Peek space-mode eligibility recomputed: false
[2025-11-07 17:46:15.345353] [p-12484] [t-10568] [debug] Peek space-mode eligibility recomputed: false
[2025-11-07 17:46:16.407767] [p-12484] [t-10568] [debug] Peek space-mode eligibility recomputed: false
[2025-11-07 17:46:20.604295] [p-12484] [t-10568] [debug] Peek space-mode eligibility recomputed: false
[2025-11-07 17:46:21.180979] [p-12484] [t-10568] [debug] Peek space-mode eligibility recomputed: true
[2025-11-07 17:46:29.894468] [p-12484] [t-10568] [debug] Peek space-mode eligibility recomputed: false
[2025-11-07 17:46:36.788179] [p-12484] [t-10568] [debug] Peek space-mode eligibility recomputed: false
[2025-11-07 17:46:37.709596] [p-12484] [t-10568] [debug] Peek space-mode eligibility recomputed: false
[2025-11-07 17:46:56.590818] [p-12484] [t-10568] [debug] Peek space-mode eligibility recomputed: false
[2025-11-07 17:46:56.910420] [p-12484] [t-10568] [debug] Peek space-mode eligibility recomputed: false
[2025-11-07 17:47:03.048372] [p-12484] [t-10568] [debug] Peek space-mode eligibility recomputed: false
[2025-11-07 17:47:03.128529] [p-12484] [t-10568] [debug] Peek space-mode eligibility recomputed: false
[2025-11-07 17:47:03.501674] [p-12484] [t-10568] [debug] Peek space-mode eligibility recomputed: false
[2025-11-07 17:47:25.774560] [p-12484] [t-10568] [debug] Peek space-mode eligibility recomputed: false
[2025-11-07 17:47:26.021785] [p-12484] [t-10568] [debug] Peek space-mode eligibility recomputed: false
[2025-11-07 17:47:27.567616] [p-12484] [t-10568] [debug] Peek space-mode eligibility recomputed: false
[2025-11-07 17:47:57.391846] [p-12484] [t-10568] [debug] Peek space-mode eligibility recomputed: false
[2025-11-07 17:48:01.116454] [p-12484] [t-10568] [debug] Peek space-mode eligibility recomputed: false
[2025-11-07 17:48:02.750700] [p-12484] [t-10568] [debug] Peek space-mode eligibility recomputed: false
[2025-11-07 17:48:07.078933] [p-12484] [t-10568] [debug] Peek space-mode eligibility recomputed: false
[2025-11-07 17:48:07.521314] [p-12484] [t-10568] [debug] Peek space-mode eligibility recomputed: false
[2025-11-07 17:48:07.989643] [p-12484] [t-10568] [debug] Peek space-mode eligibility recomputed: false
[2025-11-07 17:48:15.596367] [p-12484] [t-10568] [debug] Peek space-mode eligibility recomputed: true
[2025-11-07 17:48:57.588652] [p-12484] [t-10568] [debug] Peek space-mode eligibility recomputed: false
[2025-11-07 17:49:02.358738] [p-12484] [t-25080] [debug] Peek space-mode eligibility recomputed: true
[2025-11-07 17:49:06.783030] [p-12484] [t-25080] [debug] Peek space-mode eligibility recomputed: false
[2025-11-07 17:49:27.494554] [p-12484] [t-25080] [debug] Peek space-mode eligibility recomputed: false
[2025-11-07 17:49:37.698895] [p-12484] [t-25080] [debug] Peek space-mode eligibility recomputed: false
[2025-11-07 17:49:52.209699] [p-12484] [t-25080] [debug] Peek space-mode eligibility recomputed: false
[2025-11-07 17:49:54.159969] [p-12484] [t-25080] [debug] Peek space-mode eligibility recomputed: true
[2025-11-07 17:50:07.208165] [p-12484] [t-25080] [debug] Peek space-mode eligibility recomputed: false
[2025-11-07 17:50:07.707352] [p-12484] [t-25080] [debug] Peek space-mode eligibility recomputed: false
[2025-11-07 17:50:15.761218] [p-12484] [t-25080] [debug] Peek space-mode eligibility recomputed: true
[2025-11-07 17:50:15.823329] [p-12484] [t-25080] [debug] Peek space-mode eligibility recomputed: true
[2025-11-07 17:50:17.036245] [p-12484] [t-25080] [debug] Peek space-mode eligibility recomputed: true
[2025-11-07 17:50:25.333508] [p-12484] [t-25080] [debug] Peek space-mode eligibility recomputed: false
[2025-11-07 17:50:25.508828] [p-12484] [t-25080] [debug] Peek space-mode eligibility recomputed: true
[2025-11-07 17:50:26.481310] [p-12484] [t-25080] [debug] Peek space-mode eligibility recomputed: false
[2025-11-07 17:50:29.306058] [p-12484] [t-20440] [debug] Peek space-mode eligibility recomputed: true
[2025-11-07 17:50:30.425245] [p-12484] [t-20440] [debug] Peek space-mode eligibility recomputed: false
[2025-11-07 17:50:54.896374] [p-12484] [t-20440] [debug] Peek space-mode eligibility recomputed: false
[2025-11-07 17:50:55.913549] [p-12484] [t-20440] [debug] Peek space-mode eligibility recomputed: false
[2025-11-07 17:51:04.655140] [p-12484] [t-20440] [debug] Peek space-mode eligibility recomputed: false
[2025-11-07 17:51:06.530734] [p-12484] [t-20440] [debug] Peek space-mode eligibility recomputed: false
[2025-11-07 17:51:14.228910] [p-12484] [t-20440] [debug] Peek space-mode eligibility recomputed: false
[2025-11-07 17:51:25.171003] [p-12484] [t-20440] [debug] Peek space-mode eligibility recomputed: false
[2025-11-07 17:51:55.888947] [p-12484] [t-20440] [debug] Peek space-mode eligibility recomputed: false
[2025-11-07 17:51:57.283991] [p-12484] [t-20440] [debug] Peek space-mode eligibility recomputed: false
[2025-11-07 17:51:58.383135] [p-12484] [t-20440] [debug] Peek space-mode eligibility recomputed: false
[2025-11-07 17:51:59.076764] [p-12484] [t-20440] [debug] Peek space-mode eligibility recomputed: false
[2025-11-07 17:52:05.685860] [p-12484] [t-20440] [debug] Peek space-mode eligibility recomputed: false
[2025-11-07 17:52:07.545627] [p-12484] [t-20440] [debug] Peek space-mode eligibility recomputed: false
[2025-11-07 17:52:09.248970] [p-12484] [t-20440] [debug] Peek space-mode eligibility recomputed: false
[2025-11-07 17:52:12.762923] [p-12484] [t-20440] [debug] Peek space-mode eligibility recomputed: false
[2025-11-07 17:52:26.149310] [p-12484] [t-20440] [debug] Peek space-mode eligibility recomputed: false
[2025-11-07 17:52:31.045111] [p-12484] [t-20440] [debug] Peek space-mode eligibility recomputed: false
[2025-11-07 17:52:56.337612] [p-12484] [t-20440] [debug] Peek space-mode eligibility recomputed: false
[2025-11-07 17:52:57.776960] [p-12484] [t-20440] [debug] Peek space-mode eligibility recomputed: false
[2025-11-07 17:52:59.396943] [p-12484] [t-20440] [debug] Peek space-mode eligibility recomputed: false
[2025-11-07 17:53:03.013920] [p-12484] [t-20440] [debug] Peek space-mode eligibility recomputed: false
[2025-11-07 17:53:04.332672] [p-12484] [t-20440] [debug] Peek space-mode eligibility recomputed: false
[2025-11-07 17:53:05.414471] [p-12484] [t-20440] [debug] Peek space-mode eligibility recomputed: false
[2025-11-07 17:53:05.732898] [p-12484] [t-20440] [debug] Peek space-mode eligibility recomputed: false
[2025-11-07 17:53:08.661799] [p-12484] [t-20440] [debug] Peek space-mode eligibility recomputed: false
[2025-11-07 17:53:11.239006] [p-12484] [t-20440] [debug] Peek space-mode eligibility recomputed: false
[2025-11-07 17:53:18.354873] [p-12484] [t-20440] [debug] Peek space-mode eligibility recomputed: false
[2025-11-07 17:53:19.139219] [p-12484] [t-20440] [debug] Peek space-mode eligibility recomputed: false
[2025-11-07 17:53:26.186899] [p-12484] [t-20440] [debug] Peek space-mode eligibility recomputed: false
[2025-11-07 17:53:29.284066] [p-12484] [t-20440] [debug] Peek space-mode eligibility recomputed: false
[2025-11-07 17:53:29.437189] [p-12484] [t-20440] [debug] Peek space-mode eligibility recomputed: false
[2025-11-07 17:53:29.499459] [p-12484] [t-20440] [debug] Peek space-mode eligibility recomputed: false
[2025-11-07 17:53:29.884878] [p-12484] [t-20440] [debug] Peek space-mode eligibility recomputed: false
[2025-11-07 17:53:30.800550] [p-12484] [t-20440] [debug] Peek space-mode eligibility recomputed: false
[2025-11-07 17:53:32.133825] [p-12484] [t-20440] [debug] Peek space-mode eligibility recomputed: false
[2025-11-07 17:53:32.217267] [p-12484] [t-20440] [debug] Peek space-mode eligibility recomputed: false
[2025-11-07 17:53:33.071967] [p-12484] [t-20440] [debug] Peek space-mode eligibility recomputed: false
[2025-11-07 17:53:49.475069] [p-12484] [t-20440] [debug] Peek space-mode eligibility recomputed: false
[2025-11-07 17:53:52.751597] [p-12484] [t-20440] [debug] Peek space-mode eligibility recomputed: false
[2025-11-07 17:54:26.814745] [p-12484] [t-20440] [debug] Peek space-mode eligibility recomputed: false
[2025-11-07 17:54:31.366854] [p-12484] [t-20440] [debug] Peek space-mode eligibility recomputed: false
[2025-11-07 17:54:32.217094] [p-12484] [t-20440] [debug] Peek space-mode eligibility recomputed: false
[2025-11-07 17:54:32.790028] [p-12484] [t-20440] [debug] Peek space-mode eligibility recomputed: false
[2025-11-07 17:55:05.244931] [p-12484] [t-20440] [debug] Peek space-mode eligibility recomputed: false
[2025-11-07 17:55:20.866404] [p-12484] [t-20440] [debug] Peek space-mode eligibility recomputed: false
[2025-11-07 17:55:20.956932] [p-12484] [t-20440] [debug] Peek space-mode eligibility recomputed: false
[2025-11-07 17:55:44.265047] [p-12484] [t-20440] [debug] Peek space-mode eligibility recomputed: false
[2025-11-07 17:55:45.303688] [p-12484] [t-20440] [debug] Peek space-mode eligibility recomputed: false
[2025-11-07 17:55:48.452486] [p-12484] [t-20440] [debug] Peek space-mode eligibility recomputed: false
[2025-11-07 17:55:49.287317] [p-12484] [t-20440] [debug] Peek space-mode eligibility recomputed: false
[2025-11-07 17:55:53.621660] [p-12484] [t-20440] [debug] Peek space-mode eligibility recomputed: false
[2025-11-07 17:55:58.833261] [p-12484] [t-20440] [debug] Peek space-mode eligibility recomputed: false
[2025-11-07 17:55:58.978857] [p-12484] [t-20440] [debug] Peek space-mode eligibility recomputed: false
[2025-11-07 17:56:02.507846] [p-12484] [t-20440] [debug] Peek space-mode eligibility recomputed: false
[2025-11-07 17:56:16.749654] [p-12484] [t-20440] [debug] Peek space-mode eligibility recomputed: false
[2025-11-07 17:57:07.490886] [p-12484] [t-20440] [debug] Peek space-mode eligibility recomputed: false
[2025-11-07 17:57:17.621271] [p-12484] [t-20440] [debug] Peek space-mode eligibility recomputed: false
[2025-11-07 17:57:21.680011] [p-12484] [t-20440] [debug] Peek space-mode eligibility recomputed: false
[2025-11-07 17:57:24.945363] [p-12484] [t-20440] [debug] Peek space-mode eligibility recomputed: false
[2025-11-07 17:57:29.127834] [p-12484] [t-20440] [debug] Peek space-mode eligibility recomputed: false
[2025-11-07 17:57:30.763653] [p-12484] [t-20440] [debug] Peek space-mode eligibility recomputed: false
[2025-11-07 17:57:33.967566] [p-12484] [t-20440] [debug] Peek space-mode eligibility recomputed: false
[2025-11-07 17:57:36.560672] [p-12484] [t-20440] [debug] Peek space-mode eligibility recomputed: false
[2025-11-07 17:57:40.963008] [p-12484] [t-4296] [debug] Peek space-mode eligibility recomputed: false
[2025-11-07 17:58:49.976629] [p-12484] [t-4296] [debug] Peek space-mode eligibility recomputed: false
[2025-11-07 17:58:51.232677] [p-12484] [t-4296] [debug] Peek space-mode eligibility recomputed: false
[2025-11-07 17:59:21.027716] [p-12484] [t-4296] [debug] Peek space-mode eligibility recomputed: false
[2025-11-07 17:59:22.308871] [p-12484] [t-4296] [debug] Peek space-mode eligibility recomputed: false
[2025-11-07 17:59:25.866071] [p-12484] [t-4296] [debug] Peek space-mode eligibility recomputed: false
[2025-11-07 17:59:26.989514] [p-12484] [t-4296] [debug] Peek space-mode eligibility recomputed: false
[2025-11-07 17:59:27.038944] [p-12484] [t-4296] [debug] Peek space-mode eligibility recomputed: false
[2025-11-07 17:59:28.163795] [p-12484] [t-4296] [debug] Peek space-mode eligibility recomputed: false
[2025-11-07 17:59:29.340801] [p-12484] [t-4296] [debug] Peek space-mode eligibility recomputed: false
[2025-11-07 17:59:29.892750] [p-12484] [t-4296] [debug] Peek space-mode eligibility recomputed: false
[2025-11-07 18:00:06.584615] [p-12484] [t-4296] [debug] Peek space-mode eligibility recomputed: false
[2025-11-07 18:00:07.903021] [p-12484] [t-4296] [debug] Peek space-mode eligibility recomputed: false
[2025-11-07 18:00:15.310590] [p-12484] [t-4296] [debug] Peek space-mode eligibility recomputed: false
[2025-11-07 18:00:15.584201] [p-12484] [t-4296] [debug] Peek space-mode eligibility recomputed: false
[2025-11-07 18:00:22.855329] [p-12484] [t-4296] [debug] Peek space-mode eligibility recomputed: false
[2025-11-07 18:00:25.995630] [p-12484] [t-4296] [debug] Peek space-mode eligibility recomputed: false
[2025-11-07 18:00:30.994635] [p-12484] [t-4296] [debug] Peek space-mode eligibility recomputed: false
[2025-11-07 18:00:43.978069] [p-12484] [t-4296] [debug] Peek space-mode eligibility recomputed: false
[2025-11-07 18:01:02.875498] [p-12484] [t-4296] [debug] Peek space-mode eligibility recomputed: false
[2025-11-07 18:01:03.769320] [p-12484] [t-4296] [debug] Peek space-mode eligibility recomputed: false
[2025-11-07 18:01:04.344496] [p-12484] [t-4296] [debug] Peek space-mode eligibility recomputed: true
[2025-11-07 18:01:08.404719] [p-12484] [t-4296] [debug] Peek space-mode eligibility recomputed: false
[2025-11-07 18:01:09.819424] [p-12484] [t-4296] [debug] Peek space-mode eligibility recomputed: false
[2025-11-07 18:01:14.149862] [p-12484] [t-4296] [debug] Peek space-mode eligibility recomputed: false
[2025-11-07 18:01:14.245521] [p-12484] [t-4296] [debug] Peek space-mode eligibility recomputed: false
[2025-11-07 18:01:47.502644] [p-12484] [t-4296] [debug] Peek space-mode eligibility recomputed: false
[2025-11-07 18:01:49.031569] [p-12484] [t-4296] [debug] Peek space-mode eligibility recomputed: false
[2025-11-07 18:01:52.062885] [p-12484] [t-4296] [debug] Peek space-mode eligibility recomputed: false
[2025-11-07 18:01:52.536449] [p-12484] [t-4296] [debug] Peek space-mode eligibility recomputed: false
[2025-11-07 18:01:53.555253] [p-12484] [t-4296] [debug] Peek space-mode eligibility recomputed: false
[2025-11-07 18:01:56.967559] [p-12484] [t-4296] [debug] Peek space-mode eligibility recomputed: false
[2025-11-07 18:01:58.372568] [p-12484] [t-4296] [debug] Peek space-mode eligibility recomputed: true
[2025-11-07 18:02:00.201023] [p-12484] [t-4296] [debug] Peek space-mode eligibility recomputed: false
[2025-11-07 18:02:07.377454] [p-12484] [t-4296] [debug] Peek space-mode eligibility recomputed: false
[2025-11-07 18:02:09.840146] [p-12484] [t-4296] [debug] Peek space-mode eligibility recomputed: false
[2025-11-07 18:02:12.604699] [p-12484] [t-16928] [debug] Peek space-mode eligibility recomputed: false
[2025-11-07 18:02:14.288275] [p-12484] [t-16928] [debug] Peek space-mode eligibility recomputed: false
[2025-11-07 18:02:15.088781] [p-12484] [t-16928] [debug] Peek space-mode eligibility recomputed: false
[2025-11-07 18:02:17.605482] [p-12484] [t-16928] [debug] Peek space-mode eligibility recomputed: false
[2025-11-07 18:02:17.841625] [p-12484] [t-16928] [debug] Peek space-mode eligibility recomputed: false
[2025-11-07 18:02:23.030341] [p-12484] [t-25120] [debug] Peek space-mode eligibility recomputed: false
[2025-11-07 18:02:24.168715] [p-12484] [t-25120] [debug] Peek space-mode eligibility recomputed: false
[2025-11-07 18:02:26.609925] [p-12484] [t-25120] [debug] Peek space-mode eligibility recomputed: false
[2025-11-07 18:02:27.538706] [p-12484] [t-25120] [debug] Peek space-mode eligibility recomputed: false
[2025-11-07 18:02:36.780625] [p-12484] [t-25120] [debug] Peek space-mode eligibility recomputed: false
[2025-11-07 18:02:38.317775] [p-12484] [t-25120] [debug] Peek space-mode eligibility recomputed: false
[2025-11-07 18:02:43.903668] [p-12484] [t-25120] [debug] Peek space-mode eligibility recomputed: false
[2025-11-07 18:02:44.903093] [p-12484] [t-25120] [debug] Peek space-mode eligibility recomputed: false
[2025-11-07 18:03:02.809896] [p-12484] [t-25120] [debug] Peek space-mode eligibility recomputed: false
[2025-11-07 18:03:04.562428] [p-12484] [t-25120] [debug] Peek space-mode eligibility recomputed: false
[2025-11-07 18:03:05.795354] [p-12484] [t-25120] [debug] Peek space-mode eligibility recomputed: false
[2025-11-07 18:03:15.211371] [p-12484] [t-25120] [debug] Peek space-mode eligibility recomputed: false
[2025-11-07 18:03:16.247491] [p-12484] [t-25120] [debug] Peek space-mode eligibility recomputed: false
[2025-11-07 18:03:16.344833] [p-12484] [t-25120] [debug] Peek space-mode eligibility recomputed: false
[2025-11-07 18:03:17.352586] [p-12484] [t-25120] [debug] Peek space-mode eligibility recomputed: false
[2025-11-07 18:03:17.938151] [p-12484] [t-25120] [debug] Peek space-mode eligibility recomputed: false
[2025-11-07 18:03:19.172674] [p-12484] [t-25120] [debug] Peek space-mode eligibility recomputed: false
[2025-11-07 18:03:42.010715] [p-12484] [t-25120] [debug] Peek space-mode eligibility recomputed: false
[2025-11-07 18:03:47.964012] [p-12484] [t-25120] [debug] Peek space-mode eligibility recomputed: false
[2025-11-07 18:03:58.212198] [p-12484] [t-25120] [debug] Peek space-mode eligibility recomputed: false
[2025-11-07 18:03:59.629207] [p-12484] [t-25120] [debug] Peek space-mode eligibility recomputed: false
[2025-11-07 18:03:59.816671] [p-12484] [t-25120] [debug] Peek space-mode eligibility recomputed: false
[2025-11-07 18:04:04.204650] [p-12484] [t-25120] [debug] Peek space-mode eligibility recomputed: false
[2025-11-07 18:07:21.047078] [p-12484] [t-25420] [debug] Peek space-mode eligibility recomputed: false
[2025-11-07 18:07:21.548889] [p-12484] [t-25420] [debug] Peek space-mode eligibility recomputed: false
[2025-11-07 18:09:36.971776] [p-12484] [t-16628] [debug] Peek space-mode eligibility recomputed: false
[2025-11-07 18:09:37.959458] [p-12484] [t-16628] [debug] Peek space-mode eligibility recomputed: false
[2025-11-07 18:09:39.096469] [p-12484] [t-16628] [debug] Peek space-mode eligibility recomputed: false
[2025-11-07 18:09:44.518078] [p-12484] [t-16628] [debug] Peek space-mode eligibility recomputed: false
[2025-11-07 18:09:47.399715] [p-12484] [t-16628] [debug] Peek space-mode eligibility recomputed: false
[2025-11-07 18:09:48.429662] [p-12484] [t-16628] [debug] Peek space-mode eligibility recomputed: false
[2025-11-07 18:09:49.516199] [p-12484] [t-16628] [debug] Peek space-mode eligibility recomputed: false
[2025-11-07 18:10:17.711071] [p-12484] [t-15496] [debug] Peek space-mode eligibility recomputed: false
[2025-11-07 18:10:22.159307] [p-12484] [t-15496] [debug] Peek space-mode eligibility recomputed: false
[2025-11-07 18:10:22.246214] [p-12484] [t-15496] [debug] Peek space-mode eligibility recomputed: false
[2025-11-07 18:10:22.398067] [p-12484] [t-15496] [debug] Peek space-mode eligibility recomputed: false
[2025-11-07 18:10:24.021659] [p-12484] [t-15496] [debug] Peek space-mode eligibility recomputed: false
[2025-11-07 18:10:35.136061] [p-12484] [t-15496] [debug] Peek space-mode eligibility recomputed: false
[2025-11-07 18:10:36.655206] [p-12484] [t-15496] [debug] Peek space-mode eligibility recomputed: false
[2025-11-07 18:10:41.559423] [p-12484] [t-15496] [debug] Peek space-mode eligibility recomputed: false
[2025-11-07 18:10:43.459909] [p-12484] [t-15496] [debug] Peek space-mode eligibility recomputed: false
[2025-11-07 18:10:43.568310] [p-12484] [t-15496] [debug] Peek space-mode eligibility recomputed: false
[2025-11-07 18:10:46.954846] [p-12484] [t-15496] [debug] Peek space-mode eligibility recomputed: false
[2025-11-07 18:10:48.987714] [p-12484] [t-15496] [debug] Peek space-mode eligibility recomputed: false
[2025-11-07 18:10:52.396145] [p-12484] [t-15496] [debug] Peek space-mode eligibility recomputed: false
[2025-11-07 18:10:52.501775] [p-12484] [t-15496] [debug] Peek space-mode eligibility recomputed: false
[2025-11-07 18:10:53.440171] [p-12484] [t-15496] [debug] Peek space-mode eligibility recomputed: false
[2025-11-07 18:10:54.528133] [p-12484] [t-15496] [debug] Peek space-mode eligibility recomputed: false
[2025-11-07 18:11:02.895831] [p-12484] [t-15496] [debug] Peek space-mode eligibility recomputed: false
[2025-11-07 18:11:04.300253] [p-12484] [t-15496] [debug] Peek space-mode eligibility recomputed: false
