[11:27:55.2442120] [Info] SettingsUtils.cs::GetSettingsOrDefault::97
    Settings file settings.json for AlwaysOnTop was not found.
[11:27:55.2817160] [Info] SettingsUtils.cs::GetSettingsOrDefault::97
    Settings file settings.json for CropAndLock was not found.
[11:27:55.2866514] [Info] SettingsUtils.cs::GetSettingsOrDefault::97
    Settings file settings.json for FancyZones was not found.
[11:27:55.2931688] [Info] SettingsUtils.cs::GetSettingsOrDefault::97
    Settings file settings.json for FindMyMouse was not found.
[11:27:55.3021760] [Info] SettingsUtils.cs::GetSettingsOrDefault::97
    Settings file settings.json for LightSwitch was not found.
[11:27:55.3087171] [Info] SettingsUtils.cs::GetSettingsOrDefault::97
    Settings file settings.json for MouseHighlighter was not found.
[11:27:55.3157065] [Info] SettingsUtils.cs::GetSettingsOrDefault::97
    Settings file settings.json for MouseJump was not found.
[11:27:55.3233820] [Info] SettingsUtils.cs::GetSettingsOrDefault::97
    Settings file settings.json for MousePointerCrosshairs was not found.
[11:27:55.3289861] [Info] SettingsUtils.cs::GetSettingsOrDefault::97
    Settings file settings.json for Peek was not found.
[11:27:55.3648054] [Info] SettingsUtils.cs::GetSettingsOrDefault::97
    Settings file settings.json for QuickAccent was not found.
[11:27:55.3719857] [Info] SettingsUtils.cs::GetSettingsOrDefault::97
    Settings file settings.json for Measure Tool was not found.
[11:27:55.3796044] [Info] SettingsUtils.cs::GetSettingsOrDefault::97
    Settings file settings.json for Shortcut Guide was not found.
[11:27:55.3866044] [Info] SettingsUtils.cs::GetSettingsOrDefault::97
    Settings file settings.json for TextExtractor was not found.
[11:27:55.3924173] [Info] SettingsUtils.cs::GetSettingsOrDefault::97
    Settings file settings.json for Workspaces was not found.
[11:28:23.3955578] [Info] KeyboardManagerViewModel.cs::OpenEditor::301
    Starting Keyboard Manager editor from C:\Users\hkaku\AppData\Local\PowerToys\KeyboardManagerEditor\PowerToys.KeyboardManagerEditor.exe
[13:22:08.8134350] [Info] KeyboardManagerViewModel.cs::LoadProfile::394
    Couldn't load Keyboard Manager profile because it doesn't exist
[13:22:13.3248805] [Info] KeyboardManagerViewModel.cs::OpenEditor::301
    Starting Keyboard Manager editor from C:\Users\hkaku\AppData\Local\PowerToys\KeyboardManagerEditor\PowerToys.KeyboardManagerEditor.exe
[13:22:36.1172178] [Info] KeyboardManagerViewModel.cs::OpenEditor::259
    Previous instance of Keyboard Manager editor exited
[13:22:36.1175821] [Info] KeyboardManagerViewModel.cs::OpenEditor::301
    Starting Keyboard Manager editor from C:\Users\hkaku\AppData\Local\PowerToys\KeyboardManagerEditor\PowerToys.KeyboardManagerEditor.exe
[13:24:02.1855245] [Info] KeyboardManagerViewModel.cs::OpenEditor::259
    Previous instance of Keyboard Manager editor exited
[13:24:02.1860161] [Info] KeyboardManagerViewModel.cs::OpenEditor::301
    Starting Keyboard Manager editor from C:\Users\hkaku\AppData\Local\PowerToys\KeyboardManagerEditor\PowerToys.KeyboardManagerEditor.exe
[13:26:08.0371938] [Info] KeyboardManagerViewModel.cs::OpenEditor::259
    Previous instance of Keyboard Manager editor exited
[13:26:08.0377818] [Info] KeyboardManagerViewModel.cs::OpenEditor::301
    Starting Keyboard Manager editor from C:\Users\hkaku\AppData\Local\PowerToys\KeyboardManagerEditor\PowerToys.KeyboardManagerEditor.exe
[13:27:05.1125729] [Info] KeyboardManagerViewModel.cs::OpenEditor::259
    Previous instance of Keyboard Manager editor exited
[13:27:05.1130751] [Info] KeyboardManagerViewModel.cs::OpenEditor::301
    Starting Keyboard Manager editor from C:\Users\hkaku\AppData\Local\PowerToys\KeyboardManagerEditor\PowerToys.KeyboardManagerEditor.exe
[13:27:19.9953787] [Info] KeyboardManagerViewModel.cs::OpenEditor::259
    Previous instance of Keyboard Manager editor exited
[13:27:19.9958762] [Info] KeyboardManagerViewModel.cs::OpenEditor::301
    Starting Keyboard Manager editor from C:\Users\hkaku\AppData\Local\PowerToys\KeyboardManagerEditor\PowerToys.KeyboardManagerEditor.exe
[13:27:22.4694815] [Error] KeyboardManagerViewModel.cs::LoadProfile::355
    Exception encountered when reading Keyboard Manager settings
System.IO.IOException (-2147024864): The process cannot access the file 'C:\Users\hkaku\AppData\Local\Microsoft\PowerToys\Keyboard Manager\default.json' because it is being used by another process.
Stack trace: 
   at Microsoft.Win32.SafeHandles.SafeFileHandle.CreateFile(String fullPath, FileMode mode, FileAccess access, FileShare share, FileOptions options)
   at Microsoft.Win32.SafeHandles.SafeFileHandle.Open(String fullPath, FileMode mode, FileAccess access, FileShare share, FileOptions options, Int64 preallocationSize, Nullable`1 unixCreateMode)
   at System.IO.Strategies.OSFileStreamStrategy..ctor(String path, FileMode mode, FileAccess access, FileShare share, FileOptions options, Int64 preallocationSize, Nullable`1 unixCreateMode)
   at System.IO.Strategies.FileStreamHelpers.ChooseStrategyCore(String path, FileMode mode, FileAccess access, FileShare share, FileOptions options, Int64 preallocationSize, Nullable`1 unixCreateMode)
   at System.IO.StreamReader.ValidateArgsAndOpenPath(String path, Encoding encoding, Int32 bufferSize)
   at System.IO.File.ReadAllText(String path, Encoding encoding)
   at System.IO.Abstractions.FileWrapper.ReadAllText(String path)
   at Microsoft.PowerToys.Settings.UI.Library.SettingsUtils.GetFile[T](String powertoyFolderName, String fileName)
   at Microsoft.PowerToys.Settings.UI.Library.SettingsUtils.GetSettings[T](String powertoy, String fileName)
   at Microsoft.PowerToys.Settings.UI.Library.SettingsUtils.GetSettingsOrDefault[T](String powertoy, String fileName)
   at Microsoft.PowerToys.Settings.UI.ViewModels.KeyboardManagerViewModel.<>c__DisplayClass49_0.<LoadProfile>b__0()
[13:27:46.3100262] [Info] KeyboardManagerViewModel.cs::OpenEditor::259
    Previous instance of Keyboard Manager editor exited
[13:27:46.3104382] [Info] KeyboardManagerViewModel.cs::OpenEditor::301
    Starting Keyboard Manager editor from C:\Users\hkaku\AppData\Local\PowerToys\KeyboardManagerEditor\PowerToys.KeyboardManagerEditor.exe
[13:28:53.1273080] [Info] KeyboardManagerViewModel.cs::OpenEditor::259
    Previous instance of Keyboard Manager editor exited
[13:28:53.1278515] [Info] KeyboardManagerViewModel.cs::OpenEditor::301
    Starting Keyboard Manager editor from C:\Users\hkaku\AppData\Local\PowerToys\KeyboardManagerEditor\PowerToys.KeyboardManagerEditor.exe
[15:52:22.6881874] [Info] KeyboardManagerViewModel.cs::OpenEditor::301
    Starting Keyboard Manager editor from C:\Users\hkaku\AppData\Local\PowerToys\KeyboardManagerEditor\PowerToys.KeyboardManagerEditor.exe
[15:53:32.8230276] [Info] KeyboardManagerViewModel.cs::OpenEditor::259
    Previous instance of Keyboard Manager editor exited
[15:53:32.8232596] [Info] KeyboardManagerViewModel.cs::OpenEditor::301
    Starting Keyboard Manager editor from C:\Users\hkaku\AppData\Local\PowerToys\KeyboardManagerEditor\PowerToys.KeyboardManagerEditor.exe
[17:05:26.9791190] [Info] KeyboardManagerViewModel.cs::OpenEditor::301
    Starting Keyboard Manager editor from C:\Users\hkaku\AppData\Local\PowerToys\KeyboardManagerEditor\PowerToys.KeyboardManagerEditor.exe
[17:05:53.6640961] [Info] KeyboardManagerViewModel.cs::OpenEditor::259
    Previous instance of Keyboard Manager editor exited
[17:05:53.6643579] [Info] KeyboardManagerViewModel.cs::OpenEditor::301
    Starting Keyboard Manager editor from C:\Users\hkaku\AppData\Local\PowerToys\KeyboardManagerEditor\PowerToys.KeyboardManagerEditor.exe
[17:42:01.8351329] [Info] KeyboardManagerViewModel.cs::OpenEditor::301
    Starting Keyboard Manager editor from C:\Users\hkaku\AppData\Local\PowerToys\KeyboardManagerEditor\PowerToys.KeyboardManagerEditor.exe
