[2025-11-11 14:58:12.739426] [p-27532] [t-33988] [info] keyboard-manager logger is initialized
[2025-11-11 14:58:12.779044] [p-27532] [t-33988] [trace] Created/Opened Local\PowerToys_KBMEditor_InstanceMutex mutex
[2025-11-11 14:58:12.779147] [p-27532] [t-33988] [trace] Editor started from the settings with pid 5884
[2025-11-11 14:58:12.779632] [p-27532] [t-33988] [trace] SettingsHelper::LoadSettings()
[2025-11-11 14:58:12.780830] [p-27532] [t-33988] [trace] CreateEditShortcutsWindowImpl()
[2025-11-11 14:58:12.780881] [p-27532] [t-33988] [trace] Signaled PowerToys_KeyboardManager_Event_EditorWindow event to suspend the KBM engine
[2025-11-11 14:58:12.826957] [p-27532] [t-33988] [info] Theme is now Dark
[2025-11-11 14:58:12.829164] [p-27532] [t-33988] [trace] XamlBridge2::InitBridge()
[2025-11-11 14:58:13.165670] [p-27532] [t-33988] [trace] XamlBridge2::MessageLoop()
[2025-11-11 14:58:31.013067] [p-27532] [t-33988] [trace] WM_GETDPISCALEDSIZE: DPI 96 size X 2115 Y 900
[2025-11-11 14:58:31.013156] [p-27532] [t-33988] [trace] WM_GETDPISCALEDSIZE: scaling factor 0.6666667
[2025-11-11 14:58:31.018184] [p-27532] [t-33988] [trace] WM_DPICHANGED: new dpi 96 rect 1410 600 
[2025-11-11 14:58:31.469004] [p-27532] [t-33988] [trace] WM_GETDPISCALEDSIZE: DPI 144 size X 1410 Y 750
[2025-11-11 14:58:31.469078] [p-27532] [t-33988] [trace] WM_GETDPISCALEDSIZE: scaling factor 1.5
[2025-11-11 14:58:31.480271] [p-27532] [t-33988] [trace] WM_DPICHANGED: new dpi 144 rect 2115 1125 
[2025-11-11 14:58:31.606023] [p-27532] [t-33988] [trace] WM_GETDPISCALEDSIZE: DPI 96 size X 2115 Y 1125
[2025-11-11 14:58:31.606112] [p-27532] [t-33988] [trace] WM_GETDPISCALEDSIZE: scaling factor 0.6666667
[2025-11-11 14:58:31.612343] [p-27532] [t-33988] [trace] WM_DPICHANGED: new dpi 96 rect 1410 750 
[2025-11-11 14:58:42.856100] [p-27532] [t-33988] [trace] Signaled PowerToys_KeyboardManager_Event_Settings event
[2025-11-11 14:58:42.910664] [p-27532] [t-33988] [trace] XamlBridge2::MessageLoop() stopped
[2025-11-11 14:58:42.912490] [p-27532] [t-33988] [trace] Terminating process 27532
