[2025-11-12 09:00:49.437446] [p-15740] [t-2400] [info] keyboard-manager logger is initialized
[2025-11-12 09:00:49.468956] [p-15740] [t-2400] [trace] Created/Opened Local\PowerToys_KBMEditor_InstanceMutex mutex
[2025-11-12 09:00:49.469099] [p-15740] [t-2400] [trace] Editor started from the settings with pid 4852
[2025-11-12 09:00:49.469630] [p-15740] [t-2400] [trace] SettingsHelper::LoadSettings()
[2025-11-12 09:00:49.470698] [p-15740] [t-2400] [trace] CreateEditKeyboardWindowImpl()
[2025-11-12 09:00:49.470745] [p-15740] [t-2400] [trace] Signaled PowerToys_KeyboardManager_Event_EditorWindow event to suspend the KBM engine
[2025-11-12 09:00:49.506530] [p-15740] [t-2400] [info] Theme is now Dark
[2025-11-12 09:00:49.508889] [p-15740] [t-2400] [trace] XamlBridge2::InitBridge()
[2025-11-12 09:00:49.711388] [p-15740] [t-2400] [trace] XamlBridge2::MessageLoop()
[2025-11-12 09:01:32.515101] [p-15740] [t-2400] [trace] XamlBridge2::MessageLoop() stopped
[2025-11-12 09:01:32.517299] [p-15740] [t-2400] [trace] Terminating process 15740
[2025-11-12 09:01:46.915147] [p-18784] [t-11852] [info] keyboard-manager logger is initialized
[2025-11-12 09:01:46.947415] [p-18784] [t-11852] [trace] Created/Opened Local\PowerToys_KBMEditor_InstanceMutex mutex
[2025-11-12 09:01:46.947507] [p-18784] [t-11852] [trace] Editor started from the settings with pid 4852
[2025-11-12 09:01:46.947935] [p-18784] [t-11852] [trace] SettingsHelper::LoadSettings()
[2025-11-12 09:01:46.948961] [p-18784] [t-11852] [trace] CreateEditShortcutsWindowImpl()
[2025-11-12 09:01:46.948993] [p-18784] [t-11852] [trace] Signaled PowerToys_KeyboardManager_Event_EditorWindow event to suspend the KBM engine
[2025-11-12 09:01:46.980992] [p-18784] [t-11852] [info] Theme is now Dark
[2025-11-12 09:01:46.983995] [p-18784] [t-11852] [trace] XamlBridge2::InitBridge()
[2025-11-12 09:01:47.158195] [p-18784] [t-11852] [trace] XamlBridge2::MessageLoop()
[2025-11-12 09:02:21.343517] [p-18784] [t-11852] [trace] XamlBridge2::MessageLoop() stopped
[2025-11-12 09:02:21.346328] [p-18784] [t-11852] [trace] Terminating process 18784
[2025-11-12 09:04:32.685298] [p-14808] [t-6392] [info] keyboard-manager logger is initialized
[2025-11-12 09:04:32.770002] [p-14808] [t-6392] [trace] Created/Opened Local\PowerToys_KBMEditor_InstanceMutex mutex
[2025-11-12 09:04:32.770127] [p-14808] [t-6392] [trace] Editor started from the settings with pid 4852
[2025-11-12 09:04:32.770709] [p-14808] [t-6392] [trace] SettingsHelper::LoadSettings()
[2025-11-12 09:04:32.772268] [p-14808] [t-6392] [trace] CreateEditKeyboardWindowImpl()
[2025-11-12 09:04:32.772308] [p-14808] [t-6392] [trace] Signaled PowerToys_KeyboardManager_Event_EditorWindow event to suspend the KBM engine
[2025-11-12 09:04:32.805238] [p-14808] [t-6392] [info] Theme is now Dark
[2025-11-12 09:04:32.807901] [p-14808] [t-6392] [trace] XamlBridge2::InitBridge()
[2025-11-12 09:04:32.986071] [p-14808] [t-6392] [trace] XamlBridge2::MessageLoop()
[2025-11-12 09:04:51.066419] [p-14808] [t-6392] [trace] Signaled PowerToys_KeyboardManager_Event_Settings event
[2025-11-12 09:04:51.116674] [p-14808] [t-6392] [trace] XamlBridge2::MessageLoop() stopped
[2025-11-12 09:04:51.120036] [p-14808] [t-6392] [trace] Terminating process 14808
[2025-11-12 09:05:16.975579] [p-2068] [t-20948] [info] keyboard-manager logger is initialized
[2025-11-12 09:05:17.007818] [p-2068] [t-20948] [trace] Created/Opened Local\PowerToys_KBMEditor_InstanceMutex mutex
[2025-11-12 09:05:17.007911] [p-2068] [t-20948] [trace] Editor started from the settings with pid 4852
[2025-11-12 09:05:17.008391] [p-2068] [t-20948] [trace] SettingsHelper::LoadSettings()
[2025-11-12 09:05:17.009369] [p-2068] [t-20948] [trace] CreateEditShortcutsWindowImpl()
[2025-11-12 09:05:17.009406] [p-2068] [t-20948] [trace] Signaled PowerToys_KeyboardManager_Event_EditorWindow event to suspend the KBM engine
[2025-11-12 09:05:17.048596] [p-2068] [t-20948] [info] Theme is now Dark
[2025-11-12 09:05:17.051063] [p-2068] [t-20948] [trace] XamlBridge2::InitBridge()
[2025-11-12 09:05:17.229081] [p-2068] [t-20948] [trace] XamlBridge2::MessageLoop()
[2025-11-12 09:08:16.930874] [p-2068] [t-20948] [trace] WM_GETDPISCALEDSIZE: DPI 144 size X 1410 Y 750
[2025-11-12 09:08:16.930999] [p-2068] [t-20948] [trace] WM_GETDPISCALEDSIZE: scaling factor 1.5
[2025-11-12 09:08:16.945794] [p-2068] [t-20948] [trace] WM_DPICHANGED: new dpi 144 rect 2115 1125 
[2025-11-12 09:08:34.595060] [p-2068] [t-20948] [trace] WM_GETDPISCALEDSIZE: DPI 96 size X 2115 Y 1125
[2025-11-12 09:08:34.595189] [p-2068] [t-20948] [trace] WM_GETDPISCALEDSIZE: scaling factor 0.6666667
[2025-11-12 09:08:34.599414] [p-2068] [t-20948] [trace] WM_DPICHANGED: new dpi 96 rect 1410 750 
[2025-11-12 09:08:36.836950] [p-2068] [t-20948] [trace] XamlBridge2::MessageLoop() stopped
[2025-11-12 09:08:36.841256] [p-2068] [t-20948] [trace] Terminating process 2068
[2025-11-12 09:09:05.521681] [p-18392] [t-14752] [info] keyboard-manager logger is initialized
[2025-11-12 09:09:05.557924] [p-18392] [t-14752] [trace] Created/Opened Local\PowerToys_KBMEditor_InstanceMutex mutex
[2025-11-12 09:09:05.558029] [p-18392] [t-14752] [trace] Editor started from the settings with pid 4852
[2025-11-12 09:09:05.558490] [p-18392] [t-14752] [trace] SettingsHelper::LoadSettings()
[2025-11-12 09:09:05.559885] [p-18392] [t-14752] [trace] CreateEditShortcutsWindowImpl()
[2025-11-12 09:09:05.559947] [p-18392] [t-14752] [trace] Signaled PowerToys_KeyboardManager_Event_EditorWindow event to suspend the KBM engine
[2025-11-12 09:09:05.589795] [p-18392] [t-14752] [info] Theme is now Dark
[2025-11-12 09:09:05.592469] [p-18392] [t-14752] [trace] XamlBridge2::InitBridge()
[2025-11-12 09:09:05.767123] [p-18392] [t-14752] [trace] XamlBridge2::MessageLoop()
[2025-11-12 09:09:22.526266] [p-18392] [t-14752] [trace] Signaled PowerToys_KeyboardManager_Event_Settings event
[2025-11-12 09:09:22.579515] [p-18392] [t-14752] [trace] XamlBridge2::MessageLoop() stopped
[2025-11-12 09:09:22.586469] [p-18392] [t-14752] [trace] Terminating process 18392
[2025-11-12 09:09:33.479558] [p-13092] [t-16856] [info] keyboard-manager logger is initialized
[2025-11-12 09:09:33.511937] [p-13092] [t-16856] [trace] Created/Opened Local\PowerToys_KBMEditor_InstanceMutex mutex
[2025-11-12 09:09:33.512037] [p-13092] [t-16856] [trace] Editor started from the settings with pid 4852
[2025-11-12 09:09:33.512672] [p-13092] [t-16856] [trace] SettingsHelper::LoadSettings()
[2025-11-12 09:09:33.513778] [p-13092] [t-16856] [trace] CreateEditShortcutsWindowImpl()
[2025-11-12 09:09:33.513814] [p-13092] [t-16856] [trace] Signaled PowerToys_KeyboardManager_Event_EditorWindow event to suspend the KBM engine
[2025-11-12 09:09:33.547784] [p-13092] [t-16856] [info] Theme is now Dark
[2025-11-12 09:09:33.550232] [p-13092] [t-16856] [trace] XamlBridge2::InitBridge()
[2025-11-12 09:09:33.757480] [p-13092] [t-16856] [trace] XamlBridge2::MessageLoop()
[2025-11-12 09:09:48.817333] [p-13092] [t-16856] [trace] XamlBridge2::MessageLoop() stopped
[2025-11-12 09:09:48.822032] [p-13092] [t-16856] [trace] Terminating process 13092
[2025-11-12 09:09:53.175422] [p-20588] [t-21204] [info] keyboard-manager logger is initialized
[2025-11-12 09:09:53.226789] [p-20588] [t-21204] [trace] Created/Opened Local\PowerToys_KBMEditor_InstanceMutex mutex
[2025-11-12 09:09:53.226882] [p-20588] [t-21204] [trace] Editor started from the settings with pid 4852
[2025-11-12 09:09:53.227339] [p-20588] [t-21204] [trace] SettingsHelper::LoadSettings()
[2025-11-12 09:09:53.228414] [p-20588] [t-21204] [trace] CreateEditShortcutsWindowImpl()
[2025-11-12 09:09:53.228458] [p-20588] [t-21204] [trace] Signaled PowerToys_KeyboardManager_Event_EditorWindow event to suspend the KBM engine
[2025-11-12 09:09:53.263223] [p-20588] [t-21204] [info] Theme is now Dark
[2025-11-12 09:09:53.266175] [p-20588] [t-21204] [trace] XamlBridge2::InitBridge()
[2025-11-12 09:09:53.479546] [p-20588] [t-21204] [trace] XamlBridge2::MessageLoop()
[2025-11-12 09:10:03.525466] [p-20588] [t-21204] [trace] Signaled PowerToys_KeyboardManager_Event_Settings event
[2025-11-12 09:10:03.571855] [p-20588] [t-21204] [trace] XamlBridge2::MessageLoop() stopped
[2025-11-12 09:10:03.577675] [p-20588] [t-21204] [trace] Terminating process 20588
[2025-11-12 09:10:07.621339] [p-10752] [t-3896] [info] keyboard-manager logger is initialized
[2025-11-12 09:10:07.665351] [p-10752] [t-3896] [trace] Created/Opened Local\PowerToys_KBMEditor_InstanceMutex mutex
[2025-11-12 09:10:07.665452] [p-10752] [t-3896] [trace] Editor started from the settings with pid 4852
[2025-11-12 09:10:07.665905] [p-10752] [t-3896] [trace] SettingsHelper::LoadSettings()
[2025-11-12 09:10:07.666947] [p-10752] [t-3896] [trace] CreateEditShortcutsWindowImpl()
[2025-11-12 09:10:07.666984] [p-10752] [t-3896] [trace] Signaled PowerToys_KeyboardManager_Event_EditorWindow event to suspend the KBM engine
[2025-11-12 09:10:07.703979] [p-10752] [t-3896] [info] Theme is now Dark
[2025-11-12 09:10:07.706071] [p-10752] [t-3896] [trace] XamlBridge2::InitBridge()
[2025-11-12 09:10:07.929188] [p-10752] [t-3896] [trace] XamlBridge2::MessageLoop()
[2025-11-12 09:10:34.071003] [p-10752] [t-3896] [trace] Signaled PowerToys_KeyboardManager_Event_Settings event
[2025-11-12 09:10:34.131010] [p-10752] [t-3896] [trace] XamlBridge2::MessageLoop() stopped
[2025-11-12 09:10:34.138901] [p-10752] [t-3896] [trace] Terminating process 10752
[2025-11-12 09:10:42.085480] [p-18056] [t-21368] [info] keyboard-manager logger is initialized
[2025-11-12 09:10:42.120520] [p-18056] [t-21368] [trace] Created/Opened Local\PowerToys_KBMEditor_InstanceMutex mutex
[2025-11-12 09:10:42.120678] [p-18056] [t-21368] [trace] Editor started from the settings with pid 4852
[2025-11-12 09:10:42.121553] [p-18056] [t-21368] [trace] SettingsHelper::LoadSettings()
[2025-11-12 09:10:42.122616] [p-18056] [t-21368] [trace] CreateEditShortcutsWindowImpl()
[2025-11-12 09:10:42.122653] [p-18056] [t-21368] [trace] Signaled PowerToys_KeyboardManager_Event_EditorWindow event to suspend the KBM engine
[2025-11-12 09:10:42.156974] [p-18056] [t-21368] [info] Theme is now Dark
[2025-11-12 09:10:42.158964] [p-18056] [t-21368] [trace] XamlBridge2::InitBridge()
[2025-11-12 09:10:42.394122] [p-18056] [t-21368] [trace] XamlBridge2::MessageLoop()
[2025-11-12 09:11:07.805153] [p-18056] [t-21368] [trace] Signaled PowerToys_KeyboardManager_Event_Settings event
[2025-11-12 09:11:07.873633] [p-18056] [t-21368] [trace] XamlBridge2::MessageLoop() stopped
[2025-11-12 09:11:07.888406] [p-18056] [t-21368] [trace] Terminating process 18056
[2025-11-12 09:11:23.308773] [p-20352] [t-20320] [info] keyboard-manager logger is initialized
[2025-11-12 09:11:23.344751] [p-20352] [t-20320] [trace] Created/Opened Local\PowerToys_KBMEditor_InstanceMutex mutex
[2025-11-12 09:11:23.344843] [p-20352] [t-20320] [trace] Editor started from the settings with pid 4852
[2025-11-12 09:11:23.345301] [p-20352] [t-20320] [trace] SettingsHelper::LoadSettings()
[2025-11-12 09:11:23.346415] [p-20352] [t-20320] [trace] CreateEditShortcutsWindowImpl()
[2025-11-12 09:11:23.346457] [p-20352] [t-20320] [trace] Signaled PowerToys_KeyboardManager_Event_EditorWindow event to suspend the KBM engine
[2025-11-12 09:11:23.380079] [p-20352] [t-20320] [info] Theme is now Dark
[2025-11-12 09:11:23.382521] [p-20352] [t-20320] [trace] XamlBridge2::InitBridge()
[2025-11-12 09:11:23.633155] [p-20352] [t-20320] [trace] XamlBridge2::MessageLoop()
[2025-11-12 09:11:34.679500] [p-20352] [t-20320] [trace] Signaled PowerToys_KeyboardManager_Event_Settings event
[2025-11-12 09:11:34.735197] [p-20352] [t-20320] [trace] XamlBridge2::MessageLoop() stopped
[2025-11-12 09:11:34.743639] [p-20352] [t-20320] [trace] Terminating process 20352
[2025-11-12 09:11:47.006057] [p-20460] [t-20908] [info] keyboard-manager logger is initialized
[2025-11-12 09:11:47.039152] [p-20460] [t-20908] [trace] Created/Opened Local\PowerToys_KBMEditor_InstanceMutex mutex
[2025-11-12 09:11:47.039245] [p-20460] [t-20908] [trace] Editor started from the settings with pid 4852
[2025-11-12 09:11:47.039695] [p-20460] [t-20908] [trace] SettingsHelper::LoadSettings()
[2025-11-12 09:11:47.040880] [p-20460] [t-20908] [trace] CreateEditShortcutsWindowImpl()
[2025-11-12 09:11:47.040919] [p-20460] [t-20908] [trace] Signaled PowerToys_KeyboardManager_Event_EditorWindow event to suspend the KBM engine
[2025-11-12 09:11:47.076463] [p-20460] [t-20908] [info] Theme is now Dark
[2025-11-12 09:11:47.079416] [p-20460] [t-20908] [trace] XamlBridge2::InitBridge()
[2025-11-12 09:11:47.317452] [p-20460] [t-20908] [trace] XamlBridge2::MessageLoop()
[2025-11-12 09:12:19.975965] [p-20460] [t-20908] [trace] Signaled PowerToys_KeyboardManager_Event_Settings event
[2025-11-12 09:12:20.038280] [p-20460] [t-20908] [trace] XamlBridge2::MessageLoop() stopped
[2025-11-12 09:12:20.053022] [p-20460] [t-20908] [trace] Terminating process 20460
[2025-11-12 09:12:38.323609] [p-3896] [t-216] [info] keyboard-manager logger is initialized
[2025-11-12 09:12:38.354861] [p-3896] [t-216] [trace] Created/Opened Local\PowerToys_KBMEditor_InstanceMutex mutex
[2025-11-12 09:12:38.354958] [p-3896] [t-216] [trace] Editor started from the settings with pid 4852
[2025-11-12 09:12:38.355418] [p-3896] [t-216] [trace] SettingsHelper::LoadSettings()
[2025-11-12 09:12:38.356617] [p-3896] [t-216] [trace] CreateEditShortcutsWindowImpl()
[2025-11-12 09:12:38.356659] [p-3896] [t-216] [trace] Signaled PowerToys_KeyboardManager_Event_EditorWindow event to suspend the KBM engine
[2025-11-12 09:12:38.393034] [p-3896] [t-216] [info] Theme is now Dark
[2025-11-12 09:12:38.395249] [p-3896] [t-216] [trace] XamlBridge2::InitBridge()
[2025-11-12 09:12:38.665126] [p-3896] [t-216] [trace] XamlBridge2::MessageLoop()
[2025-11-12 09:13:01.317310] [p-3896] [t-216] [trace] Signaled PowerToys_KeyboardManager_Event_Settings event
[2025-11-12 09:13:01.386069] [p-3896] [t-216] [trace] XamlBridge2::MessageLoop() stopped
[2025-11-12 09:13:01.403566] [p-3896] [t-216] [trace] Terminating process 3896
[2025-11-12 09:14:20.537940] [p-8092] [t-16944] [info] keyboard-manager logger is initialized
[2025-11-12 09:14:20.575435] [p-8092] [t-16944] [trace] Created/Opened Local\PowerToys_KBMEditor_InstanceMutex mutex
[2025-11-12 09:14:20.575537] [p-8092] [t-16944] [trace] Editor started from the settings with pid 4852
[2025-11-12 09:14:20.575993] [p-8092] [t-16944] [trace] SettingsHelper::LoadSettings()
[2025-11-12 09:14:20.577124] [p-8092] [t-16944] [trace] CreateEditShortcutsWindowImpl()
[2025-11-12 09:14:20.577162] [p-8092] [t-16944] [trace] Signaled PowerToys_KeyboardManager_Event_EditorWindow event to suspend the KBM engine
[2025-11-12 09:14:20.609590] [p-8092] [t-16944] [info] Theme is now Dark
[2025-11-12 09:14:20.611749] [p-8092] [t-16944] [trace] XamlBridge2::InitBridge()
[2025-11-12 09:14:20.912368] [p-8092] [t-16944] [trace] XamlBridge2::MessageLoop()
[2025-11-12 09:14:38.815921] [p-8092] [t-16944] [trace] Signaled PowerToys_KeyboardManager_Event_Settings event
[2025-11-12 09:14:38.887629] [p-8092] [t-16944] [trace] XamlBridge2::MessageLoop() stopped
[2025-11-12 09:14:38.909930] [p-8092] [t-16944] [trace] Terminating process 8092
[2025-11-12 09:30:26.673390] [p-23288] [t-21596] [info] keyboard-manager logger is initialized
[2025-11-12 09:30:26.738520] [p-23288] [t-21596] [trace] Created/Opened Local\PowerToys_KBMEditor_InstanceMutex mutex
[2025-11-12 09:30:26.738600] [p-23288] [t-21596] [trace] Editor started from the settings with pid 4852
[2025-11-12 09:30:26.739073] [p-23288] [t-21596] [trace] SettingsHelper::LoadSettings()
[2025-11-12 09:30:26.740224] [p-23288] [t-21596] [trace] CreateEditShortcutsWindowImpl()
[2025-11-12 09:30:26.740272] [p-23288] [t-21596] [trace] Signaled PowerToys_KeyboardManager_Event_EditorWindow event to suspend the KBM engine
[2025-11-12 09:30:26.777289] [p-23288] [t-21596] [info] Theme is now Dark
[2025-11-12 09:30:26.779359] [p-23288] [t-21596] [trace] XamlBridge2::InitBridge()
[2025-11-12 09:30:27.113249] [p-23288] [t-21596] [trace] XamlBridge2::MessageLoop()
[2025-11-12 09:30:39.339852] [p-23288] [t-21596] [trace] Signaled PowerToys_KeyboardManager_Event_Settings event
[2025-11-12 09:30:39.416002] [p-23288] [t-21596] [trace] XamlBridge2::MessageLoop() stopped
[2025-11-12 09:30:39.439541] [p-23288] [t-21596] [trace] Terminating process 23288
