[11:45:02.9177471] [Trace] FancyZonesEditorIO.cs::ParseParams::37
[11:45:02.9713876] [Trace] Overlay.cs::ShowLayout::162
[11:45:03.4942816] [Trace] FancyZonesEditorIO.cs::ParseLayoutTemplates::181
[11:45:03.4948936] [Trace] FancyZonesEditorIO.cs::ParseCustomLayouts::209
[11:45:03.4952830] [Trace] FancyZonesEditorIO.cs::ParseDefaultLayouts::237
[11:45:03.4956136] [Trace] FancyZonesEditorIO.cs::ParseLayoutHotkeys::153
[11:45:03.4958736] [Trace] FancyZonesEditorIO.cs::ParseAppliedLayouts::127
[11:45:03.5203136] [Trace] FancyZonesEditorIO.cs::SetAppliedLayouts::601
[11:45:03.5223864] [Trace] Overlay.cs::Show::140
[11:45:03.5270004] [Trace] Overlay.cs::ShowLayout::162
[11:45:03.7844300] [Info] LayoutPreview.xaml.cs::OnLoaded::88
    Loaded 優先順位グリッド
[11:45:03.8238264] [Info] LayoutPreview.xaml.cs::OnLoaded::88
    Loaded レイアウトなし
[11:45:03.8241179] [Info] LayoutPreview.xaml.cs::OnLoaded::88
    Loaded フォーカス
[11:45:03.8244000] [Info] LayoutPreview.xaml.cs::OnLoaded::88
    Loaded 列
[11:45:03.8247736] [Info] LayoutPreview.xaml.cs::OnLoaded::88
    Loaded 行
[11:45:03.8250687] [Info] LayoutPreview.xaml.cs::OnLoaded::88
    Loaded グリッド
[11:45:03.8253882] [Info] LayoutPreview.xaml.cs::OnLoaded::88
    Loaded 優先順位グリッド
[11:45:05.3807704] [Trace] MainWindow.xaml.cs::OnClosing::315
[11:45:05.3813661] [Trace] FancyZonesEditorIO.cs::SerializeAppliedLayouts::265
[11:45:05.6177315] [Info] App.xaml.cs::Dispose::234
    FancyZones Editor disposed
[11:45:05.6179219] [Info] App.xaml.cs::OnExit::162
    FancyZones Editor exited
[11:45:08.9695424] [Trace] FancyZonesEditorIO.cs::ParseParams::37
[11:45:09.0197419] [Trace] FancyZonesEditorIO.cs::ParseLayoutTemplates::181
[11:45:09.0274721] [Trace] FancyZonesEditorIO.cs::SetTemplateLayouts::741
[11:45:09.0301302] [Trace] FancyZonesEditorIO.cs::ParseCustomLayouts::209
[11:45:09.0360019] [Trace] FancyZonesEditorIO.cs::SetCustomLayouts::688
[11:45:09.0366784] [Trace] FancyZonesEditorIO.cs::ParseDefaultLayouts::237
[11:45:09.0462620] [Trace] FancyZonesEditorIO.cs::SetDefaultLayouts::783
[11:45:09.0472093] [Trace] FancyZonesEditorIO.cs::ParseLayoutHotkeys::153
[11:45:09.0521578] [Trace] FancyZonesEditorIO.cs::SetLayoutHotkeys::770
[11:45:09.0538082] [Trace] FancyZonesEditorIO.cs::ParseAppliedLayouts::127
[11:45:09.0662003] [Trace] FancyZonesEditorIO.cs::SetAppliedLayouts::601
[11:45:09.0672086] [Trace] Overlay.cs::Show::140
[11:45:09.1565847] [Trace] Overlay.cs::ShowLayout::162
[11:45:09.4569109] [Info] LayoutPreview.xaml.cs::OnLoaded::88
    Loaded 行
[11:45:09.7630972] [Info] LayoutPreview.xaml.cs::OnLoaded::88
    Loaded レイアウトなし
[11:45:09.7633778] [Info] LayoutPreview.xaml.cs::OnLoaded::88
    Loaded フォーカス
[11:45:09.7636005] [Info] LayoutPreview.xaml.cs::OnLoaded::88
    Loaded 列
[11:45:09.7639238] [Info] LayoutPreview.xaml.cs::OnLoaded::88
    Loaded 行
[11:45:09.7642365] [Info] LayoutPreview.xaml.cs::OnLoaded::88
    Loaded グリッド
[11:45:09.7645629] [Info] LayoutPreview.xaml.cs::OnLoaded::88
    Loaded 優先順位グリッド
[11:45:14.1133671] [Trace] MainWindow.xaml.cs::Apply::304
[11:45:14.1153078] [Trace] FancyZonesEditorIO.cs::SerializeAppliedLayouts::265
[11:45:14.1552160] [Trace] MainWindow.xaml.cs::OnClosing::315
[11:45:14.1553890] [Trace] FancyZonesEditorIO.cs::SerializeAppliedLayouts::265
[11:45:14.3885834] [Info] App.xaml.cs::Dispose::234
    FancyZones Editor disposed
[11:45:14.3888730] [Info] App.xaml.cs::OnExit::162
    FancyZones Editor exited
[11:45:40.8903864] [Trace] FancyZonesEditorIO.cs::ParseParams::37
[11:45:40.9498703] [Trace] FancyZonesEditorIO.cs::ParseLayoutTemplates::181
[11:45:40.9566149] [Trace] FancyZonesEditorIO.cs::SetTemplateLayouts::741
[11:45:40.9588550] [Trace] FancyZonesEditorIO.cs::ParseCustomLayouts::209
[11:45:40.9651833] [Trace] FancyZonesEditorIO.cs::SetCustomLayouts::688
[11:45:40.9658449] [Trace] FancyZonesEditorIO.cs::ParseDefaultLayouts::237
[11:45:40.9753812] [Trace] FancyZonesEditorIO.cs::SetDefaultLayouts::783
[11:45:40.9762977] [Trace] FancyZonesEditorIO.cs::ParseLayoutHotkeys::153
[11:45:40.9814310] [Trace] FancyZonesEditorIO.cs::SetLayoutHotkeys::770
[11:45:40.9824811] [Trace] FancyZonesEditorIO.cs::ParseAppliedLayouts::127
[11:45:40.9951793] [Trace] FancyZonesEditorIO.cs::SetAppliedLayouts::601
[11:45:40.9961825] [Trace] Overlay.cs::Show::140
[11:45:41.0993470] [Trace] Overlay.cs::ShowLayout::162
[11:45:41.4285510] [Info] LayoutPreview.xaml.cs::OnLoaded::88
    Loaded 行
[11:45:41.7512599] [Info] LayoutPreview.xaml.cs::OnLoaded::88
    Loaded レイアウトなし
[11:45:41.7516030] [Info] LayoutPreview.xaml.cs::OnLoaded::88
    Loaded フォーカス
[11:45:41.7518941] [Info] LayoutPreview.xaml.cs::OnLoaded::88
    Loaded 列
[11:45:41.7522778] [Info] LayoutPreview.xaml.cs::OnLoaded::88
    Loaded 行
[11:45:41.7526062] [Info] LayoutPreview.xaml.cs::OnLoaded::88
    Loaded グリッド
[11:45:41.7528952] [Info] LayoutPreview.xaml.cs::OnLoaded::88
    Loaded 優先順位グリッド
[11:45:42.8866527] [Trace] MainWindow.xaml.cs::OnClosing::315
[11:45:42.8873236] [Trace] FancyZonesEditorIO.cs::SerializeAppliedLayouts::265
[11:45:43.1395361] [Info] App.xaml.cs::Dispose::234
    FancyZones Editor disposed
[11:45:43.1397064] [Info] App.xaml.cs::OnExit::162
    FancyZones Editor exited
[11:45:48.0357680] [Trace] FancyZonesEditorIO.cs::ParseParams::37
[11:45:48.0859973] [Trace] FancyZonesEditorIO.cs::ParseLayoutTemplates::181
[11:45:48.0929428] [Trace] FancyZonesEditorIO.cs::SetTemplateLayouts::741
[11:45:48.0950152] [Trace] FancyZonesEditorIO.cs::ParseCustomLayouts::209
[11:45:48.1005717] [Trace] FancyZonesEditorIO.cs::SetCustomLayouts::688
[11:45:48.1018319] [Trace] FancyZonesEditorIO.cs::ParseDefaultLayouts::237
[11:45:48.1118791] [Trace] FancyZonesEditorIO.cs::SetDefaultLayouts::783
[11:45:48.1127070] [Trace] FancyZonesEditorIO.cs::ParseLayoutHotkeys::153
[11:45:48.1191152] [Trace] FancyZonesEditorIO.cs::SetLayoutHotkeys::770
[11:45:48.1201307] [Trace] FancyZonesEditorIO.cs::ParseAppliedLayouts::127
[11:45:48.1323505] [Trace] FancyZonesEditorIO.cs::SetAppliedLayouts::601
[11:45:48.1333612] [Trace] Overlay.cs::Show::140
[11:45:48.2307507] [Trace] Overlay.cs::ShowLayout::162
[11:45:48.5368130] [Info] LayoutPreview.xaml.cs::OnLoaded::88
    Loaded 行
[11:45:48.8496261] [Info] LayoutPreview.xaml.cs::OnLoaded::88
    Loaded レイアウトなし
[11:45:48.8499529] [Info] LayoutPreview.xaml.cs::OnLoaded::88
    Loaded フォーカス
[11:45:48.8501965] [Info] LayoutPreview.xaml.cs::OnLoaded::88
    Loaded 列
[11:45:48.8505502] [Info] LayoutPreview.xaml.cs::OnLoaded::88
    Loaded 行
[11:45:48.8507925] [Info] LayoutPreview.xaml.cs::OnLoaded::88
    Loaded グリッド
[11:45:48.8510208] [Info] LayoutPreview.xaml.cs::OnLoaded::88
    Loaded 優先順位グリッド
[11:45:51.8923713] [Trace] MainWindow.xaml.cs::Apply::304
[11:45:51.8943551] [Trace] FancyZonesEditorIO.cs::SerializeAppliedLayouts::265
[11:45:54.5310519] [Trace] MainWindow.xaml.cs::Apply::304
[11:45:54.5324437] [Trace] FancyZonesEditorIO.cs::SerializeAppliedLayouts::265
[11:45:54.5942691] [Trace] MainWindow.xaml.cs::OnClosing::315
[11:45:54.5944544] [Trace] FancyZonesEditorIO.cs::SerializeAppliedLayouts::265
[11:45:54.8263152] [Info] App.xaml.cs::Dispose::234
    FancyZones Editor disposed
[11:45:54.8265802] [Info] App.xaml.cs::OnExit::162
    FancyZones Editor exited
[11:46:42.6012378] [Trace] FancyZonesEditorIO.cs::ParseParams::37
[11:46:42.6536892] [Trace] FancyZonesEditorIO.cs::ParseLayoutTemplates::181
[11:46:42.6612999] [Trace] FancyZonesEditorIO.cs::SetTemplateLayouts::741
[11:46:42.6634529] [Trace] FancyZonesEditorIO.cs::ParseCustomLayouts::209
[11:46:42.6687141] [Trace] FancyZonesEditorIO.cs::SetCustomLayouts::688
[11:46:42.6694486] [Trace] FancyZonesEditorIO.cs::ParseDefaultLayouts::237
[11:46:42.6784696] [Trace] FancyZonesEditorIO.cs::SetDefaultLayouts::783
[11:46:42.6793367] [Trace] FancyZonesEditorIO.cs::ParseLayoutHotkeys::153
[11:46:42.6841692] [Trace] FancyZonesEditorIO.cs::SetLayoutHotkeys::770
[11:46:42.6852561] [Trace] FancyZonesEditorIO.cs::ParseAppliedLayouts::127
[11:46:42.6986369] [Trace] FancyZonesEditorIO.cs::SetAppliedLayouts::601
[11:46:42.6997787] [Trace] Overlay.cs::Show::140
[11:46:42.7921351] [Trace] Overlay.cs::ShowLayout::162
[11:46:43.1054997] [Info] LayoutPreview.xaml.cs::OnLoaded::88
    Loaded 行
[11:46:43.4082353] [Info] LayoutPreview.xaml.cs::OnLoaded::88
    Loaded レイアウトなし
[11:46:43.4085331] [Info] LayoutPreview.xaml.cs::OnLoaded::88
    Loaded フォーカス
[11:46:43.4087732] [Info] LayoutPreview.xaml.cs::OnLoaded::88
    Loaded 列
[11:46:43.4091205] [Info] LayoutPreview.xaml.cs::OnLoaded::88
    Loaded 行
[11:46:43.4094230] [Info] LayoutPreview.xaml.cs::OnLoaded::88
    Loaded グリッド
[11:46:43.4096762] [Info] LayoutPreview.xaml.cs::OnLoaded::88
    Loaded 優先順位グリッド
[11:46:46.2204944] [Trace] MainWindow.xaml.cs::NewLayoutButton_Click::206
[11:46:49.8199266] [Trace] MainWindow.xaml.cs::NewLayoutDialog_PrimaryButtonClick::380
[11:46:49.8373218] [Trace] Overlay.cs::OpenEditor::187
[11:46:51.7492126] [Trace] EditorWindow.cs::OnSave::24
[11:46:51.7898637] [Trace] Overlay.cs::CloseEditor::210
[11:46:51.8281277] [Info] LayoutPreview.xaml.cs::OnLoaded::88
    Loaded カスタム レイアウト 1
[11:46:51.8287881] [Info] LayoutPreview.xaml.cs::OnLoaded::88
    Loaded カスタム レイアウト 1
[11:46:54.0370325] [Trace] MainWindow.xaml.cs::EditLayout_Click::335
[11:46:54.0693624] [Info] LayoutPreview.xaml.cs::OnLoaded::88
    Loaded カスタム レイアウト 1
[11:46:54.0697394] [Info] LayoutPreview.xaml.cs::OnLoaded::88
    Loaded カスタム レイアウト 1
[11:46:56.0431140] [Trace] MainWindow.xaml.cs::DeleteLayout_Click::328
[11:46:56.0440882] [Trace] MainWindow.xaml.cs::DeleteLayout::461
[11:46:57.0222768] [Trace] FancyZonesEditorIO.cs::SerializeAppliedLayouts::265
[11:46:57.7646082] [Trace] MainWindow.xaml.cs::EditLayout_Click::335
[11:46:57.7813872] [Info] LayoutPreview.xaml.cs::OnLoaded::88
    Loaded 行
[11:47:11.8264309] [Trace] MainWindow.xaml.cs::EditLayoutDialog_PrimaryButtonClick::438
[11:47:11.8266584] [Trace] FancyZonesEditorIO.cs::SerializeAppliedLayouts::265
[11:47:13.9091744] [Trace] MainWindow.xaml.cs::OnClosing::315
[11:47:13.9093777] [Trace] FancyZonesEditorIO.cs::SerializeAppliedLayouts::265
[11:47:14.1386119] [Info] App.xaml.cs::Dispose::234
    FancyZones Editor disposed
[11:47:14.1387782] [Info] App.xaml.cs::OnExit::162
    FancyZones Editor exited
[11:47:34.7152130] [Trace] FancyZonesEditorIO.cs::ParseParams::37
[11:47:34.7673578] [Trace] FancyZonesEditorIO.cs::ParseLayoutTemplates::181
[11:47:34.7746101] [Trace] FancyZonesEditorIO.cs::SetTemplateLayouts::741
[11:47:34.7768008] [Trace] FancyZonesEditorIO.cs::ParseCustomLayouts::209
[11:47:34.7825080] [Trace] FancyZonesEditorIO.cs::SetCustomLayouts::688
[11:47:34.7831655] [Trace] FancyZonesEditorIO.cs::ParseDefaultLayouts::237
[11:47:34.7926492] [Trace] FancyZonesEditorIO.cs::SetDefaultLayouts::783
[11:47:34.7935114] [Trace] FancyZonesEditorIO.cs::ParseLayoutHotkeys::153
[11:47:34.7984346] [Trace] FancyZonesEditorIO.cs::SetLayoutHotkeys::770
[11:47:34.7995638] [Trace] FancyZonesEditorIO.cs::ParseAppliedLayouts::127
[11:47:34.8134875] [Trace] FancyZonesEditorIO.cs::SetAppliedLayouts::601
[11:47:34.8143866] [Trace] Overlay.cs::Show::140
[11:47:34.9142373] [Trace] Overlay.cs::ShowLayout::162
[11:47:35.2436951] [Info] LayoutPreview.xaml.cs::OnLoaded::88
    Loaded 行
[11:47:35.6241511] [Info] LayoutPreview.xaml.cs::OnLoaded::88
    Loaded レイアウトなし
[11:47:35.6246330] [Info] LayoutPreview.xaml.cs::OnLoaded::88
    Loaded フォーカス
[11:47:35.6249721] [Info] LayoutPreview.xaml.cs::OnLoaded::88
    Loaded 列
[11:47:35.6254107] [Info] LayoutPreview.xaml.cs::OnLoaded::88
    Loaded 行
[11:47:35.6256659] [Info] LayoutPreview.xaml.cs::OnLoaded::88
    Loaded グリッド
[11:47:35.6260343] [Info] LayoutPreview.xaml.cs::OnLoaded::88
    Loaded 優先順位グリッド
[11:47:37.6128426] [Trace] MainWindow.xaml.cs::EditLayout_Click::335
[11:47:37.6571527] [Info] LayoutPreview.xaml.cs::OnLoaded::88
    Loaded 行
[11:47:37.6575724] [Info] LayoutPreview.xaml.cs::OnLoaded::88
    Loaded 行
[11:47:46.8508666] [Trace] MainWindow.xaml.cs::EditLayoutDialog_PrimaryButtonClick::438
[11:47:46.8514115] [Trace] FancyZonesEditorIO.cs::SerializeAppliedLayouts::265
[11:47:49.9486042] [Trace] MainWindow.xaml.cs::OnClosing::315
[11:47:49.9487444] [Trace] FancyZonesEditorIO.cs::SerializeAppliedLayouts::265
[11:47:50.2507129] [Info] App.xaml.cs::Dispose::234
    FancyZones Editor disposed
[11:47:50.2510626] [Info] App.xaml.cs::OnExit::162
    FancyZones Editor exited
[13:01:57.0759257] [Trace] FancyZonesEditorIO.cs::ParseParams::37
[13:01:57.1343618] [Trace] FancyZonesEditorIO.cs::ParseLayoutTemplates::181
[13:01:57.1503310] [Trace] FancyZonesEditorIO.cs::SetTemplateLayouts::741
[13:01:57.1523732] [Trace] FancyZonesEditorIO.cs::ParseCustomLayouts::209
[13:01:57.1685207] [Trace] FancyZonesEditorIO.cs::SetCustomLayouts::688
[13:01:57.1691768] [Trace] FancyZonesEditorIO.cs::ParseDefaultLayouts::237
[13:01:57.1927384] [Trace] FancyZonesEditorIO.cs::SetDefaultLayouts::783
[13:01:57.1935540] [Trace] FancyZonesEditorIO.cs::ParseLayoutHotkeys::153
[13:01:57.2086580] [Trace] FancyZonesEditorIO.cs::SetLayoutHotkeys::770
[13:01:57.2097128] [Trace] FancyZonesEditorIO.cs::ParseAppliedLayouts::127
[13:01:57.2335905] [Trace] FancyZonesEditorIO.cs::SetAppliedLayouts::601
[13:01:57.2345921] [Trace] Overlay.cs::Show::140
[13:01:57.3676810] [Trace] Overlay.cs::ShowLayout::162
[13:01:57.6853926] [Info] LayoutPreview.xaml.cs::OnLoaded::88
    Loaded 行
[13:01:58.0203247] [Info] LayoutPreview.xaml.cs::OnLoaded::88
    Loaded レイアウトなし
[13:01:58.0206263] [Info] LayoutPreview.xaml.cs::OnLoaded::88
    Loaded フォーカス
[13:01:58.0209081] [Info] LayoutPreview.xaml.cs::OnLoaded::88
    Loaded 列
[13:01:58.0213004] [Info] LayoutPreview.xaml.cs::OnLoaded::88
    Loaded 行
[13:01:58.0215781] [Info] LayoutPreview.xaml.cs::OnLoaded::88
    Loaded グリッド
[13:01:58.0218694] [Info] LayoutPreview.xaml.cs::OnLoaded::88
    Loaded 優先順位グリッド
[13:02:00.0074390] [Trace] MainWindow.xaml.cs::EditLayout_Click::335
[13:02:00.0531624] [Info] LayoutPreview.xaml.cs::OnLoaded::88
    Loaded 行
[13:02:00.0535706] [Info] LayoutPreview.xaml.cs::OnLoaded::88
    Loaded 行
[13:02:05.7776747] [Trace] MainWindow.xaml.cs::OnClosing::315
[13:02:05.7781400] [Trace] FancyZonesEditorIO.cs::SerializeAppliedLayouts::265
[13:02:06.0356785] [Info] App.xaml.cs::Dispose::234
    FancyZones Editor disposed
[13:02:06.0358924] [Info] App.xaml.cs::OnExit::162
    FancyZones Editor exited
