[11:07:12.8104828] [Error] UWPApplication.cs::TryLoadIndirectString::214
    Unable to load resource @{MicrosoftWindows.Client.CoreAI_1000.26100.4061.0_x64__cw5n1h2txyewy? ms-resource:///resources/AIXHost/ClickToDo/AppDisplayName} : ms-resource:AIXHost/ClickToDo/AppDisplayName : Unexpected HRESULT has been returned from a call to a COM component.
[11:07:12.8955846] [Error] UWPApplication.cs::TryLoadIndirectString::214
    Unable to load resource @{MicrosoftWindows.Client.CoreAI_1000.26100.4061.0_x64__cw5n1h2txyewy? ms-resource:///resources/AIXHost/ClickToDo/AppDescription} : ms-resource:AIXHost/ClickToDo/AppDescription : Unexpected HRESULT has been returned from a call to a COM component.
[11:07:13.6182177] [Trace] AllAppsPage.cs::AllAppsPage.BuildListItems took: 2 ms::90
[11:18:42.7651677] [Error] UWPApplication.cs::TryLoadIndirectString::214
    Unable to load resource @{MicrosoftWindows.Client.CoreAI_1000.26100.4061.0_x64__cw5n1h2txyewy? ms-resource:///resources/AIXHost/ClickToDo/AppDisplayName} : ms-resource:AIXHost/ClickToDo/AppDisplayName : Unexpected HRESULT has been returned from a call to a COM component.
[11:18:42.8347852] [Error] UWPApplication.cs::TryLoadIndirectString::214
    Unable to load resource @{MicrosoftWindows.Client.CoreAI_1000.26100.4061.0_x64__cw5n1h2txyewy? ms-resource:///resources/AIXHost/ClickToDo/AppDescription} : ms-resource:AIXHost/ClickToDo/AppDescription : Unexpected HRESULT has been returned from a call to a COM component.
[11:18:43.4475656] [Trace] AllAppsPage.cs::AllAppsPage.BuildListItems took: 5 ms::90
[11:35:08.1543931] [Error] PackageRepository.cs::AddPackage::97
    Could not find file 'C:\Program Files\WindowsApps\Microsoft.Windows.DevHome_0.2101.858.0_neutral_~_8wekyb3d8bbwe\AppxManifest.xml'.
[11:35:23.3126730] [Error] PackageRepository.cs::AddPackage::97
    Could not find file 'C:\Program Files\WindowsApps\Microsoft.WindowsSoundRecorder_2021.2504.0.0_neutral_~_8wekyb3d8bbwe\AppxManifest.xml'.
[11:36:12.1417762] [Error] PackageRepository.cs::AddPackage::97
    Could not find file 'C:\Program Files\WindowsApps\Microsoft.MicrosoftStickyNotes_6.1.4.0_neutral_~_8wekyb3d8bbwe\AppxManifest.xml'.
[11:37:17.4096847] [Error] PackageRepository.cs::AddPackage::97
    Could not find file 'C:\Program Files\WindowsApps\Microsoft.DesktopAppInstaller_2025.617.2222.0_neutral_~_8wekyb3d8bbwe\AppxManifest.xml'.
[11:44:52.7307952] [Error] PackageRepository.cs::AddPackage::97
    Could not find file 'C:\Program Files\WindowsApps\Microsoft.AV1VideoExtension_2.0.4.0_neutral_~_8wekyb3d8bbwe\AppxManifest.xml'.
[11:45:05.5549901] [Error] PackageRepository.cs::AddPackage::97
    Could not find file 'C:\Program Files\WindowsApps\Microsoft.WindowsAlarms_2021.2507.1.0_neutral_~_8wekyb3d8bbwe\AppxManifest.xml'.
[11:45:06.7822455] [Error] PackageRepository.cs::AddPackage::97
    Could not find file 'C:\Program Files\WindowsApps\Microsoft.AVCEncoderVideoExtension_1.1.19.0_neutral_~_8wekyb3d8bbwe\AppxManifest.xml'.
[11:46:00.7886693] [Error] PackageRepository.cs::AddPackage::97
    Could not find file 'C:\Program Files\WindowsApps\Microsoft.WindowsCalculator_2021.2508.1.0_neutral_~_8wekyb3d8bbwe\AppxManifest.xml'.
[11:46:17.4038487] [Error] PackageRepository.cs::AddPackage::97
    Could not find file 'C:\Program Files\WindowsApps\Microsoft.BingWeather_4.54.63029.0_neutral_~_8wekyb3d8bbwe\AppxManifest.xml'.
[11:46:20.7375884] [Error] PackageRepository.cs::AddPackage::97
    Could not find file 'C:\Program Files\WindowsApps\Microsoft.HEVCVideoExtension_2.4.25.0_neutral_~_8wekyb3d8bbwe\AppxManifest.xml'.
[11:46:38.7477543] [Error] PackageRepository.cs::AddPackage::97
    Could not find file 'C:\Program Files\WindowsApps\Microsoft.WindowsCamera_2022.2505.2.0_neutral_~_8wekyb3d8bbwe\AppxManifest.xml'.
[11:54:48.6779936] [Error] PackageRepository.cs::AddPackage::97
    Could not find file 'C:\Program Files\WindowsApps\AppUp.IntelManagementandSecurityStatus_2521.8.2.0_neutral_~_8j3eq9eme6ctt\AppxManifest.xml'.
[12:01:25.9787380] [Error] UWPApplication.cs::TryLoadIndirectString::214
    Unable to load resource @{MicrosoftWindows.Client.CoreAI_1000.26100.4061.0_x64__cw5n1h2txyewy? ms-resource:///resources/AIXHost/ClickToDo/AppDisplayName} : ms-resource:AIXHost/ClickToDo/AppDisplayName : Unexpected HRESULT has been returned from a call to a COM component.
[12:01:26.0417859] [Error] UWPApplication.cs::TryLoadIndirectString::214
    Unable to load resource @{MicrosoftWindows.Client.CoreAI_1000.26100.4061.0_x64__cw5n1h2txyewy? ms-resource:///resources/AIXHost/ClickToDo/AppDescription} : ms-resource:AIXHost/ClickToDo/AppDescription : Unexpected HRESULT has been returned from a call to a COM component.
[12:01:28.6786989] [Trace] AllAppsPage.cs::AllAppsPage.BuildListItems took: 4 ms::90
[12:12:48.2491166] [Error] PackageRepository.cs::AddPackage::97
    Could not find file 'C:\Program Files\WindowsApps\Microsoft.Windows.DevHome_0.2101.858.0_neutral_~_8wekyb3d8bbwe\AppxManifest.xml'.
[12:12:55.7625152] [Error] PackageRepository.cs::AddPackage::97
    Could not find file 'C:\Program Files\WindowsApps\Microsoft.Todos_2.148.3611.0_neutral_~_8wekyb3d8bbwe\AppxManifest.xml'.
[12:13:01.0669675] [Error] PackageRepository.cs::AddPackage::97
    Could not find file 'C:\Program Files\WindowsApps\Microsoft.MicrosoftStickyNotes_6.1.4.0_neutral_~_8wekyb3d8bbwe\AppxManifest.xml'.
[12:13:18.0187550] [Error] PackageRepository.cs::AddPackage::97
    Could not find file 'C:\Program Files\WindowsApps\Microsoft.WindowsSoundRecorder_2021.2504.0.0_neutral_~_8wekyb3d8bbwe\AppxManifest.xml'.
[12:13:18.8853530] [Error] PackageRepository.cs::AddPackage::97
    Could not find file 'C:\Program Files\WindowsApps\AppUp.IntelOptaneMemoryandStorageManagement_20.0.1021.0_neutral_~_8j3eq9eme6ctt\AppxManifest.xml'.
[12:13:38.8423401] [Error] PackageRepository.cs::AddPackage::97
    Could not find file 'C:\Program Files\WindowsApps\AppUp.IntelManagementandSecurityStatus_2521.8.2.0_neutral_~_8j3eq9eme6ctt\AppxManifest.xml'.
[12:14:20.7163127] [Error] PackageRepository.cs::AddPackage::97
    Could not find file 'C:\Program Files\WindowsApps\Microsoft.WindowsTerminal_3001.23.12811.0_neutral_~_8wekyb3d8bbwe\AppxManifest.xml'.
[12:15:00.4600484] [Error] PackageRepository.cs::AddPackage::97
    Could not find file 'C:\Program Files\WindowsApps\Microsoft.ScreenSketch_2022.2508.29.0_neutral_~_8wekyb3d8bbwe\AppxManifest.xml'.
[12:15:04.7412614] [Error] PackageRepository.cs::AddPackage::97
    Could not find file 'C:\Program Files\WindowsApps\Microsoft.StorePurchaseApp_22509.1401.1.0_neutral_~_8wekyb3d8bbwe\AppxManifest.xml'.
[12:16:40.9803428] [Error] PackageRepository.cs::AddPackage::97
    Could not find file 'C:\Program Files\WindowsApps\MicrosoftWindows.Client.WebExperience_525.28301.40.0_neutral_~_cw5n1h2txyewy\AppxManifest.xml'.
[12:18:53.5978511] [Error] PackageRepository.cs::AddPackage::97
    Could not find file 'C:\Program Files\WindowsApps\MicrosoftWindows.CrossDevice_1.25101.30.0_neutral_~_cw5n1h2txyewy\AppxManifest.xml'.
[12:19:10.8791858] [Error] PackageRepository.cs::AddPackage::97
    Could not find file 'C:\Program Files\WindowsApps\Microsoft.HEIFImageExtension_1.2.23.0_neutral_~_8wekyb3d8bbwe\AppxManifest.xml'.
[12:19:40.5342048] [Error] PackageRepository.cs::AddPackage::97
    Could not find file 'C:\Program Files\WindowsApps\Microsoft.Copilot_1.25103.108.0_neutral_~_8wekyb3d8bbwe\AppxManifest.xml'.
[12:19:54.0404669] [Error] PackageRepository.cs::AddPackage::97
    Could not find file 'C:\Program Files\WindowsApps\Microsoft.RawImageExtension_2.5.7.0_neutral_~_8wekyb3d8bbwe\AppxManifest.xml'.
[12:19:55.9221546] [Error] PackageRepository.cs::AddPackage::97
    Could not find file 'C:\Program Files\WindowsApps\Microsoft.MPEG2VideoExtension_1.2.13.0_neutral_~_8wekyb3d8bbwe\AppxManifest.xml'.
[12:21:38.2775407] [Error] PackageRepository.cs::AddPackage::97
    Could not find file 'C:\Program Files\WindowsApps\Microsoft.Windows.Photos_2025.11100.9001.0_neutral_~_8wekyb3d8bbwe\AppxManifest.xml'.
[13:43:47.0639291] [Error] UWPApplication.cs::TryLoadIndirectString::214
    Unable to load resource @{MicrosoftWindows.Client.CoreAI_1000.26100.4061.0_x64__cw5n1h2txyewy? ms-resource:///resources/AIXHost/ClickToDo/AppDisplayName} : ms-resource:AIXHost/ClickToDo/AppDisplayName : Unexpected HRESULT has been returned from a call to a COM component.
[13:43:47.1438387] [Error] UWPApplication.cs::TryLoadIndirectString::214
    Unable to load resource @{MicrosoftWindows.Client.CoreAI_1000.26100.4061.0_x64__cw5n1h2txyewy? ms-resource:///resources/AIXHost/ClickToDo/AppDescription} : ms-resource:AIXHost/ClickToDo/AppDescription : Unexpected HRESULT has been returned from a call to a COM component.
[13:43:49.8513928] [Trace] AllAppsPage.cs::AllAppsPage.BuildListItems took: 4 ms::90
[13:43:50.4952921] [Error] App.xaml.cs::ConfigureServices::137
    Couldn't load winget
[13:43:50.5178055] [Error] App.xaml.cs::ConfigureServices::138
    System.TypeInitializationException: A type initializer threw an exception. To determine which type, inspect the InnerException's StackTrace property.
 ---> System.Runtime.InteropServices.COMException (0x80040154): Unexpected HRESULT has been returned from a call to a COM component.
   at WindowsPackageManager.Interop.WindowsPackageManagerStandardFactory.CreateInstance[T](Guid, Guid) + 0xd6
   at WindowsPackageManager.Interop.WindowsPackageManagerFactory.CreateInstance[T]() + 0x61
   at Microsoft.CmdPal.Ext.WinGet.WinGetStatics..cctor() + 0x164
   at System.Runtime.CompilerServices.ClassConstructorRunner.EnsureClassConstructorRun(StaticClassConstructionContext*) + 0xba
   --- End of inner exception stack trace ---
   at System.Runtime.CompilerServices.ClassConstructorRunner.EnsureClassConstructorRun(StaticClassConstructionContext*) + 0x13c
   at System.Runtime.CompilerServices.ClassConstructorRunner.CheckStaticClassConstructionReturnNonGCStaticBase(StaticClassConstructionContext*, IntPtr) + 0xd
   at Microsoft.CmdPal.Ext.WinGet.WinGetExtensionCommandsProvider..ctor() + 0x25f
   at Microsoft.CmdPal.UI.App.ConfigureServices() + 0x1df
[13:44:00.9998005] [Error] PackageRepository.cs::AddPackage::97
    Could not find file 'C:\Program Files\WindowsApps\Microsoft.DesktopAppInstaller_2025.1021.1948.0_neutral_~_8wekyb3d8bbwe\AppxManifest.xml'.
[13:44:05.1231192] [Error] PackageRepository.cs::AddPackage::97
    Could not find file 'C:\Program Files\WindowsApps\Microsoft.WindowsNotepad_11.2507.26.0_neutral_~_8wekyb3d8bbwe\AppxManifest.xml'.
[14:15:23.4619062] [Error] PackageRepository.cs::AddPackage::97
    Could not find file 'C:\Program Files\WindowsApps\CanonicalGroupLimited.Ubuntu22.04LTS_2204.5.10021.0_neutral_~_79rhkp1fndgsc\AppxManifest.xml'.
[14:58:38.9322907] [Error] PackageRepository.cs::AddPackage::97
    Could not find file 'C:\Program Files\WindowsApps\Microsoft.Todos_2.148.3611.0_neutral_~_8wekyb3d8bbwe\AppxManifest.xml'.
[14:58:39.3843407] [Error] PackageRepository.cs::AddPackage::97
    Could not find file 'C:\Program Files\WindowsApps\Microsoft.Windows.DevHome_0.2101.858.0_neutral_~_8wekyb3d8bbwe\AppxManifest.xml'.
[14:58:43.4135860] [Error] PackageRepository.cs::AddPackage::97
    Could not find file 'C:\Program Files\WindowsApps\Microsoft.MicrosoftStickyNotes_6.1.4.0_neutral_~_8wekyb3d8bbwe\AppxManifest.xml'.
[14:59:00.1752608] [Error] PackageRepository.cs::AddPackage::97
    Could not find file 'C:\Program Files\WindowsApps\Microsoft.WindowsCamera_2022.2505.2.0_neutral_~_8wekyb3d8bbwe\AppxManifest.xml'.
[14:59:01.7258984] [Error] PackageRepository.cs::AddPackage::97
    Could not find file 'C:\Program Files\WindowsApps\Microsoft.WindowsSoundRecorder_2021.2504.0.0_neutral_~_8wekyb3d8bbwe\AppxManifest.xml'.
[14:59:03.4391654] [Error] PackageRepository.cs::AddPackage::97
    Could not find file 'C:\Program Files\WindowsApps\Microsoft.WindowsAlarms_2021.2507.1.0_neutral_~_8wekyb3d8bbwe\AppxManifest.xml'.
[14:59:13.9652058] [Error] PackageRepository.cs::AddPackage::97
    Could not find file 'C:\Program Files\WindowsApps\Microsoft.ScreenSketch_2022.2508.29.0_neutral_~_8wekyb3d8bbwe\AppxManifest.xml'.
[14:59:22.6560937] [Error] PackageRepository.cs::AddPackage::97
    Could not find file 'C:\Program Files\WindowsApps\Microsoft.BingWeather_4.54.63029.0_neutral_~_8wekyb3d8bbwe\AppxManifest.xml'.
[14:59:29.3648383] [Error] PackageRepository.cs::AddPackage::97
    Could not find file 'C:\Program Files\WindowsApps\Microsoft.WindowsCalculator_2021.2508.1.0_neutral_~_8wekyb3d8bbwe\AppxManifest.xml'.
[14:59:31.5505472] [Error] PackageRepository.cs::AddPackage::97
    Could not find file 'C:\Program Files\WindowsApps\Microsoft.Copilot_1.25103.108.0_neutral_~_8wekyb3d8bbwe\AppxManifest.xml'.
[15:00:18.5921965] [Error] PackageRepository.cs::AddPackage::97
    Could not find file 'C:\Program Files\WindowsApps\MicrosoftWindows.CrossDevice_1.25101.30.0_neutral_~_cw5n1h2txyewy\AppxManifest.xml'.
[15:00:35.9718962] [Error] PackageRepository.cs::AddPackage::97
    Could not find file 'C:\Program Files\WindowsApps\Microsoft.Windows.Photos_2025.11100.29001.0_neutral_~_8wekyb3d8bbwe\AppxManifest.xml'.
[15:00:38.2566288] [Error] PackageRepository.cs::AddPackage::97
    Could not find file 'C:\Program Files\WindowsApps\Microsoft.Paint_11.2509.441.0_neutral_~_8wekyb3d8bbwe\AppxManifest.xml'.
[17:33:33.6255291] [Error] PackageRepository.cs::AddPackage::97
    Could not find file 'C:\Program Files\WindowsApps\Microsoft.WindowsNotepad_11.2508.38.0_neutral_~_8wekyb3d8bbwe\AppxManifest.xml'.
