[14:27:19.4927552] [Error] UWPApplication.cs::TryLoadIndirectString::214
    Unable to load resource @{MicrosoftWindows.Client.CoreAI_1000.26100.4061.0_x64__cw5n1h2txyewy? ms-resource:///resources/AIXHost/ClickToDo/AppDisplayName} : ms-resource:AIXHost/ClickToDo/AppDisplayName : Unexpected HRESULT has been returned from a call to a COM component.
[14:27:19.5195772] [Error] UWPApplication.cs::TryLoadIndirectString::214
    Unable to load resource @{MicrosoftWindows.Client.CoreAI_1000.26100.4061.0_x64__cw5n1h2txyewy? ms-resource:///resources/AIXHost/ClickToDo/AppDescription} : ms-resource:AIXHost/ClickToDo/AppDescription : Unexpected HRESULT has been returned from a call to a COM component.
[14:27:21.1857815] [Trace] AllAppsPage.cs::AllAppsPage.BuildListItems took: 1 ms::90
[14:27:21.5142580] [Error] App.xaml.cs::ConfigureServices::137
    Couldn't load winget
[14:27:21.5431038] [Error] App.xaml.cs::ConfigureServices::138
    System.TypeInitializationException: A type initializer threw an exception. To determine which type, inspect the InnerException's StackTrace property.
 ---> System.Runtime.InteropServices.COMException (0x80040154): Unexpected HRESULT has been returned from a call to a COM component.
   at WindowsPackageManager.Interop.WindowsPackageManagerStandardFactory.CreateInstance[T](Guid, Guid) + 0xd6
   at WindowsPackageManager.Interop.WindowsPackageManagerFactory.CreateInstance[T]() + 0x61
   at Microsoft.CmdPal.Ext.WinGet.WinGetStatics..cctor() + 0x164
   at System.Runtime.CompilerServices.ClassConstructorRunner.EnsureClassConstructorRun(StaticClassConstructionContext*) + 0xba
   --- End of inner exception stack trace ---
   at System.Runtime.CompilerServices.ClassConstructorRunner.EnsureClassConstructorRun(StaticClassConstructionContext*) + 0x13c
   at System.Runtime.CompilerServices.ClassConstructorRunner.CheckStaticClassConstructionReturnNonGCStaticBase(StaticClassConstructionContext*, IntPtr) + 0xd
   at Microsoft.CmdPal.Ext.WinGet.WinGetExtensionCommandsProvider..ctor() + 0x25f
   at Microsoft.CmdPal.UI.App.ConfigureServices() + 0x1df
[16:18:06.8042087] [Error] PackageRepository.cs::AddPackage::97
    Could not find file 'C:\Program Files\WindowsApps\MicrosoftWindows.CrossDevice_1.25101.31.0_neutral_~_cw5n1h2txyewy\AppxManifest.xml'.
[09:37:39.5774169] [Error] PackageRepository.cs::AddPackage::97
    Could not find file 'C:\Program Files\WindowsApps\Microsoft.ApplicationCompatibilityEnhancements_1.2511.9.0_neutral_~_8wekyb3d8bbwe\AppxManifest.xml'.
